[1.289s] Invoking command in '/home/joergen/ros2_udemy/build/my_py_pkg': PYTHONPATH=/home/joergen/ros2_udemy/build/my_py_pkg/prefix_override:/home/joergen/ros2_udemy/install/my_py_pkg/lib/python3.10/site-packages:${PYTHONPATH} /usr/bin/python3 setup.py develop --uninstall --editable --build-directory /home/joergen/ros2_udemy/build/my_py_pkg/build
[1.821s] running develop
[2.215s] Invoked command in '/home/joergen/ros2_udemy/build/my_py_pkg' returned '0': PYTHONPATH=/home/joergen/ros2_udemy/build/my_py_pkg/prefix_override:/home/joergen/ros2_udemy/install/my_py_pkg/lib/python3.10/site-packages:${PYTHONPATH} /usr/bin/python3 setup.py develop --uninstall --editable --build-directory /home/joergen/ros2_udemy/build/my_py_pkg/build
[2.219s] Invoking command in '/home/joergen/ros2_udemy/src/my_py_pkg': PYTHONPATH=/home/joergen/ros2_udemy/build/my_py_pkg/prefix_override:/home/joergen/ros2_udemy/install/my_py_pkg/lib/python3.10/site-packages:${PYTHONPATH} /usr/bin/python3 setup.py egg_info --egg-base ../../build/my_py_pkg build --build-base /home/joergen/ros2_udemy/build/my_py_pkg/build install --record /home/joergen/ros2_udemy/build/my_py_pkg/install.log --single-version-externally-managed
[2.720s] running egg_info
[2.721s] writing ../../build/my_py_pkg/my_py_pkg.egg-info/PKG-INFO
[2.722s] writing dependency_links to ../../build/my_py_pkg/my_py_pkg.egg-info/dependency_links.txt
[2.722s] writing entry points to ../../build/my_py_pkg/my_py_pkg.egg-info/entry_points.txt
[2.723s] writing requirements to ../../build/my_py_pkg/my_py_pkg.egg-info/requires.txt
[2.723s] writing top-level names to ../../build/my_py_pkg/my_py_pkg.egg-info/top_level.txt
[2.727s] reading manifest file '../../build/my_py_pkg/my_py_pkg.egg-info/SOURCES.txt'
[2.729s] writing manifest file '../../build/my_py_pkg/my_py_pkg.egg-info/SOURCES.txt'
[2.729s] running build
[2.729s] running build_py
[2.729s] copying my_py_pkg/number_counter.py -> /home/joergen/ros2_udemy/build/my_py_pkg/build/lib/my_py_pkg
[2.730s] running install
[2.731s] running install_lib
[2.732s] copying /home/joergen/ros2_udemy/build/my_py_pkg/build/lib/my_py_pkg/number_counter.py -> /home/joergen/ros2_udemy/install/my_py_pkg/lib/python3.10/site-packages/my_py_pkg
[2.733s] byte-compiling /home/joergen/ros2_udemy/install/my_py_pkg/lib/python3.10/site-packages/my_py_pkg/number_counter.py to number_counter.cpython-310.pyc
[2.735s] running install_data
[2.736s] running install_egg_info
[2.739s] removing '/home/joergen/ros2_udemy/install/my_py_pkg/lib/python3.10/site-packages/my_py_pkg-0.0.0-py3.10.egg-info' (and everything under it)
[2.740s] Copying ../../build/my_py_pkg/my_py_pkg.egg-info to /home/joergen/ros2_udemy/install/my_py_pkg/lib/python3.10/site-packages/my_py_pkg-0.0.0-py3.10.egg-info
[2.741s] running install_scripts
[2.778s] Installing number_publisher script to /home/joergen/ros2_udemy/install/my_py_pkg/lib/my_py_pkg
[2.778s] Installing py_node script to /home/joergen/ros2_udemy/install/my_py_pkg/lib/my_py_pkg
[2.778s] Installing robot_news_station script to /home/joergen/ros2_udemy/install/my_py_pkg/lib/my_py_pkg
[2.779s] Installing smartphone script to /home/joergen/ros2_udemy/install/my_py_pkg/lib/my_py_pkg
[2.780s] writing list of installed files to '/home/joergen/ros2_udemy/build/my_py_pkg/install.log'
[2.824s] Invoked command in '/home/joergen/ros2_udemy/src/my_py_pkg' returned '0': PYTHONPATH=/home/joergen/ros2_udemy/build/my_py_pkg/prefix_override:/home/joergen/ros2_udemy/install/my_py_pkg/lib/python3.10/site-packages:${PYTHONPATH} /usr/bin/python3 setup.py egg_info --egg-base ../../build/my_py_pkg build --build-base /home/joergen/ros2_udemy/build/my_py_pkg/build install --record /home/joergen/ros2_udemy/build/my_py_pkg/install.log --single-version-externally-managed
