[0.050s] Invoking command in '/home/joergen/ros2_udemy/build/my_cpp_pkg': CMAKE_PREFIX_PATH=${CMAKE_PREFIX_PATH}:/home/joergen/ros2_udemy/install/my_py_pkg:/opt/ros/humble /home/joergen/.local/bin/cmake --build /home/joergen/ros2_udemy/build/my_cpp_pkg -- -j8 -l8
[0.160s] [100%] Built target cpp_node
[0.177s] Invoked command in '/home/joergen/ros2_udemy/build/my_cpp_pkg' returned '0': CMAKE_PREFIX_PATH=${CMAKE_PREFIX_PATH}:/home/joergen/ros2_udemy/install/my_py_pkg:/opt/ros/humble /home/joergen/.local/bin/cmake --build /home/joergen/ros2_udemy/build/my_cpp_pkg -- -j8 -l8
[0.322s] Invoking command in '/home/joergen/ros2_udemy/build/my_cpp_pkg': CMAKE_PREFIX_PATH=${CMAKE_PREFIX_PATH}:/home/joergen/ros2_udemy/install/my_py_pkg:/opt/ros/humble /home/joergen/.local/bin/cmake --install /home/joergen/ros2_udemy/build/my_cpp_pkg
[0.386s] -- Install configuration: ""
[0.387s] -- Up-to-date: /home/joergen/ros2_udemy/install/my_cpp_pkg/lib/my_cpp_pkg/cpp_node
[0.388s] -- Up-to-date: /home/joergen/ros2_udemy/install/my_cpp_pkg/share/ament_index/resource_index/package_run_dependencies/my_cpp_pkg
[0.388s] -- Up-to-date: /home/joergen/ros2_udemy/install/my_cpp_pkg/share/ament_index/resource_index/parent_prefix_path/my_cpp_pkg
[0.388s] -- Up-to-date: /home/joergen/ros2_udemy/install/my_cpp_pkg/share/my_cpp_pkg/environment/ament_prefix_path.sh
[0.389s] -- Up-to-date: /home/joergen/ros2_udemy/install/my_cpp_pkg/share/my_cpp_pkg/environment/ament_prefix_path.dsv
[0.389s] -- Up-to-date: /home/joergen/ros2_udemy/install/my_cpp_pkg/share/my_cpp_pkg/environment/path.sh
[0.390s] -- Up-to-date: /home/joergen/ros2_udemy/install/my_cpp_pkg/share/my_cpp_pkg/environment/path.dsv
[0.390s] -- Up-to-date: /home/joergen/ros2_udemy/install/my_cpp_pkg/share/my_cpp_pkg/local_setup.bash
[0.390s] -- Up-to-date: /home/joergen/ros2_udemy/install/my_cpp_pkg/share/my_cpp_pkg/local_setup.sh
[0.390s] -- Up-to-date: /home/joergen/ros2_udemy/install/my_cpp_pkg/share/my_cpp_pkg/local_setup.zsh
[0.390s] -- Up-to-date: /home/joergen/ros2_udemy/install/my_cpp_pkg/share/my_cpp_pkg/local_setup.dsv
[0.390s] -- Installing: /home/joergen/ros2_udemy/install/my_cpp_pkg/share/my_cpp_pkg/package.dsv
[0.391s] -- Up-to-date: /home/joergen/ros2_udemy/install/my_cpp_pkg/share/ament_index/resource_index/packages/my_cpp_pkg
[0.391s] -- Up-to-date: /home/joergen/ros2_udemy/install/my_cpp_pkg/share/my_cpp_pkg/cmake/my_cpp_pkgConfig.cmake
[0.391s] -- Up-to-date: /home/joergen/ros2_udemy/install/my_cpp_pkg/share/my_cpp_pkg/cmake/my_cpp_pkgConfig-version.cmake
[0.391s] -- Up-to-date: /home/joergen/ros2_udemy/install/my_cpp_pkg/share/my_cpp_pkg/package.xml
[0.400s] Invoked command in '/home/joergen/ros2_udemy/build/my_cpp_pkg' returned '0': CMAKE_PREFIX_PATH=${CMAKE_PREFIX_PATH}:/home/joergen/ros2_udemy/install/my_py_pkg:/opt/ros/humble /home/joergen/.local/bin/cmake --install /home/joergen/ros2_udemy/build/my_cpp_pkg
