[1.257s] Invoking command in '/home/joergen/ros2_udemy/build/my_py_pkg': PYTHONPATH=/home/joergen/ros2_udemy/build/my_py_pkg/prefix_override:/home/joergen/ros2_udemy/install/my_py_pkg/lib/python3.10/site-packages:${PYTHONPATH} /usr/bin/python3 setup.py develop --editable --build-directory /home/joergen/ros2_udemy/build/my_py_pkg/build --no-deps install_data
[1.633s] running develop
[1.828s] running egg_info
[1.828s] writing my_py_pkg.egg-info/PKG-INFO
[1.829s] writing dependency_links to my_py_pkg.egg-info/dependency_links.txt
[1.829s] writing entry points to my_py_pkg.egg-info/entry_points.txt
[1.829s] writing requirements to my_py_pkg.egg-info/requires.txt
[1.829s] writing top-level names to my_py_pkg.egg-info/top_level.txt
[1.833s] reading manifest file 'my_py_pkg.egg-info/SOURCES.txt'
[1.835s] writing manifest file 'my_py_pkg.egg-info/SOURCES.txt'
[1.838s] running build_ext
[1.839s] Creating /home/joergen/ros2_udemy/install/my_py_pkg/lib/python3.10/site-packages/my-py-pkg.egg-link (link to .)
[1.841s] Installing add_two_ints_client_no_oop script to /home/joergen/ros2_udemy/install/my_py_pkg/lib/my_py_pkg
[1.844s] Installing add_two_ints_server script to /home/joergen/ros2_udemy/install/my_py_pkg/lib/my_py_pkg
[1.844s] Installing number_counter script to /home/joergen/ros2_udemy/install/my_py_pkg/lib/my_py_pkg
[1.844s] Installing number_publisher script to /home/joergen/ros2_udemy/install/my_py_pkg/lib/my_py_pkg
[1.844s] Installing py_node script to /home/joergen/ros2_udemy/install/my_py_pkg/lib/my_py_pkg
[1.844s] Installing robot_news_station script to /home/joergen/ros2_udemy/install/my_py_pkg/lib/my_py_pkg
[1.844s] Installing smartphone script to /home/joergen/ros2_udemy/install/my_py_pkg/lib/my_py_pkg
[1.845s] 
[1.845s] Installed /home/joergen/ros2_udemy/build/my_py_pkg
[1.845s] running install_data
[1.904s] Invoked command in '/home/joergen/ros2_udemy/build/my_py_pkg' returned '0': PYTHONPATH=/home/joergen/ros2_udemy/build/my_py_pkg/prefix_override:/home/joergen/ros2_udemy/install/my_py_pkg/lib/python3.10/site-packages:${PYTHONPATH} /usr/bin/python3 setup.py develop --editable --build-directory /home/joergen/ros2_udemy/build/my_py_pkg/build --no-deps install_data
