[1.276s] Invoking command in '/home/joergen/ros2_udemy/build/my_py_pkg': PYTHONPATH=/home/joergen/ros2_udemy/build/my_py_pkg/prefix_override:/home/joergen/ros2_udemy/install/my_py_pkg/lib/python3.10/site-packages:${PYTHONPATH} /usr/bin/python3 setup.py develop --editable --build-directory /home/joergen/ros2_udemy/build/my_py_pkg/build --no-deps install_data
[1.810s] running develop
[2.114s] running egg_info
[2.115s] writing my_py_pkg.egg-info/PKG-INFO
[2.115s] writing dependency_links to my_py_pkg.egg-info/dependency_links.txt
[2.116s] writing entry points to my_py_pkg.egg-info/entry_points.txt
[2.116s] writing requirements to my_py_pkg.egg-info/requires.txt
[2.116s] writing top-level names to my_py_pkg.egg-info/top_level.txt
[2.121s] reading manifest file 'my_py_pkg.egg-info/SOURCES.txt'
[2.123s] writing manifest file 'my_py_pkg.egg-info/SOURCES.txt'
[2.126s] running build_ext
[2.126s] Creating /home/joergen/ros2_udemy/install/my_py_pkg/lib/python3.10/site-packages/my-py-pkg.egg-link (link to .)
[2.127s] Installing number_counter script to /home/joergen/ros2_udemy/install/my_py_pkg/lib/my_py_pkg
[2.129s] Installing number_publisher script to /home/joergen/ros2_udemy/install/my_py_pkg/lib/my_py_pkg
[2.129s] Installing py_node script to /home/joergen/ros2_udemy/install/my_py_pkg/lib/my_py_pkg
[2.129s] Installing robot_news_station script to /home/joergen/ros2_udemy/install/my_py_pkg/lib/my_py_pkg
[2.130s] Installing smartphone script to /home/joergen/ros2_udemy/install/my_py_pkg/lib/my_py_pkg
[2.130s] 
[2.130s] Installed /home/joergen/ros2_udemy/build/my_py_pkg
[2.131s] running install_data
[2.190s] Invoked command in '/home/joergen/ros2_udemy/build/my_py_pkg' returned '0': PYTHONPATH=/home/joergen/ros2_udemy/build/my_py_pkg/prefix_override:/home/joergen/ros2_udemy/install/my_py_pkg/lib/python3.10/site-packages:${PYTHONPATH} /usr/bin/python3 setup.py develop --editable --build-directory /home/joergen/ros2_udemy/build/my_py_pkg/build --no-deps install_data
