[1.269s] Invoking command in '/home/joergen/ros2_udemy/src/my_py_pkg': PYTHONPATH=/home/joergen/ros2_udemy/build/my_py_pkg/prefix_override:/home/joergen/ros2_udemy/install/my_py_pkg/lib/python3.10/site-packages:${PYTHONPATH} /usr/bin/python3 setup.py egg_info --egg-base ../../build/my_py_pkg build --build-base /home/joergen/ros2_udemy/build/my_py_pkg/build install --record /home/joergen/ros2_udemy/build/my_py_pkg/install.log --single-version-externally-managed
[1.779s] running egg_info
[1.781s] creating ../../build/my_py_pkg/my_py_pkg.egg-info
[1.781s] writing ../../build/my_py_pkg/my_py_pkg.egg-info/PKG-INFO
[1.782s] writing dependency_links to ../../build/my_py_pkg/my_py_pkg.egg-info/dependency_links.txt
[1.782s] writing entry points to ../../build/my_py_pkg/my_py_pkg.egg-info/entry_points.txt
[1.782s] writing requirements to ../../build/my_py_pkg/my_py_pkg.egg-info/requires.txt
[1.782s] writing top-level names to ../../build/my_py_pkg/my_py_pkg.egg-info/top_level.txt
[1.782s] writing manifest file '../../build/my_py_pkg/my_py_pkg.egg-info/SOURCES.txt'
[1.786s] reading manifest file '../../build/my_py_pkg/my_py_pkg.egg-info/SOURCES.txt'
[1.787s] writing manifest file '../../build/my_py_pkg/my_py_pkg.egg-info/SOURCES.txt'
[1.787s] running build
[1.787s] running build_py
[1.787s] creating /home/joergen/ros2_udemy/build/my_py_pkg/build
[1.788s] creating /home/joergen/ros2_udemy/build/my_py_pkg/build/lib
[1.788s] creating /home/joergen/ros2_udemy/build/my_py_pkg/build/lib/my_py_pkg
[1.788s] copying my_py_pkg/__init__.py -> /home/joergen/ros2_udemy/build/my_py_pkg/build/lib/my_py_pkg
[1.788s] running install
[1.788s] running install_lib
[1.789s] creating /home/joergen/ros2_udemy/install/my_py_pkg/lib/python3.10/site-packages/my_py_pkg
[1.789s] copying /home/joergen/ros2_udemy/build/my_py_pkg/build/lib/my_py_pkg/__init__.py -> /home/joergen/ros2_udemy/install/my_py_pkg/lib/python3.10/site-packages/my_py_pkg
[1.789s] byte-compiling /home/joergen/ros2_udemy/install/my_py_pkg/lib/python3.10/site-packages/my_py_pkg/__init__.py to __init__.cpython-310.pyc
[1.790s] running install_data
[1.790s] creating /home/joergen/ros2_udemy/install/my_py_pkg/share/ament_index
[1.790s] creating /home/joergen/ros2_udemy/install/my_py_pkg/share/ament_index/resource_index
[1.790s] creating /home/joergen/ros2_udemy/install/my_py_pkg/share/ament_index/resource_index/packages
[1.790s] copying resource/my_py_pkg -> /home/joergen/ros2_udemy/install/my_py_pkg/share/ament_index/resource_index/packages
[1.790s] copying package.xml -> /home/joergen/ros2_udemy/install/my_py_pkg/share/my_py_pkg
[1.790s] running install_egg_info
[1.790s] Copying ../../build/my_py_pkg/my_py_pkg.egg-info to /home/joergen/ros2_udemy/install/my_py_pkg/lib/python3.10/site-packages/my_py_pkg-0.0.0-py3.10.egg-info
[1.792s] running install_scripts
[1.816s] writing list of installed files to '/home/joergen/ros2_udemy/build/my_py_pkg/install.log'
[1.858s] Invoked command in '/home/joergen/ros2_udemy/src/my_py_pkg' returned '0': PYTHONPATH=/home/joergen/ros2_udemy/build/my_py_pkg/prefix_override:/home/joergen/ros2_udemy/install/my_py_pkg/lib/python3.10/site-packages:${PYTHONPATH} /usr/bin/python3 setup.py egg_info --egg-base ../../build/my_py_pkg build --build-base /home/joergen/ros2_udemy/build/my_py_pkg/build install --record /home/joergen/ros2_udemy/build/my_py_pkg/install.log --single-version-externally-managed
