[0.020s] Invoking command in '/home/joergen/ros2_udemy/build/my_robot_interfaces': CMAKE_PREFIX_PATH=${CMAKE_PREFIX_PATH}:/home/joergen/ros2_udemy/install/my_py_pkg:/opt/ros/humble /home/joergen/.local/bin/cmake --build /home/joergen/ros2_udemy/build/my_robot_interfaces -- -j8 -l8
[0.096s] -- Found ament_cmake: 1.3.4 (/opt/ros/humble/share/ament_cmake/cmake)
[0.331s] -- Found rosidl_default_generators: 1.2.0 (/opt/ros/humble/share/rosidl_default_generators/cmake)
[0.336s] -- Using all available rosidl_typesupport_c: rosidl_typesupport_fastrtps_c;rosidl_typesupport_introspection_c
[0.344s] -- Found rosidl_adapter: 3.1.4 (/opt/ros/humble/share/rosidl_adapter/cmake)
[0.427s] -- Using all available rosidl_typesupport_cpp: rosidl_typesupport_fastrtps_cpp;rosidl_typesupport_introspection_cpp
[0.909s] -- Found ament_cmake_ros: 0.10.0 (/opt/ros/humble/share/ament_cmake_ros/cmake)
[1.073s] -- Using all available rosidl_typesupport_c: rosidl_typesupport_fastrtps_c;rosidl_typesupport_introspection_c
[1.283s] -- Using all available rosidl_typesupport_cpp: rosidl_typesupport_fastrtps_cpp;rosidl_typesupport_introspection_cpp
[1.322s] -- Found python_cmake_module: 0.10.0 (/opt/ros/humble/share/python_cmake_module/cmake)
[1.365s] -- Using PYTHON_EXECUTABLE: /usr/bin/python3
[1.365s] -- Using PYTHON_INCLUDE_DIRS: /usr/include/python3.10
[1.365s] -- Using PYTHON_LIBRARIES: /usr/lib/x86_64-linux-gnu/libpython3.10.so
[1.406s] -- Configuring done
[1.499s] -- Generating done
[1.506s] -- Build files have been written to: /home/joergen/ros2_udemy/build/my_robot_interfaces
[1.527s] [  1%] [34m[1mGenerating C code for ROS interfaces[0m
[1.534s] [  3%] [34m[1mGenerating C++ code for ROS interfaces[0m
[1.542s] [  3%] Built target ament_cmake_python_copy_my_robot_interfaces
[2.088s] running egg_info
[2.089s] writing my_robot_interfaces.egg-info/PKG-INFO
[2.090s] writing dependency_links to my_robot_interfaces.egg-info/dependency_links.txt
[2.090s] writing top-level names to my_robot_interfaces.egg-info/top_level.txt
[2.097s] reading manifest file 'my_robot_interfaces.egg-info/SOURCES.txt'
[2.099s] writing manifest file 'my_robot_interfaces.egg-info/SOURCES.txt'
[2.142s] [  3%] Built target ament_cmake_python_build_my_robot_interfaces_egg
[2.404s] [  3%] Built target my_robot_interfaces__cpp
[2.412s] [  7%] [34m[1mGenerating C++ type support dispatch for ROS interfaces[0m
[2.412s] [  7%] [34m[1mGenerating C++ type support for eProsima Fast-RTPS[0m
[2.415s] [  9%] [34m[1mGenerating C++ introspection for ROS interfaces[0m
[2.453s] [ 10%] [32mBuilding C object CMakeFiles/my_robot_interfaces__rosidl_generator_c.dir/rosidl_generator_c/my_robot_interfaces/msg/detail/hardware_status__functions.c.o[0m
[2.454s] [ 14%] [32mBuilding C object CMakeFiles/my_robot_interfaces__rosidl_generator_c.dir/rosidl_generator_c/my_robot_interfaces/srv/detail/compute_rectangle_area__functions.c.o[0m
[2.454s] [ 14%] [32mBuilding C object CMakeFiles/my_robot_interfaces__rosidl_generator_c.dir/rosidl_generator_c/my_robot_interfaces/srv/detail/set_led__functions.c.o[0m
[2.454s] [ 16%] [32mBuilding C object CMakeFiles/my_robot_interfaces__rosidl_generator_c.dir/rosidl_generator_c/my_robot_interfaces/msg/detail/led_states__functions.c.o[0m
[2.631s] [ 18%] [32m[1mLinking C shared library libmy_robot_interfaces__rosidl_generator_c.so[0m
[2.659s] [ 18%] Built target my_robot_interfaces__rosidl_generator_c
[2.672s] [ 20%] [34m[1mGenerating C type support for eProsima Fast-RTPS[0m
[2.672s] [ 21%] [34m[1mGenerating C introspection for ROS interfaces[0m
[2.679s] [ 23%] [34m[1mGenerating C type support dispatch for ROS interfaces[0m
[3.010s] [ 25%] [32mBuilding CXX object CMakeFiles/my_robot_interfaces__rosidl_typesupport_cpp.dir/rosidl_typesupport_cpp/my_robot_interfaces/msg/hardware_status__type_support.cpp.o[0m
[3.012s] [ 29%] [32mBuilding CXX object CMakeFiles/my_robot_interfaces__rosidl_typesupport_cpp.dir/rosidl_typesupport_cpp/my_robot_interfaces/msg/led_states__type_support.cpp.o[0m
[3.012s] [ 29%] [32mBuilding CXX object CMakeFiles/my_robot_interfaces__rosidl_typesupport_cpp.dir/rosidl_typesupport_cpp/my_robot_interfaces/srv/compute_rectangle_area__type_support.cpp.o[0m
[3.090s] [ 30%] [32mBuilding CXX object CMakeFiles/my_robot_interfaces__rosidl_typesupport_introspection_cpp.dir/rosidl_typesupport_introspection_cpp/my_robot_interfaces/msg/detail/hardware_status__type_support.cpp.o[0m
[3.191s] [ 32%] [32mBuilding CXX object CMakeFiles/my_robot_interfaces__rosidl_typesupport_c.dir/rosidl_typesupport_c/my_robot_interfaces/msg/hardware_status__type_support.cpp.o[0m
[3.223s] [ 34%] [32mBuilding CXX object CMakeFiles/my_robot_interfaces__rosidl_typesupport_fastrtps_cpp.dir/rosidl_typesupport_fastrtps_cpp/my_robot_interfaces/msg/detail/dds_fastrtps/hardware_status__type_support.cpp.o[0m
[3.228s] [ 36%] [32mBuilding CXX object CMakeFiles/my_robot_interfaces__rosidl_typesupport_c.dir/rosidl_typesupport_c/my_robot_interfaces/srv/compute_rectangle_area__type_support.cpp.o[0m
[3.275s] [ 38%] [32mBuilding CXX object CMakeFiles/my_robot_interfaces__rosidl_typesupport_c.dir/rosidl_typesupport_c/my_robot_interfaces/msg/led_states__type_support.cpp.o[0m
[3.295s] [ 40%] [32mBuilding C object CMakeFiles/my_robot_interfaces__rosidl_typesupport_introspection_c.dir/rosidl_typesupport_introspection_c/my_robot_interfaces/msg/detail/hardware_status__type_support.c.o[0m
[3.319s] [ 41%] [32mBuilding CXX object CMakeFiles/my_robot_interfaces__rosidl_typesupport_c.dir/rosidl_typesupport_c/my_robot_interfaces/srv/set_led__type_support.cpp.o[0m
[3.326s] [ 43%] [32mBuilding C object CMakeFiles/my_robot_interfaces__rosidl_typesupport_introspection_c.dir/rosidl_typesupport_introspection_c/my_robot_interfaces/srv/detail/compute_rectangle_area__type_support.c.o[0m
[3.352s] [ 45%] [32mBuilding CXX object CMakeFiles/my_robot_interfaces__rosidl_typesupport_fastrtps_c.dir/rosidl_typesupport_fastrtps_c/my_robot_interfaces/msg/detail/hardware_status__type_support_c.cpp.o[0m
[3.358s] [ 47%] [32m[1mLinking CXX shared library libmy_robot_interfaces__rosidl_typesupport_c.so[0m
[3.365s] [ 49%] [32mBuilding C object CMakeFiles/my_robot_interfaces__rosidl_typesupport_introspection_c.dir/rosidl_typesupport_introspection_c/my_robot_interfaces/msg/detail/led_states__type_support.c.o[0m
[3.400s] [ 49%] Built target my_robot_interfaces__rosidl_typesupport_c
[3.408s] [ 50%] [32mBuilding C object CMakeFiles/my_robot_interfaces__rosidl_typesupport_introspection_c.dir/rosidl_typesupport_introspection_c/my_robot_interfaces/srv/detail/set_led__type_support.c.o[0m
[3.408s] [ 52%] [32mBuilding CXX object CMakeFiles/my_robot_interfaces__rosidl_typesupport_fastrtps_c.dir/rosidl_typesupport_fastrtps_c/my_robot_interfaces/srv/detail/compute_rectangle_area__type_support_c.cpp.o[0m
[3.410s] [ 54%] [32mBuilding CXX object CMakeFiles/my_robot_interfaces__rosidl_typesupport_fastrtps_c.dir/rosidl_typesupport_fastrtps_c/my_robot_interfaces/msg/detail/led_states__type_support_c.cpp.o[0m
[3.429s] [ 56%] [32mBuilding CXX object CMakeFiles/my_robot_interfaces__rosidl_typesupport_introspection_cpp.dir/rosidl_typesupport_introspection_cpp/my_robot_interfaces/srv/detail/compute_rectangle_area__type_support.cpp.o[0m
[3.439s] [ 58%] [32mBuilding CXX object CMakeFiles/my_robot_interfaces__rosidl_typesupport_cpp.dir/rosidl_typesupport_cpp/my_robot_interfaces/srv/set_led__type_support.cpp.o[0m
[3.456s] [ 60%] [32m[1mLinking C shared library libmy_robot_interfaces__rosidl_typesupport_introspection_c.so[0m
[3.588s] [ 60%] Built target my_robot_interfaces__rosidl_typesupport_introspection_c
[3.617s] [ 61%] [32mBuilding CXX object CMakeFiles/my_robot_interfaces__rosidl_typesupport_introspection_cpp.dir/rosidl_typesupport_introspection_cpp/my_robot_interfaces/msg/detail/led_states__type_support.cpp.o[0m
[3.638s] [ 63%] [32mBuilding CXX object CMakeFiles/my_robot_interfaces__rosidl_typesupport_introspection_cpp.dir/rosidl_typesupport_introspection_cpp/my_robot_interfaces/srv/detail/set_led__type_support.cpp.o[0m
[3.804s] [ 65%] [32mBuilding CXX object CMakeFiles/my_robot_interfaces__rosidl_typesupport_fastrtps_cpp.dir/rosidl_typesupport_fastrtps_cpp/my_robot_interfaces/srv/detail/dds_fastrtps/compute_rectangle_area__type_support.cpp.o[0m
[3.840s] [ 67%] [32m[1mLinking CXX shared library libmy_robot_interfaces__rosidl_typesupport_cpp.so[0m
[3.845s] [ 69%] [32mBuilding CXX object CMakeFiles/my_robot_interfaces__rosidl_typesupport_fastrtps_c.dir/rosidl_typesupport_fastrtps_c/my_robot_interfaces/srv/detail/set_led__type_support_c.cpp.o[0m
[3.882s] [ 70%] [32mBuilding CXX object CMakeFiles/my_robot_interfaces__rosidl_typesupport_fastrtps_cpp.dir/rosidl_typesupport_fastrtps_cpp/my_robot_interfaces/msg/detail/dds_fastrtps/led_states__type_support.cpp.o[0m
[3.886s] [ 70%] Built target my_robot_interfaces__rosidl_typesupport_cpp
[3.892s] [ 72%] [32mBuilding CXX object CMakeFiles/my_robot_interfaces__rosidl_typesupport_fastrtps_cpp.dir/rosidl_typesupport_fastrtps_cpp/my_robot_interfaces/srv/detail/dds_fastrtps/set_led__type_support.cpp.o[0m
[4.214s] [ 74%] [32m[1mLinking CXX shared library libmy_robot_interfaces__rosidl_typesupport_introspection_cpp.so[0m
[4.258s] [ 76%] [32m[1mLinking CXX shared library libmy_robot_interfaces__rosidl_typesupport_fastrtps_c.so[0m
[4.312s] [ 76%] Built target my_robot_interfaces__rosidl_typesupport_introspection_cpp
[4.340s] [ 76%] Built target my_robot_interfaces__rosidl_typesupport_fastrtps_c
[4.451s] [ 78%] [32m[1mLinking CXX shared library libmy_robot_interfaces__rosidl_typesupport_fastrtps_cpp.so[0m
[4.516s] [ 78%] Built target my_robot_interfaces__rosidl_typesupport_fastrtps_cpp
[4.524s] [ 78%] Built target my_robot_interfaces
[4.532s] [ 80%] [34m[1mGenerating Python code for ROS interfaces[0m
[5.686s] [ 80%] Built target my_robot_interfaces__py
[5.718s] [ 81%] [32mBuilding C object CMakeFiles/my_robot_interfaces__rosidl_generator_py.dir/rosidl_generator_py/my_robot_interfaces/msg/_hardware_status_s.c.o[0m
[5.719s] [ 83%] [32mBuilding C object CMakeFiles/my_robot_interfaces__rosidl_generator_py.dir/rosidl_generator_py/my_robot_interfaces/srv/_compute_rectangle_area_s.c.o[0m
[5.719s] [ 85%] [32mBuilding C object CMakeFiles/my_robot_interfaces__rosidl_generator_py.dir/rosidl_generator_py/my_robot_interfaces/msg/_led_states_s.c.o[0m
[5.721s] [ 87%] [32mBuilding C object CMakeFiles/my_robot_interfaces__rosidl_generator_py.dir/rosidl_generator_py/my_robot_interfaces/srv/_set_led_s.c.o[0m
[5.969s] [ 89%] [32m[1mLinking C shared library rosidl_generator_py/my_robot_interfaces/libmy_robot_interfaces__rosidl_generator_py.so[0m
[6.022s] [ 89%] Built target my_robot_interfaces__rosidl_generator_py
[6.043s] [ 90%] [32mBuilding C object CMakeFiles/my_robot_interfaces__rosidl_typesupport_c__pyext.dir/rosidl_generator_py/my_robot_interfaces/_my_robot_interfaces_s.ep.rosidl_typesupport_c.c.o[0m
[6.045s] [ 92%] [32mBuilding C object CMakeFiles/my_robot_interfaces__rosidl_typesupport_fastrtps_c__pyext.dir/rosidl_generator_py/my_robot_interfaces/_my_robot_interfaces_s.ep.rosidl_typesupport_fastrtps_c.c.o[0m
[6.048s] [ 94%] [32mBuilding C object CMakeFiles/my_robot_interfaces__rosidl_typesupport_introspection_c__pyext.dir/rosidl_generator_py/my_robot_interfaces/_my_robot_interfaces_s.ep.rosidl_typesupport_introspection_c.c.o[0m
[6.234s] [ 96%] [32m[1mLinking C shared library rosidl_generator_py/my_robot_interfaces/my_robot_interfaces_s__rosidl_typesupport_c.cpython-310-x86_64-linux-gnu.so[0m
[6.251s] [ 98%] [32m[1mLinking C shared library rosidl_generator_py/my_robot_interfaces/my_robot_interfaces_s__rosidl_typesupport_fastrtps_c.cpython-310-x86_64-linux-gnu.so[0m
[6.252s] [100%] [32m[1mLinking C shared library rosidl_generator_py/my_robot_interfaces/my_robot_interfaces_s__rosidl_typesupport_introspection_c.cpython-310-x86_64-linux-gnu.so[0m
[6.259s] [100%] Built target my_robot_interfaces__rosidl_typesupport_c__pyext
[6.277s] [100%] Built target my_robot_interfaces__rosidl_typesupport_fastrtps_c__pyext
[6.278s] [100%] Built target my_robot_interfaces__rosidl_typesupport_introspection_c__pyext
[6.290s] Invoked command in '/home/joergen/ros2_udemy/build/my_robot_interfaces' returned '0': CMAKE_PREFIX_PATH=${CMAKE_PREFIX_PATH}:/home/joergen/ros2_udemy/install/my_py_pkg:/opt/ros/humble /home/joergen/.local/bin/cmake --build /home/joergen/ros2_udemy/build/my_robot_interfaces -- -j8 -l8
[6.445s] Invoking command in '/home/joergen/ros2_udemy/build/my_robot_interfaces': CMAKE_PREFIX_PATH=${CMAKE_PREFIX_PATH}:/home/joergen/ros2_udemy/install/my_py_pkg:/opt/ros/humble /home/joergen/.local/bin/cmake --install /home/joergen/ros2_udemy/build/my_robot_interfaces
[6.470s] -- Install configuration: ""
[6.470s] -- Up-to-date: /home/joergen/ros2_udemy/install/my_robot_interfaces/share/ament_index/resource_index/rosidl_interfaces/my_robot_interfaces
[6.470s] -- Up-to-date: /home/joergen/ros2_udemy/install/my_robot_interfaces/include/my_robot_interfaces/my_robot_interfaces
[6.471s] -- Up-to-date: /home/joergen/ros2_udemy/install/my_robot_interfaces/include/my_robot_interfaces/my_robot_interfaces/msg
[6.471s] -- Up-to-date: /home/joergen/ros2_udemy/install/my_robot_interfaces/include/my_robot_interfaces/my_robot_interfaces/msg/detail
[6.471s] -- Installing: /home/joergen/ros2_udemy/install/my_robot_interfaces/include/my_robot_interfaces/my_robot_interfaces/msg/detail/led_states__struct.h
[6.472s] -- Installing: /home/joergen/ros2_udemy/install/my_robot_interfaces/include/my_robot_interfaces/my_robot_interfaces/msg/detail/led_states__type_support.h
[6.472s] -- Installing: /home/joergen/ros2_udemy/install/my_robot_interfaces/include/my_robot_interfaces/my_robot_interfaces/msg/detail/hardware_status__functions.c
[6.472s] -- Installing: /home/joergen/ros2_udemy/install/my_robot_interfaces/include/my_robot_interfaces/my_robot_interfaces/msg/detail/led_states__functions.c
[6.472s] -- Installing: /home/joergen/ros2_udemy/install/my_robot_interfaces/include/my_robot_interfaces/my_robot_interfaces/msg/detail/hardware_status__functions.h
[6.472s] -- Installing: /home/joergen/ros2_udemy/install/my_robot_interfaces/include/my_robot_interfaces/my_robot_interfaces/msg/detail/hardware_status__type_support.h
[6.472s] -- Installing: /home/joergen/ros2_udemy/install/my_robot_interfaces/include/my_robot_interfaces/my_robot_interfaces/msg/detail/led_states__functions.h
[6.472s] -- Installing: /home/joergen/ros2_udemy/install/my_robot_interfaces/include/my_robot_interfaces/my_robot_interfaces/msg/detail/hardware_status__struct.h
[6.473s] -- Installing: /home/joergen/ros2_udemy/install/my_robot_interfaces/include/my_robot_interfaces/my_robot_interfaces/msg/led_states.h
[6.473s] -- Up-to-date: /home/joergen/ros2_udemy/install/my_robot_interfaces/include/my_robot_interfaces/my_robot_interfaces/msg/rosidl_generator_c__visibility_control.h
[6.473s] -- Installing: /home/joergen/ros2_udemy/install/my_robot_interfaces/include/my_robot_interfaces/my_robot_interfaces/msg/hardware_status.h
[6.473s] -- Up-to-date: /home/joergen/ros2_udemy/install/my_robot_interfaces/include/my_robot_interfaces/my_robot_interfaces/srv
[6.473s] -- Installing: /home/joergen/ros2_udemy/install/my_robot_interfaces/include/my_robot_interfaces/my_robot_interfaces/srv/compute_rectangle_area.h
[6.473s] -- Up-to-date: /home/joergen/ros2_udemy/install/my_robot_interfaces/include/my_robot_interfaces/my_robot_interfaces/srv/detail
[6.474s] -- Installing: /home/joergen/ros2_udemy/install/my_robot_interfaces/include/my_robot_interfaces/my_robot_interfaces/srv/detail/set_led__struct.h
[6.474s] -- Installing: /home/joergen/ros2_udemy/install/my_robot_interfaces/include/my_robot_interfaces/my_robot_interfaces/srv/detail/set_led__functions.h
[6.474s] -- Installing: /home/joergen/ros2_udemy/install/my_robot_interfaces/include/my_robot_interfaces/my_robot_interfaces/srv/detail/compute_rectangle_area__struct.h
[6.474s] -- Installing: /home/joergen/ros2_udemy/install/my_robot_interfaces/include/my_robot_interfaces/my_robot_interfaces/srv/detail/compute_rectangle_area__functions.h
[6.475s] -- Installing: /home/joergen/ros2_udemy/install/my_robot_interfaces/include/my_robot_interfaces/my_robot_interfaces/srv/detail/compute_rectangle_area__type_support.h
[6.475s] -- Installing: /home/joergen/ros2_udemy/install/my_robot_interfaces/include/my_robot_interfaces/my_robot_interfaces/srv/detail/set_led__functions.c
[6.475s] -- Installing: /home/joergen/ros2_udemy/install/my_robot_interfaces/include/my_robot_interfaces/my_robot_interfaces/srv/detail/set_led__type_support.h
[6.475s] -- Installing: /home/joergen/ros2_udemy/install/my_robot_interfaces/include/my_robot_interfaces/my_robot_interfaces/srv/detail/compute_rectangle_area__functions.c
[6.475s] -- Installing: /home/joergen/ros2_udemy/install/my_robot_interfaces/include/my_robot_interfaces/my_robot_interfaces/srv/set_led.h
[6.476s] -- Up-to-date: /home/joergen/ros2_udemy/install/my_robot_interfaces/share/my_robot_interfaces/environment/library_path.sh
[6.476s] -- Installing: /home/joergen/ros2_udemy/install/my_robot_interfaces/share/my_robot_interfaces/environment/library_path.dsv
[6.476s] -- Installing: /home/joergen/ros2_udemy/install/my_robot_interfaces/lib/libmy_robot_interfaces__rosidl_generator_c.so
[6.476s] -- Set runtime path of "/home/joergen/ros2_udemy/install/my_robot_interfaces/lib/libmy_robot_interfaces__rosidl_generator_c.so" to ""
[6.476s] -- Up-to-date: /home/joergen/ros2_udemy/install/my_robot_interfaces/include/my_robot_interfaces/my_robot_interfaces
[6.476s] -- Up-to-date: /home/joergen/ros2_udemy/install/my_robot_interfaces/include/my_robot_interfaces/my_robot_interfaces/msg
[6.477s] -- Up-to-date: /home/joergen/ros2_udemy/install/my_robot_interfaces/include/my_robot_interfaces/my_robot_interfaces/msg/rosidl_typesupport_fastrtps_c__visibility_control.h
[6.477s] -- Up-to-date: /home/joergen/ros2_udemy/install/my_robot_interfaces/include/my_robot_interfaces/my_robot_interfaces/msg/detail
[6.477s] -- Installing: /home/joergen/ros2_udemy/install/my_robot_interfaces/include/my_robot_interfaces/my_robot_interfaces/msg/detail/led_states__rosidl_typesupport_fastrtps_c.h
[6.477s] -- Installing: /home/joergen/ros2_udemy/install/my_robot_interfaces/include/my_robot_interfaces/my_robot_interfaces/msg/detail/hardware_status__rosidl_typesupport_fastrtps_c.h
[6.477s] -- Up-to-date: /home/joergen/ros2_udemy/install/my_robot_interfaces/include/my_robot_interfaces/my_robot_interfaces/srv
[6.477s] -- Up-to-date: /home/joergen/ros2_udemy/install/my_robot_interfaces/include/my_robot_interfaces/my_robot_interfaces/srv/detail
[6.477s] -- Installing: /home/joergen/ros2_udemy/install/my_robot_interfaces/include/my_robot_interfaces/my_robot_interfaces/srv/detail/set_led__rosidl_typesupport_fastrtps_c.h
[6.478s] -- Installing: /home/joergen/ros2_udemy/install/my_robot_interfaces/include/my_robot_interfaces/my_robot_interfaces/srv/detail/compute_rectangle_area__rosidl_typesupport_fastrtps_c.h
[6.478s] -- Installing: /home/joergen/ros2_udemy/install/my_robot_interfaces/lib/libmy_robot_interfaces__rosidl_typesupport_fastrtps_c.so
[6.478s] -- Set runtime path of "/home/joergen/ros2_udemy/install/my_robot_interfaces/lib/libmy_robot_interfaces__rosidl_typesupport_fastrtps_c.so" to ""
[6.478s] -- Up-to-date: /home/joergen/ros2_udemy/install/my_robot_interfaces/include/my_robot_interfaces/my_robot_interfaces
[6.478s] -- Up-to-date: /home/joergen/ros2_udemy/install/my_robot_interfaces/include/my_robot_interfaces/my_robot_interfaces/msg
[6.478s] -- Up-to-date: /home/joergen/ros2_udemy/install/my_robot_interfaces/include/my_robot_interfaces/my_robot_interfaces/msg/detail
[6.479s] -- Installing: /home/joergen/ros2_udemy/install/my_robot_interfaces/include/my_robot_interfaces/my_robot_interfaces/msg/detail/led_states__type_support.c
[6.479s] -- Installing: /home/joergen/ros2_udemy/install/my_robot_interfaces/include/my_robot_interfaces/my_robot_interfaces/msg/detail/hardware_status__type_support.c
[6.479s] -- Installing: /home/joergen/ros2_udemy/install/my_robot_interfaces/include/my_robot_interfaces/my_robot_interfaces/msg/detail/led_states__rosidl_typesupport_introspection_c.h
[6.479s] -- Installing: /home/joergen/ros2_udemy/install/my_robot_interfaces/include/my_robot_interfaces/my_robot_interfaces/msg/detail/hardware_status__rosidl_typesupport_introspection_c.h
[6.479s] -- Up-to-date: /home/joergen/ros2_udemy/install/my_robot_interfaces/include/my_robot_interfaces/my_robot_interfaces/msg/rosidl_typesupport_introspection_c__visibility_control.h
[6.479s] -- Up-to-date: /home/joergen/ros2_udemy/install/my_robot_interfaces/include/my_robot_interfaces/my_robot_interfaces/srv
[6.479s] -- Up-to-date: /home/joergen/ros2_udemy/install/my_robot_interfaces/include/my_robot_interfaces/my_robot_interfaces/srv/detail
[6.479s] -- Installing: /home/joergen/ros2_udemy/install/my_robot_interfaces/include/my_robot_interfaces/my_robot_interfaces/srv/detail/compute_rectangle_area__rosidl_typesupport_introspection_c.h
[6.480s] -- Installing: /home/joergen/ros2_udemy/install/my_robot_interfaces/include/my_robot_interfaces/my_robot_interfaces/srv/detail/set_led__rosidl_typesupport_introspection_c.h
[6.480s] -- Installing: /home/joergen/ros2_udemy/install/my_robot_interfaces/include/my_robot_interfaces/my_robot_interfaces/srv/detail/set_led__type_support.c
[6.480s] -- Installing: /home/joergen/ros2_udemy/install/my_robot_interfaces/include/my_robot_interfaces/my_robot_interfaces/srv/detail/compute_rectangle_area__type_support.c
[6.480s] -- Installing: /home/joergen/ros2_udemy/install/my_robot_interfaces/lib/libmy_robot_interfaces__rosidl_typesupport_introspection_c.so
[6.480s] -- Set runtime path of "/home/joergen/ros2_udemy/install/my_robot_interfaces/lib/libmy_robot_interfaces__rosidl_typesupport_introspection_c.so" to ""
[6.481s] -- Installing: /home/joergen/ros2_udemy/install/my_robot_interfaces/lib/libmy_robot_interfaces__rosidl_typesupport_c.so
[6.481s] -- Set runtime path of "/home/joergen/ros2_udemy/install/my_robot_interfaces/lib/libmy_robot_interfaces__rosidl_typesupport_c.so" to ""
[6.481s] -- Up-to-date: /home/joergen/ros2_udemy/install/my_robot_interfaces/include/my_robot_interfaces/my_robot_interfaces
[6.481s] -- Up-to-date: /home/joergen/ros2_udemy/install/my_robot_interfaces/include/my_robot_interfaces/my_robot_interfaces/msg
[6.481s] -- Installing: /home/joergen/ros2_udemy/install/my_robot_interfaces/include/my_robot_interfaces/my_robot_interfaces/msg/led_states.hpp
[6.481s] -- Up-to-date: /home/joergen/ros2_udemy/install/my_robot_interfaces/include/my_robot_interfaces/my_robot_interfaces/msg/detail
[6.482s] -- Installing: /home/joergen/ros2_udemy/install/my_robot_interfaces/include/my_robot_interfaces/my_robot_interfaces/msg/detail/hardware_status__struct.hpp
[6.482s] -- Installing: /home/joergen/ros2_udemy/install/my_robot_interfaces/include/my_robot_interfaces/my_robot_interfaces/msg/detail/led_states__struct.hpp
[6.482s] -- Installing: /home/joergen/ros2_udemy/install/my_robot_interfaces/include/my_robot_interfaces/my_robot_interfaces/msg/detail/led_states__traits.hpp
[6.482s] -- Installing: /home/joergen/ros2_udemy/install/my_robot_interfaces/include/my_robot_interfaces/my_robot_interfaces/msg/detail/hardware_status__traits.hpp
[6.482s] -- Installing: /home/joergen/ros2_udemy/install/my_robot_interfaces/include/my_robot_interfaces/my_robot_interfaces/msg/detail/led_states__builder.hpp
[6.482s] -- Installing: /home/joergen/ros2_udemy/install/my_robot_interfaces/include/my_robot_interfaces/my_robot_interfaces/msg/detail/hardware_status__builder.hpp
[6.482s] -- Installing: /home/joergen/ros2_udemy/install/my_robot_interfaces/include/my_robot_interfaces/my_robot_interfaces/msg/hardware_status.hpp
[6.483s] -- Up-to-date: /home/joergen/ros2_udemy/install/my_robot_interfaces/include/my_robot_interfaces/my_robot_interfaces/srv
[6.483s] -- Up-to-date: /home/joergen/ros2_udemy/install/my_robot_interfaces/include/my_robot_interfaces/my_robot_interfaces/srv/detail
[6.483s] -- Installing: /home/joergen/ros2_udemy/install/my_robot_interfaces/include/my_robot_interfaces/my_robot_interfaces/srv/detail/compute_rectangle_area__traits.hpp
[6.483s] -- Installing: /home/joergen/ros2_udemy/install/my_robot_interfaces/include/my_robot_interfaces/my_robot_interfaces/srv/detail/set_led__struct.hpp
[6.483s] -- Installing: /home/joergen/ros2_udemy/install/my_robot_interfaces/include/my_robot_interfaces/my_robot_interfaces/srv/detail/compute_rectangle_area__builder.hpp
[6.483s] -- Installing: /home/joergen/ros2_udemy/install/my_robot_interfaces/include/my_robot_interfaces/my_robot_interfaces/srv/detail/compute_rectangle_area__struct.hpp
[6.484s] -- Installing: /home/joergen/ros2_udemy/install/my_robot_interfaces/include/my_robot_interfaces/my_robot_interfaces/srv/detail/set_led__builder.hpp
[6.484s] -- Installing: /home/joergen/ros2_udemy/install/my_robot_interfaces/include/my_robot_interfaces/my_robot_interfaces/srv/detail/set_led__traits.hpp
[6.484s] -- Installing: /home/joergen/ros2_udemy/install/my_robot_interfaces/include/my_robot_interfaces/my_robot_interfaces/srv/set_led.hpp
[6.484s] -- Installing: /home/joergen/ros2_udemy/install/my_robot_interfaces/include/my_robot_interfaces/my_robot_interfaces/srv/compute_rectangle_area.hpp
[6.484s] -- Up-to-date: /home/joergen/ros2_udemy/install/my_robot_interfaces/include/my_robot_interfaces/my_robot_interfaces
[6.484s] -- Up-to-date: /home/joergen/ros2_udemy/install/my_robot_interfaces/include/my_robot_interfaces/my_robot_interfaces/msg
[6.484s] -- Up-to-date: /home/joergen/ros2_udemy/install/my_robot_interfaces/include/my_robot_interfaces/my_robot_interfaces/msg/detail
[6.484s] -- Up-to-date: /home/joergen/ros2_udemy/install/my_robot_interfaces/include/my_robot_interfaces/my_robot_interfaces/msg/detail/dds_fastrtps
[6.485s] -- Installing: /home/joergen/ros2_udemy/install/my_robot_interfaces/include/my_robot_interfaces/my_robot_interfaces/msg/detail/led_states__rosidl_typesupport_fastrtps_cpp.hpp
[6.485s] -- Installing: /home/joergen/ros2_udemy/install/my_robot_interfaces/include/my_robot_interfaces/my_robot_interfaces/msg/detail/hardware_status__rosidl_typesupport_fastrtps_cpp.hpp
[6.485s] -- Up-to-date: /home/joergen/ros2_udemy/install/my_robot_interfaces/include/my_robot_interfaces/my_robot_interfaces/msg/rosidl_typesupport_fastrtps_cpp__visibility_control.h
[6.485s] -- Up-to-date: /home/joergen/ros2_udemy/install/my_robot_interfaces/include/my_robot_interfaces/my_robot_interfaces/srv
[6.485s] -- Up-to-date: /home/joergen/ros2_udemy/install/my_robot_interfaces/include/my_robot_interfaces/my_robot_interfaces/srv/detail
[6.485s] -- Up-to-date: /home/joergen/ros2_udemy/install/my_robot_interfaces/include/my_robot_interfaces/my_robot_interfaces/srv/detail/dds_fastrtps
[6.485s] -- Installing: /home/joergen/ros2_udemy/install/my_robot_interfaces/include/my_robot_interfaces/my_robot_interfaces/srv/detail/compute_rectangle_area__rosidl_typesupport_fastrtps_cpp.hpp
[6.486s] -- Installing: /home/joergen/ros2_udemy/install/my_robot_interfaces/include/my_robot_interfaces/my_robot_interfaces/srv/detail/set_led__rosidl_typesupport_fastrtps_cpp.hpp
[6.486s] -- Installing: /home/joergen/ros2_udemy/install/my_robot_interfaces/lib/libmy_robot_interfaces__rosidl_typesupport_fastrtps_cpp.so
[6.486s] -- Set runtime path of "/home/joergen/ros2_udemy/install/my_robot_interfaces/lib/libmy_robot_interfaces__rosidl_typesupport_fastrtps_cpp.so" to ""
[6.486s] -- Up-to-date: /home/joergen/ros2_udemy/install/my_robot_interfaces/include/my_robot_interfaces/my_robot_interfaces
[6.486s] -- Up-to-date: /home/joergen/ros2_udemy/install/my_robot_interfaces/include/my_robot_interfaces/my_robot_interfaces/msg
[6.486s] -- Up-to-date: /home/joergen/ros2_udemy/install/my_robot_interfaces/include/my_robot_interfaces/my_robot_interfaces/msg/detail
[6.486s] -- Installing: /home/joergen/ros2_udemy/install/my_robot_interfaces/include/my_robot_interfaces/my_robot_interfaces/msg/detail/hardware_status__rosidl_typesupport_introspection_cpp.hpp
[6.486s] -- Installing: /home/joergen/ros2_udemy/install/my_robot_interfaces/include/my_robot_interfaces/my_robot_interfaces/msg/detail/hardware_status__type_support.cpp
[6.486s] -- Installing: /home/joergen/ros2_udemy/install/my_robot_interfaces/include/my_robot_interfaces/my_robot_interfaces/msg/detail/led_states__type_support.cpp
[6.487s] -- Installing: /home/joergen/ros2_udemy/install/my_robot_interfaces/include/my_robot_interfaces/my_robot_interfaces/msg/detail/led_states__rosidl_typesupport_introspection_cpp.hpp
[6.487s] -- Up-to-date: /home/joergen/ros2_udemy/install/my_robot_interfaces/include/my_robot_interfaces/my_robot_interfaces/srv
[6.487s] -- Up-to-date: /home/joergen/ros2_udemy/install/my_robot_interfaces/include/my_robot_interfaces/my_robot_interfaces/srv/detail
[6.487s] -- Installing: /home/joergen/ros2_udemy/install/my_robot_interfaces/include/my_robot_interfaces/my_robot_interfaces/srv/detail/set_led__type_support.cpp
[6.487s] -- Installing: /home/joergen/ros2_udemy/install/my_robot_interfaces/include/my_robot_interfaces/my_robot_interfaces/srv/detail/set_led__rosidl_typesupport_introspection_cpp.hpp
[6.487s] -- Installing: /home/joergen/ros2_udemy/install/my_robot_interfaces/include/my_robot_interfaces/my_robot_interfaces/srv/detail/compute_rectangle_area__type_support.cpp
[6.488s] -- Installing: /home/joergen/ros2_udemy/install/my_robot_interfaces/include/my_robot_interfaces/my_robot_interfaces/srv/detail/compute_rectangle_area__rosidl_typesupport_introspection_cpp.hpp
[6.488s] -- Installing: /home/joergen/ros2_udemy/install/my_robot_interfaces/lib/libmy_robot_interfaces__rosidl_typesupport_introspection_cpp.so
[6.488s] -- Set runtime path of "/home/joergen/ros2_udemy/install/my_robot_interfaces/lib/libmy_robot_interfaces__rosidl_typesupport_introspection_cpp.so" to ""
[6.488s] -- Installing: /home/joergen/ros2_udemy/install/my_robot_interfaces/lib/libmy_robot_interfaces__rosidl_typesupport_cpp.so
[6.488s] -- Set runtime path of "/home/joergen/ros2_udemy/install/my_robot_interfaces/lib/libmy_robot_interfaces__rosidl_typesupport_cpp.so" to ""
[6.489s] -- Up-to-date: /home/joergen/ros2_udemy/install/my_robot_interfaces/share/my_robot_interfaces/environment/pythonpath.sh
[6.489s] -- Installing: /home/joergen/ros2_udemy/install/my_robot_interfaces/share/my_robot_interfaces/environment/pythonpath.dsv
[6.489s] -- Up-to-date: /home/joergen/ros2_udemy/install/my_robot_interfaces/local/lib/python3.10/dist-packages/my_robot_interfaces-0.0.0-py3.10.egg-info
[6.489s] -- Installing: /home/joergen/ros2_udemy/install/my_robot_interfaces/local/lib/python3.10/dist-packages/my_robot_interfaces-0.0.0-py3.10.egg-info/dependency_links.txt
[6.489s] -- Installing: /home/joergen/ros2_udemy/install/my_robot_interfaces/local/lib/python3.10/dist-packages/my_robot_interfaces-0.0.0-py3.10.egg-info/SOURCES.txt
[6.489s] -- Installing: /home/joergen/ros2_udemy/install/my_robot_interfaces/local/lib/python3.10/dist-packages/my_robot_interfaces-0.0.0-py3.10.egg-info/PKG-INFO
[6.490s] -- Installing: /home/joergen/ros2_udemy/install/my_robot_interfaces/local/lib/python3.10/dist-packages/my_robot_interfaces-0.0.0-py3.10.egg-info/top_level.txt
[6.490s] -- Up-to-date: /home/joergen/ros2_udemy/install/my_robot_interfaces/local/lib/python3.10/dist-packages/my_robot_interfaces
[6.490s] -- Installing: /home/joergen/ros2_udemy/install/my_robot_interfaces/local/lib/python3.10/dist-packages/my_robot_interfaces/_my_robot_interfaces_s.ep.rosidl_typesupport_c.c
[6.490s] -- Up-to-date: /home/joergen/ros2_udemy/install/my_robot_interfaces/local/lib/python3.10/dist-packages/my_robot_interfaces/msg
[6.490s] -- Installing: /home/joergen/ros2_udemy/install/my_robot_interfaces/local/lib/python3.10/dist-packages/my_robot_interfaces/msg/_hardware_status.py
[6.490s] -- Installing: /home/joergen/ros2_udemy/install/my_robot_interfaces/local/lib/python3.10/dist-packages/my_robot_interfaces/msg/__init__.py
[6.491s] -- Installing: /home/joergen/ros2_udemy/install/my_robot_interfaces/local/lib/python3.10/dist-packages/my_robot_interfaces/msg/_led_states_s.c
[6.491s] -- Installing: /home/joergen/ros2_udemy/install/my_robot_interfaces/local/lib/python3.10/dist-packages/my_robot_interfaces/msg/_hardware_status_s.c
[6.491s] -- Installing: /home/joergen/ros2_udemy/install/my_robot_interfaces/local/lib/python3.10/dist-packages/my_robot_interfaces/msg/_led_states.py
[6.491s] -- Installing: /home/joergen/ros2_udemy/install/my_robot_interfaces/local/lib/python3.10/dist-packages/my_robot_interfaces/my_robot_interfaces_s__rosidl_typesupport_c.cpython-310-x86_64-linux-gnu.so
[6.491s] -- Installing: /home/joergen/ros2_udemy/install/my_robot_interfaces/local/lib/python3.10/dist-packages/my_robot_interfaces/my_robot_interfaces_s__rosidl_typesupport_fastrtps_c.cpython-310-x86_64-linux-gnu.so
[6.491s] -- Up-to-date: /home/joergen/ros2_udemy/install/my_robot_interfaces/local/lib/python3.10/dist-packages/my_robot_interfaces/srv
[6.492s] -- Installing: /home/joergen/ros2_udemy/install/my_robot_interfaces/local/lib/python3.10/dist-packages/my_robot_interfaces/srv/_compute_rectangle_area_s.c
[6.492s] -- Installing: /home/joergen/ros2_udemy/install/my_robot_interfaces/local/lib/python3.10/dist-packages/my_robot_interfaces/srv/_set_led.py
[6.492s] -- Installing: /home/joergen/ros2_udemy/install/my_robot_interfaces/local/lib/python3.10/dist-packages/my_robot_interfaces/srv/__init__.py
[6.492s] -- Installing: /home/joergen/ros2_udemy/install/my_robot_interfaces/local/lib/python3.10/dist-packages/my_robot_interfaces/srv/_compute_rectangle_area.py
[6.492s] -- Installing: /home/joergen/ros2_udemy/install/my_robot_interfaces/local/lib/python3.10/dist-packages/my_robot_interfaces/srv/_set_led_s.c
[6.492s] -- Installing: /home/joergen/ros2_udemy/install/my_robot_interfaces/local/lib/python3.10/dist-packages/my_robot_interfaces/libmy_robot_interfaces__rosidl_generator_py.so
[6.492s] -- Installing: /home/joergen/ros2_udemy/install/my_robot_interfaces/local/lib/python3.10/dist-packages/my_robot_interfaces/my_robot_interfaces_s__rosidl_typesupport_introspection_c.cpython-310-x86_64-linux-gnu.so
[6.492s] -- Installing: /home/joergen/ros2_udemy/install/my_robot_interfaces/local/lib/python3.10/dist-packages/my_robot_interfaces/__init__.py
[6.492s] -- Installing: /home/joergen/ros2_udemy/install/my_robot_interfaces/local/lib/python3.10/dist-packages/my_robot_interfaces/_my_robot_interfaces_s.ep.rosidl_typesupport_fastrtps_c.c
[6.492s] -- Installing: /home/joergen/ros2_udemy/install/my_robot_interfaces/local/lib/python3.10/dist-packages/my_robot_interfaces/_my_robot_interfaces_s.ep.rosidl_typesupport_introspection_c.c
[6.532s] Listing '/home/joergen/ros2_udemy/install/my_robot_interfaces/local/lib/python3.10/dist-packages/my_robot_interfaces'...
[6.532s] Compiling '/home/joergen/ros2_udemy/install/my_robot_interfaces/local/lib/python3.10/dist-packages/my_robot_interfaces/__init__.py'...
[6.532s] Listing '/home/joergen/ros2_udemy/install/my_robot_interfaces/local/lib/python3.10/dist-packages/my_robot_interfaces/msg'...
[6.532s] Compiling '/home/joergen/ros2_udemy/install/my_robot_interfaces/local/lib/python3.10/dist-packages/my_robot_interfaces/msg/__init__.py'...
[6.532s] Compiling '/home/joergen/ros2_udemy/install/my_robot_interfaces/local/lib/python3.10/dist-packages/my_robot_interfaces/msg/_hardware_status.py'...
[6.532s] Compiling '/home/joergen/ros2_udemy/install/my_robot_interfaces/local/lib/python3.10/dist-packages/my_robot_interfaces/msg/_led_states.py'...
[6.532s] Listing '/home/joergen/ros2_udemy/install/my_robot_interfaces/local/lib/python3.10/dist-packages/my_robot_interfaces/srv'...
[6.533s] Compiling '/home/joergen/ros2_udemy/install/my_robot_interfaces/local/lib/python3.10/dist-packages/my_robot_interfaces/srv/__init__.py'...
[6.533s] Compiling '/home/joergen/ros2_udemy/install/my_robot_interfaces/local/lib/python3.10/dist-packages/my_robot_interfaces/srv/_compute_rectangle_area.py'...
[6.533s] Compiling '/home/joergen/ros2_udemy/install/my_robot_interfaces/local/lib/python3.10/dist-packages/my_robot_interfaces/srv/_set_led.py'...
[6.536s] -- Installing: /home/joergen/ros2_udemy/install/my_robot_interfaces/local/lib/python3.10/dist-packages/my_robot_interfaces/my_robot_interfaces_s__rosidl_typesupport_fastrtps_c.cpython-310-x86_64-linux-gnu.so
[6.537s] -- Set runtime path of "/home/joergen/ros2_udemy/install/my_robot_interfaces/local/lib/python3.10/dist-packages/my_robot_interfaces/my_robot_interfaces_s__rosidl_typesupport_fastrtps_c.cpython-310-x86_64-linux-gnu.so" to ""
[6.537s] -- Installing: /home/joergen/ros2_udemy/install/my_robot_interfaces/local/lib/python3.10/dist-packages/my_robot_interfaces/my_robot_interfaces_s__rosidl_typesupport_introspection_c.cpython-310-x86_64-linux-gnu.so
[6.537s] -- Set runtime path of "/home/joergen/ros2_udemy/install/my_robot_interfaces/local/lib/python3.10/dist-packages/my_robot_interfaces/my_robot_interfaces_s__rosidl_typesupport_introspection_c.cpython-310-x86_64-linux-gnu.so" to ""
[6.537s] -- Installing: /home/joergen/ros2_udemy/install/my_robot_interfaces/local/lib/python3.10/dist-packages/my_robot_interfaces/my_robot_interfaces_s__rosidl_typesupport_c.cpython-310-x86_64-linux-gnu.so
[6.538s] -- Set runtime path of "/home/joergen/ros2_udemy/install/my_robot_interfaces/local/lib/python3.10/dist-packages/my_robot_interfaces/my_robot_interfaces_s__rosidl_typesupport_c.cpython-310-x86_64-linux-gnu.so" to ""
[6.538s] -- Installing: /home/joergen/ros2_udemy/install/my_robot_interfaces/lib/libmy_robot_interfaces__rosidl_generator_py.so
[6.538s] -- Set runtime path of "/home/joergen/ros2_udemy/install/my_robot_interfaces/lib/libmy_robot_interfaces__rosidl_generator_py.so" to ""
[6.539s] -- Up-to-date: /home/joergen/ros2_udemy/install/my_robot_interfaces/share/my_robot_interfaces/msg/HardwareStatus.idl
[6.539s] -- Up-to-date: /home/joergen/ros2_udemy/install/my_robot_interfaces/share/my_robot_interfaces/srv/ComputeRectangleArea.idl
[6.539s] -- Installing: /home/joergen/ros2_udemy/install/my_robot_interfaces/share/my_robot_interfaces/msg/LedStates.idl
[6.539s] -- Up-to-date: /home/joergen/ros2_udemy/install/my_robot_interfaces/share/my_robot_interfaces/srv/SetLed.idl
[6.539s] -- Up-to-date: /home/joergen/ros2_udemy/install/my_robot_interfaces/share/my_robot_interfaces/msg/HardwareStatus.msg
[6.539s] -- Up-to-date: /home/joergen/ros2_udemy/install/my_robot_interfaces/share/my_robot_interfaces/srv/ComputeRectangleArea.srv
[6.540s] -- Up-to-date: /home/joergen/ros2_udemy/install/my_robot_interfaces/share/my_robot_interfaces/srv/ComputeRectangleArea_Request.msg
[6.540s] -- Up-to-date: /home/joergen/ros2_udemy/install/my_robot_interfaces/share/my_robot_interfaces/srv/ComputeRectangleArea_Response.msg
[6.540s] -- Installing: /home/joergen/ros2_udemy/install/my_robot_interfaces/share/my_robot_interfaces/msg/LedStates.msg
[6.540s] -- Up-to-date: /home/joergen/ros2_udemy/install/my_robot_interfaces/share/my_robot_interfaces/srv/SetLed.srv
[6.540s] -- Up-to-date: /home/joergen/ros2_udemy/install/my_robot_interfaces/share/my_robot_interfaces/srv/SetLed_Request.msg
[6.540s] -- Up-to-date: /home/joergen/ros2_udemy/install/my_robot_interfaces/share/my_robot_interfaces/srv/SetLed_Response.msg
[6.540s] -- Up-to-date: /home/joergen/ros2_udemy/install/my_robot_interfaces/share/ament_index/resource_index/package_run_dependencies/my_robot_interfaces
[6.540s] -- Up-to-date: /home/joergen/ros2_udemy/install/my_robot_interfaces/share/ament_index/resource_index/parent_prefix_path/my_robot_interfaces
[6.541s] -- Up-to-date: /home/joergen/ros2_udemy/install/my_robot_interfaces/share/my_robot_interfaces/environment/ament_prefix_path.sh
[6.541s] -- Installing: /home/joergen/ros2_udemy/install/my_robot_interfaces/share/my_robot_interfaces/environment/ament_prefix_path.dsv
[6.541s] -- Up-to-date: /home/joergen/ros2_udemy/install/my_robot_interfaces/share/my_robot_interfaces/environment/path.sh
[6.541s] -- Installing: /home/joergen/ros2_udemy/install/my_robot_interfaces/share/my_robot_interfaces/environment/path.dsv
[6.541s] -- Up-to-date: /home/joergen/ros2_udemy/install/my_robot_interfaces/share/my_robot_interfaces/local_setup.bash
[6.541s] -- Up-to-date: /home/joergen/ros2_udemy/install/my_robot_interfaces/share/my_robot_interfaces/local_setup.sh
[6.542s] -- Up-to-date: /home/joergen/ros2_udemy/install/my_robot_interfaces/share/my_robot_interfaces/local_setup.zsh
[6.542s] -- Installing: /home/joergen/ros2_udemy/install/my_robot_interfaces/share/my_robot_interfaces/local_setup.dsv
[6.542s] -- Installing: /home/joergen/ros2_udemy/install/my_robot_interfaces/share/my_robot_interfaces/package.dsv
[6.542s] -- Up-to-date: /home/joergen/ros2_udemy/install/my_robot_interfaces/share/ament_index/resource_index/packages/my_robot_interfaces
[6.542s] -- Up-to-date: /home/joergen/ros2_udemy/install/my_robot_interfaces/share/my_robot_interfaces/cmake/export_my_robot_interfaces__rosidl_generator_cExport.cmake
[6.543s] -- Up-to-date: /home/joergen/ros2_udemy/install/my_robot_interfaces/share/my_robot_interfaces/cmake/export_my_robot_interfaces__rosidl_generator_cExport-noconfig.cmake
[6.543s] -- Up-to-date: /home/joergen/ros2_udemy/install/my_robot_interfaces/share/my_robot_interfaces/cmake/export_my_robot_interfaces__rosidl_typesupport_fastrtps_cExport.cmake
[6.543s] -- Up-to-date: /home/joergen/ros2_udemy/install/my_robot_interfaces/share/my_robot_interfaces/cmake/export_my_robot_interfaces__rosidl_typesupport_fastrtps_cExport-noconfig.cmake
[6.543s] -- Up-to-date: /home/joergen/ros2_udemy/install/my_robot_interfaces/share/my_robot_interfaces/cmake/my_robot_interfaces__rosidl_typesupport_introspection_cExport.cmake
[6.543s] -- Up-to-date: /home/joergen/ros2_udemy/install/my_robot_interfaces/share/my_robot_interfaces/cmake/my_robot_interfaces__rosidl_typesupport_introspection_cExport-noconfig.cmake
[6.543s] -- Up-to-date: /home/joergen/ros2_udemy/install/my_robot_interfaces/share/my_robot_interfaces/cmake/my_robot_interfaces__rosidl_typesupport_cExport.cmake
[6.544s] -- Up-to-date: /home/joergen/ros2_udemy/install/my_robot_interfaces/share/my_robot_interfaces/cmake/my_robot_interfaces__rosidl_typesupport_cExport-noconfig.cmake
[6.544s] -- Up-to-date: /home/joergen/ros2_udemy/install/my_robot_interfaces/share/my_robot_interfaces/cmake/export_my_robot_interfaces__rosidl_generator_cppExport.cmake
[6.544s] -- Up-to-date: /home/joergen/ros2_udemy/install/my_robot_interfaces/share/my_robot_interfaces/cmake/export_my_robot_interfaces__rosidl_typesupport_fastrtps_cppExport.cmake
[6.544s] -- Up-to-date: /home/joergen/ros2_udemy/install/my_robot_interfaces/share/my_robot_interfaces/cmake/export_my_robot_interfaces__rosidl_typesupport_fastrtps_cppExport-noconfig.cmake
[6.544s] -- Up-to-date: /home/joergen/ros2_udemy/install/my_robot_interfaces/share/my_robot_interfaces/cmake/my_robot_interfaces__rosidl_typesupport_introspection_cppExport.cmake
[6.544s] -- Up-to-date: /home/joergen/ros2_udemy/install/my_robot_interfaces/share/my_robot_interfaces/cmake/my_robot_interfaces__rosidl_typesupport_introspection_cppExport-noconfig.cmake
[6.544s] -- Up-to-date: /home/joergen/ros2_udemy/install/my_robot_interfaces/share/my_robot_interfaces/cmake/my_robot_interfaces__rosidl_typesupport_cppExport.cmake
[6.544s] -- Up-to-date: /home/joergen/ros2_udemy/install/my_robot_interfaces/share/my_robot_interfaces/cmake/my_robot_interfaces__rosidl_typesupport_cppExport-noconfig.cmake
[6.544s] -- Up-to-date: /home/joergen/ros2_udemy/install/my_robot_interfaces/share/my_robot_interfaces/cmake/export_my_robot_interfaces__rosidl_generator_pyExport.cmake
[6.544s] -- Up-to-date: /home/joergen/ros2_udemy/install/my_robot_interfaces/share/my_robot_interfaces/cmake/export_my_robot_interfaces__rosidl_generator_pyExport-noconfig.cmake
[6.544s] -- Up-to-date: /home/joergen/ros2_udemy/install/my_robot_interfaces/share/my_robot_interfaces/cmake/rosidl_cmake-extras.cmake
[6.544s] -- Up-to-date: /home/joergen/ros2_udemy/install/my_robot_interfaces/share/my_robot_interfaces/cmake/ament_cmake_export_include_directories-extras.cmake
[6.544s] -- Up-to-date: /home/joergen/ros2_udemy/install/my_robot_interfaces/share/my_robot_interfaces/cmake/ament_cmake_export_libraries-extras.cmake
[6.544s] -- Up-to-date: /home/joergen/ros2_udemy/install/my_robot_interfaces/share/my_robot_interfaces/cmake/ament_cmake_export_targets-extras.cmake
[6.545s] -- Up-to-date: /home/joergen/ros2_udemy/install/my_robot_interfaces/share/my_robot_interfaces/cmake/rosidl_cmake_export_typesupport_targets-extras.cmake
[6.545s] -- Up-to-date: /home/joergen/ros2_udemy/install/my_robot_interfaces/share/my_robot_interfaces/cmake/ament_cmake_export_dependencies-extras.cmake
[6.545s] -- Up-to-date: /home/joergen/ros2_udemy/install/my_robot_interfaces/share/my_robot_interfaces/cmake/rosidl_cmake_export_typesupport_libraries-extras.cmake
[6.545s] -- Up-to-date: /home/joergen/ros2_udemy/install/my_robot_interfaces/share/my_robot_interfaces/cmake/my_robot_interfacesConfig.cmake
[6.545s] -- Up-to-date: /home/joergen/ros2_udemy/install/my_robot_interfaces/share/my_robot_interfaces/cmake/my_robot_interfacesConfig-version.cmake
[6.545s] -- Up-to-date: /home/joergen/ros2_udemy/install/my_robot_interfaces/share/my_robot_interfaces/package.xml
[6.548s] Invoked command in '/home/joergen/ros2_udemy/build/my_robot_interfaces' returned '0': CMAKE_PREFIX_PATH=${CMAKE_PREFIX_PATH}:/home/joergen/ros2_udemy/install/my_py_pkg:/opt/ros/humble /home/joergen/.local/bin/cmake --install /home/joergen/ros2_udemy/build/my_robot_interfaces
