[0.050s] Invoking command in '/home/joergen/ros2_udemy/build/my_cpp_pkg': CMAKE_PREFIX_PATH=${CMAKE_PREFIX_PATH}:/home/joergen/ros2_udemy/install/my_py_pkg:/opt/ros/humble /home/joergen/.local/bin/cmake --build /home/joergen/ros2_udemy/build/my_cpp_pkg -- -j8 -l8
[0.158s] [ 50%] [32mBuilding CXX object CMakeFiles/cpp_node.dir/src/my_first_node.cpp.o[0m
[5.882s] [100%] [32m[1mLinking CXX executable cpp_node[0m
[6.131s] [100%] Built target cpp_node
[6.147s] Invoked command in '/home/joergen/ros2_udemy/build/my_cpp_pkg' returned '0': CMAKE_PREFIX_PATH=${CMAKE_PREFIX_PATH}:/home/joergen/ros2_udemy/install/my_py_pkg:/opt/ros/humble /home/joergen/.local/bin/cmake --build /home/joergen/ros2_udemy/build/my_cpp_pkg -- -j8 -l8
[6.263s] Invoking command in '/home/joergen/ros2_udemy/build/my_cpp_pkg': CMAKE_PREFIX_PATH=${CMAKE_PREFIX_PATH}:/home/joergen/ros2_udemy/install/my_py_pkg:/opt/ros/humble /home/joergen/.local/bin/cmake --install /home/joergen/ros2_udemy/build/my_cpp_pkg
[6.297s] -- Install configuration: ""
[6.301s] -- Installing: /home/joergen/ros2_udemy/install/my_cpp_pkg/lib/my_cpp_pkg/cpp_node
[6.301s] -- Set runtime path of "/home/joergen/ros2_udemy/install/my_cpp_pkg/lib/my_cpp_pkg/cpp_node" to ""
[6.301s] -- Up-to-date: /home/joergen/ros2_udemy/install/my_cpp_pkg/share/ament_index/resource_index/package_run_dependencies/my_cpp_pkg
[6.301s] -- Up-to-date: /home/joergen/ros2_udemy/install/my_cpp_pkg/share/ament_index/resource_index/parent_prefix_path/my_cpp_pkg
[6.301s] -- Up-to-date: /home/joergen/ros2_udemy/install/my_cpp_pkg/share/my_cpp_pkg/environment/ament_prefix_path.sh
[6.301s] -- Up-to-date: /home/joergen/ros2_udemy/install/my_cpp_pkg/share/my_cpp_pkg/environment/ament_prefix_path.dsv
[6.302s] -- Up-to-date: /home/joergen/ros2_udemy/install/my_cpp_pkg/share/my_cpp_pkg/environment/path.sh
[6.302s] -- Up-to-date: /home/joergen/ros2_udemy/install/my_cpp_pkg/share/my_cpp_pkg/environment/path.dsv
[6.302s] -- Up-to-date: /home/joergen/ros2_udemy/install/my_cpp_pkg/share/my_cpp_pkg/local_setup.bash
[6.302s] -- Up-to-date: /home/joergen/ros2_udemy/install/my_cpp_pkg/share/my_cpp_pkg/local_setup.sh
[6.302s] -- Up-to-date: /home/joergen/ros2_udemy/install/my_cpp_pkg/share/my_cpp_pkg/local_setup.zsh
[6.302s] -- Up-to-date: /home/joergen/ros2_udemy/install/my_cpp_pkg/share/my_cpp_pkg/local_setup.dsv
[6.302s] -- Installing: /home/joergen/ros2_udemy/install/my_cpp_pkg/share/my_cpp_pkg/package.dsv
[6.302s] -- Up-to-date: /home/joergen/ros2_udemy/install/my_cpp_pkg/share/ament_index/resource_index/packages/my_cpp_pkg
[6.302s] -- Up-to-date: /home/joergen/ros2_udemy/install/my_cpp_pkg/share/my_cpp_pkg/cmake/my_cpp_pkgConfig.cmake
[6.306s] -- Up-to-date: /home/joergen/ros2_udemy/install/my_cpp_pkg/share/my_cpp_pkg/cmake/my_cpp_pkgConfig-version.cmake
[6.307s] -- Up-to-date: /home/joergen/ros2_udemy/install/my_cpp_pkg/share/my_cpp_pkg/package.xml
[6.308s] Invoked command in '/home/joergen/ros2_udemy/build/my_cpp_pkg' returned '0': CMAKE_PREFIX_PATH=${CMAKE_PREFIX_PATH}:/home/joergen/ros2_udemy/install/my_py_pkg:/opt/ros/humble /home/joergen/.local/bin/cmake --install /home/joergen/ros2_udemy/build/my_cpp_pkg
