[0.060s] Invoking command in '/home/joergen/ros2_udemy/build/my_robot_interfaces': CMAKE_PREFIX_PATH=${CMAKE_PREFIX_PATH}:/home/joergen/ros2_udemy/install/my_py_pkg:/opt/ros/humble /home/joergen/.local/bin/cmake --build /home/joergen/ros2_udemy/build/my_robot_interfaces -- -j8 -l8
[0.145s] -- Found ament_cmake: 1.3.4 (/opt/ros/humble/share/ament_cmake/cmake)
[0.395s] -- Found rosidl_default_generators: 1.2.0 (/opt/ros/humble/share/rosidl_default_generators/cmake)
[0.400s] -- Using all available rosidl_typesupport_c: rosidl_typesupport_fastrtps_c;rosidl_typesupport_introspection_c
[0.412s] -- Found rosidl_adapter: 3.1.4 (/opt/ros/humble/share/rosidl_adapter/cmake)
[0.519s] -- Using all available rosidl_typesupport_cpp: rosidl_typesupport_fastrtps_cpp;rosidl_typesupport_introspection_cpp
[0.908s] [31mCMake Error at /opt/ros/humble/share/rosidl_adapter/cmake/rosidl_adapt_interfaces.cmake:59 (message):
[0.909s]   execute_process(/usr/bin/python3.10 -m rosidl_adapter --package-name
[0.909s]   my_robot_interfaces --arguments-file
[0.909s]   /home/joergen/ros2_udemy/build/my_robot_interfaces/rosidl_adapter__arguments__my_robot_interfaces.json
[0.909s]   --output-dir
[0.909s]   /home/joergen/ros2_udemy/build/my_robot_interfaces/rosidl_adapter/my_robot_interfaces
[0.909s]   --output-file
[0.910s]   /home/joergen/ros2_udemy/build/my_robot_interfaces/rosidl_adapter/my_robot_interfaces.idls)
[0.910s]   returned error code 1:
[0.910s] 
[0.910s]   Traceback (most recent call last):
[0.910s] 
[0.910s]     File "/usr/lib/python3.10/runpy.py", line 196, in _run_module_as_main
[0.910s]       return _run_code(code, main_globals, None,
[0.911s]     File "/usr/lib/python3.10/runpy.py", line 86, in _run_code
[0.911s]       exec(code, run_globals)
[0.911s]     File "/opt/ros/humble/local/lib/python3.10/dist-packages/rosidl_adapter/__main__.py", line 19, in <module>
[0.911s]       sys.exit(main())
[0.911s]     File "/opt/ros/humble/local/lib/python3.10/dist-packages/rosidl_adapter/main.py", line 53, in main
[0.911s]       abs_idl_file = convert_to_idl(
[0.911s]     File "/opt/ros/humble/local/lib/python3.10/dist-packages/rosidl_adapter/__init__.py", line 19, in convert_to_idl
[0.911s]       return convert_msg_to_idl(
[0.912s]     File "/opt/ros/humble/local/lib/python3.10/dist-packages/rosidl_adapter/msg/__init__.py", line 28, in convert_msg_to_idl
[0.912s]       msg = parse_message_string(package_name, input_file.stem, content)
[0.912s]     File "/opt/ros/humble/local/lib/python3.10/dist-packages/rosidl_adapter/parser.py", line 544, in parse_message_string
[0.912s]       msg = MessageSpecification(pkg_name, msg_name, fields, constants)
[0.912s]     File "/opt/ros/humble/local/lib/python3.10/dist-packages/rosidl_adapter/parser.py", line 388, in __init__
[0.912s]       self.base_type = BaseType(
[0.912s]     File "/opt/ros/humble/local/lib/python3.10/dist-packages/rosidl_adapter/parser.py", line 205, in __init__
[0.912s]       raise InvalidResourceName(
[0.913s] 
[0.913s]   rosidl_adapter.parser.InvalidResourceName: 'led_states' is an invalid
[0.913s]   message name.  It should have the pattern '^[A-Z][A-Za-z0-9]*$'
[0.913s] 
[0.913s] Call Stack (most recent call first):
[0.913s]   /opt/ros/humble/share/rosidl_cmake/cmake/rosidl_generate_interfaces.cmake:130 (rosidl_adapt_interfaces)
[0.913s]   CMakeLists.txt:12 (rosidl_generate_interfaces)
[0.914s] 
[0.914s] [0m
[0.914s] -- Configuring incomplete, errors occurred!
[0.914s] See also "/home/joergen/ros2_udemy/build/my_robot_interfaces/CMakeFiles/CMakeOutput.log".
[0.915s] gmake: *** [Makefile:963: cmake_check_build_system] Error 1
[0.924s] Invoked command in '/home/joergen/ros2_udemy/build/my_robot_interfaces' returned '2': CMAKE_PREFIX_PATH=${CMAKE_PREFIX_PATH}:/home/joergen/ros2_udemy/install/my_py_pkg:/opt/ros/humble /home/joergen/.local/bin/cmake --build /home/joergen/ros2_udemy/build/my_robot_interfaces -- -j8 -l8
