[1.230s] Invoking command in '/home/joergen/ros2_udemy/build/my_py_pkg': PYTHONPATH=/home/joergen/ros2_udemy/build/my_py_pkg/prefix_override:/home/joergen/ros2_udemy/install/my_py_pkg/lib/python3.10/site-packages:${PYTHONPATH} /usr/bin/python3 setup.py develop --editable --build-directory /home/joergen/ros2_udemy/build/my_py_pkg/build --no-deps install_data
[1.742s] running develop
[2.055s] running egg_info
[2.055s] writing my_py_pkg.egg-info/PKG-INFO
[2.056s] writing dependency_links to my_py_pkg.egg-info/dependency_links.txt
[2.056s] writing entry points to my_py_pkg.egg-info/entry_points.txt
[2.057s] writing requirements to my_py_pkg.egg-info/requires.txt
[2.057s] writing top-level names to my_py_pkg.egg-info/top_level.txt
[2.061s] reading manifest file 'my_py_pkg.egg-info/SOURCES.txt'
[2.062s] writing manifest file 'my_py_pkg.egg-info/SOURCES.txt'
[2.066s] running build_ext
[2.067s] Creating /home/joergen/ros2_udemy/install/my_py_pkg/lib/python3.10/site-packages/my-py-pkg.egg-link (link to .)
[2.068s] Installing add_two_ints_server script to /home/joergen/ros2_udemy/install/my_py_pkg/lib/my_py_pkg
[2.069s] Installing number_counter script to /home/joergen/ros2_udemy/install/my_py_pkg/lib/my_py_pkg
[2.069s] Installing number_publisher script to /home/joergen/ros2_udemy/install/my_py_pkg/lib/my_py_pkg
[2.070s] Installing py_node script to /home/joergen/ros2_udemy/install/my_py_pkg/lib/my_py_pkg
[2.070s] Installing robot_news_station script to /home/joergen/ros2_udemy/install/my_py_pkg/lib/my_py_pkg
[2.071s] Installing smartphone script to /home/joergen/ros2_udemy/install/my_py_pkg/lib/my_py_pkg
[2.071s] 
[2.071s] Installed /home/joergen/ros2_udemy/build/my_py_pkg
[2.071s] running install_data
[2.150s] Invoked command in '/home/joergen/ros2_udemy/build/my_py_pkg' returned '0': PYTHONPATH=/home/joergen/ros2_udemy/build/my_py_pkg/prefix_override:/home/joergen/ros2_udemy/install/my_py_pkg/lib/python3.10/site-packages:${PYTHONPATH} /usr/bin/python3 setup.py develop --editable --build-directory /home/joergen/ros2_udemy/build/my_py_pkg/build --no-deps install_data
