[1.262s] Invoking command in '/home/joergen/ros2_udemy/build/my_py_pkg': PYTHONPATH=/home/joergen/ros2_udemy/build/my_py_pkg/prefix_override:/home/joergen/ros2_udemy/install/my_py_pkg/lib/python3.10/site-packages:${PYTHONPATH} /usr/bin/python3 setup.py develop --editable --build-directory /home/joergen/ros2_udemy/build/my_py_pkg/build --no-deps install_data
[1.790s] running develop
[2.088s] running egg_info
[2.089s] writing my_py_pkg.egg-info/PKG-INFO
[2.089s] writing dependency_links to my_py_pkg.egg-info/dependency_links.txt
[2.090s] writing entry points to my_py_pkg.egg-info/entry_points.txt
[2.090s] writing requirements to my_py_pkg.egg-info/requires.txt
[2.091s] writing top-level names to my_py_pkg.egg-info/top_level.txt
[2.094s] reading manifest file 'my_py_pkg.egg-info/SOURCES.txt'
[2.095s] writing manifest file 'my_py_pkg.egg-info/SOURCES.txt'
[2.098s] running build_ext
[2.098s] Creating /home/joergen/ros2_udemy/install/my_py_pkg/lib/python3.10/site-packages/my-py-pkg.egg-link (link to .)
[2.099s] Installing number_publisher script to /home/joergen/ros2_udemy/install/my_py_pkg/lib/my_py_pkg
[2.100s] Installing py_node script to /home/joergen/ros2_udemy/install/my_py_pkg/lib/my_py_pkg
[2.100s] Installing robot_news_station script to /home/joergen/ros2_udemy/install/my_py_pkg/lib/my_py_pkg
[2.100s] Installing smartphone script to /home/joergen/ros2_udemy/install/my_py_pkg/lib/my_py_pkg
[2.101s] 
[2.101s] Installed /home/joergen/ros2_udemy/build/my_py_pkg
[2.101s] running install_data
[2.177s] Invoked command in '/home/joergen/ros2_udemy/build/my_py_pkg' returned '0': PYTHONPATH=/home/joergen/ros2_udemy/build/my_py_pkg/prefix_override:/home/joergen/ros2_udemy/install/my_py_pkg/lib/python3.10/site-packages:${PYTHONPATH} /usr/bin/python3 setup.py develop --editable --build-directory /home/joergen/ros2_udemy/build/my_py_pkg/build --no-deps install_data
