[1.263s] Invoking command in '/home/joergen/ros2_udemy/build/my_py_pkg': PYTHONPATH=/home/joergen/ros2_udemy/build/my_py_pkg/prefix_override:/home/joergen/ros2_udemy/install/my_py_pkg/lib/python3.10/site-packages:${PYTHONPATH} /usr/bin/python3 setup.py develop --editable --build-directory /home/joergen/ros2_udemy/build/my_py_pkg/build --no-deps install_data
[1.737s] running develop
[2.058s] running egg_info
[2.059s] writing my_py_pkg.egg-info/PKG-INFO
[2.059s] writing dependency_links to my_py_pkg.egg-info/dependency_links.txt
[2.059s] writing entry points to my_py_pkg.egg-info/entry_points.txt
[2.060s] writing requirements to my_py_pkg.egg-info/requires.txt
[2.060s] writing top-level names to my_py_pkg.egg-info/top_level.txt
[2.063s] reading manifest file 'my_py_pkg.egg-info/SOURCES.txt'
[2.065s] writing manifest file 'my_py_pkg.egg-info/SOURCES.txt'
[2.067s] running build_ext
[2.068s] Creating /home/joergen/ros2_udemy/install/my_py_pkg/lib/python3.10/site-packages/my-py-pkg.egg-link (link to .)
[2.069s] Installing add_two_ints_client script to /home/joergen/ros2_udemy/install/my_py_pkg/lib/my_py_pkg
[2.070s] Installing add_two_ints_client_no_oop script to /home/joergen/ros2_udemy/install/my_py_pkg/lib/my_py_pkg
[2.070s] Installing add_two_ints_server script to /home/joergen/ros2_udemy/install/my_py_pkg/lib/my_py_pkg
[2.070s] Installing battery_client script to /home/joergen/ros2_udemy/install/my_py_pkg/lib/my_py_pkg
[2.071s] Installing hw_status_publisher script to /home/joergen/ros2_udemy/install/my_py_pkg/lib/my_py_pkg
[2.071s] Installing led_panel script to /home/joergen/ros2_udemy/install/my_py_pkg/lib/my_py_pkg
[2.071s] Installing number_counter script to /home/joergen/ros2_udemy/install/my_py_pkg/lib/my_py_pkg
[2.071s] Installing number_publisher script to /home/joergen/ros2_udemy/install/my_py_pkg/lib/my_py_pkg
[2.072s] Installing py_node script to /home/joergen/ros2_udemy/install/my_py_pkg/lib/my_py_pkg
[2.072s] Installing robot_news_station script to /home/joergen/ros2_udemy/install/my_py_pkg/lib/my_py_pkg
[2.072s] Installing smartphone script to /home/joergen/ros2_udemy/install/my_py_pkg/lib/my_py_pkg
[2.072s] 
[2.073s] Installed /home/joergen/ros2_udemy/build/my_py_pkg
[2.073s] running install_data
[2.131s] Invoked command in '/home/joergen/ros2_udemy/build/my_py_pkg' returned '0': PYTHONPATH=/home/joergen/ros2_udemy/build/my_py_pkg/prefix_override:/home/joergen/ros2_udemy/install/my_py_pkg/lib/python3.10/site-packages:${PYTHONPATH} /usr/bin/python3 setup.py develop --editable --build-directory /home/joergen/ros2_udemy/build/my_py_pkg/build --no-deps install_data
