[1.332s] Invoking command in '/home/joergen/ros2_udemy/build/my_py_pkg': PYTHONPATH=/home/joergen/ros2_udemy/build/my_py_pkg/prefix_override:/home/joergen/ros2_udemy/install/my_py_pkg/lib/python3.10/site-packages:${PYTHONPATH} /usr/bin/python3 setup.py develop --uninstall --editable --build-directory /home/joergen/ros2_udemy/build/my_py_pkg/build
[1.855s] running develop
[2.232s] Invoked command in '/home/joergen/ros2_udemy/build/my_py_pkg' returned '0': PYTHONPATH=/home/joergen/ros2_udemy/build/my_py_pkg/prefix_override:/home/joergen/ros2_udemy/install/my_py_pkg/lib/python3.10/site-packages:${PYTHONPATH} /usr/bin/python3 setup.py develop --uninstall --editable --build-directory /home/joergen/ros2_udemy/build/my_py_pkg/build
[2.236s] Invoking command in '/home/joergen/ros2_udemy/src/my_py_pkg': PYTHONPATH=/home/joergen/ros2_udemy/build/my_py_pkg/prefix_override:/home/joergen/ros2_udemy/install/my_py_pkg/lib/python3.10/site-packages:${PYTHONPATH} /usr/bin/python3 setup.py egg_info --egg-base ../../build/my_py_pkg build --build-base /home/joergen/ros2_udemy/build/my_py_pkg/build install --record /home/joergen/ros2_udemy/build/my_py_pkg/install.log --single-version-externally-managed
[2.700s] running egg_info
[2.702s] writing ../../build/my_py_pkg/my_py_pkg.egg-info/PKG-INFO
[2.703s] writing dependency_links to ../../build/my_py_pkg/my_py_pkg.egg-info/dependency_links.txt
[2.704s] writing entry points to ../../build/my_py_pkg/my_py_pkg.egg-info/entry_points.txt
[2.704s] writing requirements to ../../build/my_py_pkg/my_py_pkg.egg-info/requires.txt
[2.704s] writing top-level names to ../../build/my_py_pkg/my_py_pkg.egg-info/top_level.txt
[2.709s] reading manifest file '../../build/my_py_pkg/my_py_pkg.egg-info/SOURCES.txt'
[2.710s] writing manifest file '../../build/my_py_pkg/my_py_pkg.egg-info/SOURCES.txt'
[2.711s] running build
[2.711s] running build_py
[2.711s] copying my_py_pkg/number_publisher.py -> /home/joergen/ros2_udemy/build/my_py_pkg/build/lib/my_py_pkg
[2.712s] running install
[2.712s] running install_lib
[2.714s] copying /home/joergen/ros2_udemy/build/my_py_pkg/build/lib/my_py_pkg/number_publisher.py -> /home/joergen/ros2_udemy/install/my_py_pkg/lib/python3.10/site-packages/my_py_pkg
[2.715s] byte-compiling /home/joergen/ros2_udemy/install/my_py_pkg/lib/python3.10/site-packages/my_py_pkg/number_publisher.py to number_publisher.cpython-310.pyc
[2.716s] running install_data
[2.716s] running install_egg_info
[2.719s] removing '/home/joergen/ros2_udemy/install/my_py_pkg/lib/python3.10/site-packages/my_py_pkg-0.0.0-py3.10.egg-info' (and everything under it)
[2.719s] Copying ../../build/my_py_pkg/my_py_pkg.egg-info to /home/joergen/ros2_udemy/install/my_py_pkg/lib/python3.10/site-packages/my_py_pkg-0.0.0-py3.10.egg-info
[2.721s] running install_scripts
[2.755s] Installing number_publisher script to /home/joergen/ros2_udemy/install/my_py_pkg/lib/my_py_pkg
[2.755s] Installing py_node script to /home/joergen/ros2_udemy/install/my_py_pkg/lib/my_py_pkg
[2.756s] Installing robot_news_station script to /home/joergen/ros2_udemy/install/my_py_pkg/lib/my_py_pkg
[2.756s] Installing smartphone script to /home/joergen/ros2_udemy/install/my_py_pkg/lib/my_py_pkg
[2.756s] writing list of installed files to '/home/joergen/ros2_udemy/build/my_py_pkg/install.log'
[2.799s] Invoked command in '/home/joergen/ros2_udemy/src/my_py_pkg' returned '0': PYTHONPATH=/home/joergen/ros2_udemy/build/my_py_pkg/prefix_override:/home/joergen/ros2_udemy/install/my_py_pkg/lib/python3.10/site-packages:${PYTHONPATH} /usr/bin/python3 setup.py egg_info --egg-base ../../build/my_py_pkg build --build-base /home/joergen/ros2_udemy/build/my_py_pkg/build install --record /home/joergen/ros2_udemy/build/my_py_pkg/install.log --single-version-externally-managed
