[0.091s] Invoking command in '/home/joergen/ros2_udemy/build/my_cpp_pkg': CMAKE_PREFIX_PATH=${CMAKE_PREFIX_PATH}:/home/joergen/ros2_udemy/install/my_py_pkg:/opt/ros/humble /home/joergen/.local/bin/cmake --build /home/joergen/ros2_udemy/build/my_cpp_pkg -- -j8 -l8
[0.704s] [100%] Built target cpp_node
[0.726s] Invoked command in '/home/joergen/ros2_udemy/build/my_cpp_pkg' returned '0': CMAKE_PREFIX_PATH=${CMAKE_PREFIX_PATH}:/home/joergen/ros2_udemy/install/my_py_pkg:/opt/ros/humble /home/joergen/.local/bin/cmake --build /home/joergen/ros2_udemy/build/my_cpp_pkg -- -j8 -l8
[0.906s] Invoking command in '/home/joergen/ros2_udemy/build/my_cpp_pkg': CMAKE_PREFIX_PATH=${CMAKE_PREFIX_PATH}:/home/joergen/ros2_udemy/install/my_py_pkg:/opt/ros/humble /home/joergen/.local/bin/cmake --install /home/joergen/ros2_udemy/build/my_cpp_pkg
[0.962s] -- Install configuration: ""
[0.964s] -- Execute custom install script
[0.965s] -- Up-to-date symlink: /home/joergen/ros2_udemy/install/my_cpp_pkg/lib/my_cpp_pkg/cpp_node
[0.966s] -- Up-to-date symlink: /home/joergen/ros2_udemy/install/my_cpp_pkg/share/ament_index/resource_index/package_run_dependencies/my_cpp_pkg
[0.967s] -- Up-to-date symlink: /home/joergen/ros2_udemy/install/my_cpp_pkg/share/ament_index/resource_index/parent_prefix_path/my_cpp_pkg
[0.968s] -- Up-to-date symlink: /home/joergen/ros2_udemy/install/my_cpp_pkg/share/my_cpp_pkg/environment/ament_prefix_path.sh
[0.969s] -- Up-to-date symlink: /home/joergen/ros2_udemy/install/my_cpp_pkg/share/my_cpp_pkg/environment/ament_prefix_path.dsv
[0.970s] -- Up-to-date symlink: /home/joergen/ros2_udemy/install/my_cpp_pkg/share/my_cpp_pkg/environment/path.sh
[0.970s] -- Up-to-date symlink: /home/joergen/ros2_udemy/install/my_cpp_pkg/share/my_cpp_pkg/environment/path.dsv
[0.971s] -- Up-to-date symlink: /home/joergen/ros2_udemy/install/my_cpp_pkg/share/my_cpp_pkg/local_setup.bash
[0.972s] -- Up-to-date symlink: /home/joergen/ros2_udemy/install/my_cpp_pkg/share/my_cpp_pkg/local_setup.sh
[0.972s] -- Up-to-date symlink: /home/joergen/ros2_udemy/install/my_cpp_pkg/share/my_cpp_pkg/local_setup.zsh
[0.974s] -- Up-to-date symlink: /home/joergen/ros2_udemy/install/my_cpp_pkg/share/my_cpp_pkg/local_setup.dsv
[0.975s] -- Symlinking: /home/joergen/ros2_udemy/install/my_cpp_pkg/share/my_cpp_pkg/package.dsv
[0.981s] -- Up-to-date symlink: /home/joergen/ros2_udemy/install/my_cpp_pkg/share/ament_index/resource_index/packages/my_cpp_pkg
[0.982s] -- Up-to-date symlink: /home/joergen/ros2_udemy/install/my_cpp_pkg/share/my_cpp_pkg/cmake/my_cpp_pkgConfig.cmake
[0.983s] -- Up-to-date symlink: /home/joergen/ros2_udemy/install/my_cpp_pkg/share/my_cpp_pkg/cmake/my_cpp_pkgConfig-version.cmake
[0.983s] -- Up-to-date symlink: /home/joergen/ros2_udemy/install/my_cpp_pkg/share/my_cpp_pkg/package.xml
[0.993s] Invoked command in '/home/joergen/ros2_udemy/build/my_cpp_pkg' returned '0': CMAKE_PREFIX_PATH=${CMAKE_PREFIX_PATH}:/home/joergen/ros2_udemy/install/my_py_pkg:/opt/ros/humble /home/joergen/.local/bin/cmake --install /home/joergen/ros2_udemy/build/my_cpp_pkg
