[0.071s] Invoking command in '/home/joergen/ros2_udemy/build/my_robot_interfaces': CMAKE_PREFIX_PATH=${CMAKE_PREFIX_PATH}:/home/joergen/ros2_udemy/install/my_py_pkg:/opt/ros/humble /home/joergen/.local/bin/cmake /home/joergen/ros2_udemy/src/my_robot_interfaces -DAMENT_CMAKE_SYMLINK_INSTALL=1 -DCMAKE_INSTALL_PREFIX=/home/joergen/ros2_udemy/install/my_robot_interfaces
[0.139s] -- Found ament_cmake: 1.3.4 (/opt/ros/humble/share/ament_cmake/cmake)
[0.424s] -- Override CMake install command with custom implementation using symlinks instead of copying resources
[0.450s] -- Found rosidl_default_generators: 1.2.0 (/opt/ros/humble/share/rosidl_default_generators/cmake)
[0.456s] -- Using all available rosidl_typesupport_c: rosidl_typesupport_fastrtps_c;rosidl_typesupport_introspection_c
[0.466s] -- Found rosidl_adapter: 3.1.4 (/opt/ros/humble/share/rosidl_adapter/cmake)
[0.556s] -- Using all available rosidl_typesupport_cpp: rosidl_typesupport_fastrtps_cpp;rosidl_typesupport_introspection_cpp
[0.863s] -- Found ament_cmake_ros: 0.10.0 (/opt/ros/humble/share/ament_cmake_ros/cmake)
[0.970s] -- Using all available rosidl_typesupport_c: rosidl_typesupport_fastrtps_c;rosidl_typesupport_introspection_c
[1.139s] -- Using all available rosidl_typesupport_cpp: rosidl_typesupport_fastrtps_cpp;rosidl_typesupport_introspection_cpp
[1.172s] -- Found python_cmake_module: 0.10.0 (/opt/ros/humble/share/python_cmake_module/cmake)
[1.204s] -- Using PYTHON_EXECUTABLE: /usr/bin/python3
[1.204s] -- Using PYTHON_INCLUDE_DIRS: /usr/include/python3.10
[1.205s] -- Using PYTHON_LIBRARIES: /usr/lib/x86_64-linux-gnu/libpython3.10.so
[1.259s] -- Configuring done
[1.352s] -- Generating done
[1.358s] -- Build files have been written to: /home/joergen/ros2_udemy/build/my_robot_interfaces
[1.377s] Invoked command in '/home/joergen/ros2_udemy/build/my_robot_interfaces' returned '0': CMAKE_PREFIX_PATH=${CMAKE_PREFIX_PATH}:/home/joergen/ros2_udemy/install/my_py_pkg:/opt/ros/humble /home/joergen/.local/bin/cmake /home/joergen/ros2_udemy/src/my_robot_interfaces -DAMENT_CMAKE_SYMLINK_INSTALL=1 -DCMAKE_INSTALL_PREFIX=/home/joergen/ros2_udemy/install/my_robot_interfaces
[1.378s] Invoking command in '/home/joergen/ros2_udemy/build/my_robot_interfaces': CMAKE_PREFIX_PATH=${CMAKE_PREFIX_PATH}:/home/joergen/ros2_udemy/install/my_py_pkg:/opt/ros/humble /home/joergen/.local/bin/cmake --build /home/joergen/ros2_udemy/build/my_robot_interfaces -- -j8 -l8
[1.456s] [  2%] [34m[1mGenerating C code for ROS interfaces[0m
[1.486s] failed to create symbolic link '/home/joergen/ros2_udemy/build/my_robot_interfaces/ament_cmake_python/my_robot_interfaces/my_robot_interfaces' because existing path cannot be removed: Is a directory
[1.489s] gmake[2]: *** [CMakeFiles/ament_cmake_python_symlink_my_robot_interfaces.dir/build.make:70: CMakeFiles/ament_cmake_python_symlink_my_robot_interfaces] Error 1
[1.489s] gmake[1]: *** [CMakeFiles/Makefile2:421: CMakeFiles/ament_cmake_python_symlink_my_robot_interfaces.dir/all] Error 2
[1.489s] gmake[1]: *** Waiting for unfinished jobs....
[1.489s] [  5%] [34m[1mGenerating C++ code for ROS interfaces[0m
[2.031s] [  7%] [32mBuilding C object CMakeFiles/my_robot_interfaces__rosidl_generator_c.dir/rosidl_generator_c/my_robot_interfaces/srv/detail/compute_rectangle_area__functions.c.o[0m
[2.033s] [ 10%] [32mBuilding C object CMakeFiles/my_robot_interfaces__rosidl_generator_c.dir/rosidl_generator_c/my_robot_interfaces/msg/detail/hardware_status__functions.c.o[0m
[2.089s] [ 10%] Built target my_robot_interfaces__cpp
[2.145s] [ 12%] [32m[1mLinking C shared library libmy_robot_interfaces__rosidl_generator_c.so[0m
[2.182s] [ 12%] Built target my_robot_interfaces__rosidl_generator_c
[2.182s] gmake: *** [Makefile:146: all] Error 2
[2.198s] Invoked command in '/home/joergen/ros2_udemy/build/my_robot_interfaces' returned '2': CMAKE_PREFIX_PATH=${CMAKE_PREFIX_PATH}:/home/joergen/ros2_udemy/install/my_py_pkg:/opt/ros/humble /home/joergen/.local/bin/cmake --build /home/joergen/ros2_udemy/build/my_robot_interfaces -- -j8 -l8
