[0.052s] Invoking command in '/home/joergen/ros2_udemy/build/my_robot_interfaces': CMAKE_PREFIX_PATH=${CMAKE_PREFIX_PATH}:/home/joergen/ros2_udemy/install/my_py_pkg:/opt/ros/humble /home/joergen/.local/bin/cmake /home/joergen/ros2_udemy/src/my_robot_interfaces -DCMAKE_INSTALL_PREFIX=/home/joergen/ros2_udemy/install/my_robot_interfaces
[0.213s] -- The C compiler identification is GNU 11.3.0
[0.353s] -- The CXX compiler identification is GNU 11.3.0
[0.381s] -- Detecting C compiler ABI info
[0.486s] -- Detecting C compiler ABI info - done
[0.510s] -- Check for working C compiler: /usr/bin/cc - skipped
[0.510s] -- Detecting C compile features
[0.511s] -- Detecting C compile features - done
[0.519s] -- Detecting CXX compiler ABI info
[0.645s] -- Detecting CXX compiler ABI info - done
[0.672s] -- Check for working CXX compiler: /usr/bin/c++ - skipped
[0.673s] -- Detecting CXX compile features
[0.674s] -- Detecting CXX compile features - done
[0.678s] -- Found ament_cmake: 1.3.4 (/opt/ros/humble/share/ament_cmake/cmake)
[1.272s] -- Found Python3: /usr/bin/python3.10 (found version "3.10.6") found components: Interpreter 
[1.432s] -- Found rosidl_default_generators: 1.2.0 (/opt/ros/humble/share/rosidl_default_generators/cmake)
[1.438s] -- Using all available rosidl_typesupport_c: rosidl_typesupport_fastrtps_c;rosidl_typesupport_introspection_c
[1.451s] -- Found rosidl_adapter: 3.1.4 (/opt/ros/humble/share/rosidl_adapter/cmake)
[1.541s] -- Using all available rosidl_typesupport_cpp: rosidl_typesupport_fastrtps_cpp;rosidl_typesupport_introspection_cpp
[2.005s] -- Found ament_cmake_ros: 0.10.0 (/opt/ros/humble/share/ament_cmake_ros/cmake)
[2.171s] -- Using all available rosidl_typesupport_c: rosidl_typesupport_fastrtps_c;rosidl_typesupport_introspection_c
[2.393s] -- Using all available rosidl_typesupport_cpp: rosidl_typesupport_fastrtps_cpp;rosidl_typesupport_introspection_cpp
[2.432s] -- Found PythonInterp: /usr/bin/python3 (found suitable version "3.10.6", minimum required is "3.6") 
[2.435s] -- Found python_cmake_module: 0.10.0 (/opt/ros/humble/share/python_cmake_module/cmake)
[2.481s] -- Found PythonLibs: /usr/lib/x86_64-linux-gnu/libpython3.10.so (found suitable version "3.10.6", minimum required is "3.5") 
[2.482s] -- Using PYTHON_EXECUTABLE: /usr/bin/python3
[2.482s] -- Using PYTHON_INCLUDE_DIRS: /usr/include/python3.10
[2.482s] -- Using PYTHON_LIBRARIES: /usr/lib/x86_64-linux-gnu/libpython3.10.so
[2.518s] -- Found PythonExtra: .so  
[2.597s] -- Configuring done
[2.683s] -- Generating done
[2.691s] -- Build files have been written to: /home/joergen/ros2_udemy/build/my_robot_interfaces
[2.711s] Invoked command in '/home/joergen/ros2_udemy/build/my_robot_interfaces' returned '0': CMAKE_PREFIX_PATH=${CMAKE_PREFIX_PATH}:/home/joergen/ros2_udemy/install/my_py_pkg:/opt/ros/humble /home/joergen/.local/bin/cmake /home/joergen/ros2_udemy/src/my_robot_interfaces -DCMAKE_INSTALL_PREFIX=/home/joergen/ros2_udemy/install/my_robot_interfaces
[2.714s] Invoking command in '/home/joergen/ros2_udemy/build/my_robot_interfaces': CMAKE_PREFIX_PATH=${CMAKE_PREFIX_PATH}:/home/joergen/ros2_udemy/install/my_py_pkg:/opt/ros/humble /home/joergen/.local/bin/cmake --build /home/joergen/ros2_udemy/build/my_robot_interfaces -- -j8 -l8
[2.793s] [  2%] [34m[1mGenerating C code for ROS interfaces[0m
[2.800s] [  5%] [34m[1mGenerating C++ code for ROS interfaces[0m
[2.805s] [  5%] Built target ament_cmake_python_copy_my_robot_interfaces
[3.385s] running egg_info
[3.387s] creating my_robot_interfaces.egg-info
[3.387s] writing my_robot_interfaces.egg-info/PKG-INFO
[3.388s] writing dependency_links to my_robot_interfaces.egg-info/dependency_links.txt
[3.388s] writing top-level names to my_robot_interfaces.egg-info/top_level.txt
[3.389s] writing manifest file 'my_robot_interfaces.egg-info/SOURCES.txt'
[3.394s] reading manifest file 'my_robot_interfaces.egg-info/SOURCES.txt'
[3.396s] writing manifest file 'my_robot_interfaces.egg-info/SOURCES.txt'
[3.432s] [  5%] Built target ament_cmake_python_build_my_robot_interfaces_egg
[3.499s] [  5%] Built target my_robot_interfaces__cpp
[3.504s] [ 10%] [34m[1mGenerating C++ type support dispatch for ROS interfaces[0m
[3.504s] [ 10%] [34m[1mGenerating C++ type support for eProsima Fast-RTPS[0m
[3.507s] [ 12%] [34m[1mGenerating C++ introspection for ROS interfaces[0m
[3.534s] [ 15%] [32mBuilding C object CMakeFiles/my_robot_interfaces__rosidl_generator_c.dir/rosidl_generator_c/my_robot_interfaces/msg/detail/hardware_status__functions.c.o[0m
[3.535s] [ 17%] [32mBuilding C object CMakeFiles/my_robot_interfaces__rosidl_generator_c.dir/rosidl_generator_c/my_robot_interfaces/srv/detail/compute_rectangle_area__functions.c.o[0m
[3.653s] [ 20%] [32m[1mLinking C shared library libmy_robot_interfaces__rosidl_generator_c.so[0m
[3.714s] [ 20%] Built target my_robot_interfaces__rosidl_generator_c
[3.726s] [ 25%] [34m[1mGenerating C type support for eProsima Fast-RTPS[0m
[3.727s] [ 28%] [34m[1mGenerating C introspection for ROS interfaces[0m
[3.727s] [ 28%] [34m[1mGenerating C type support dispatch for ROS interfaces[0m
[4.110s] [ 30%] [32mBuilding CXX object CMakeFiles/my_robot_interfaces__rosidl_typesupport_cpp.dir/rosidl_typesupport_cpp/my_robot_interfaces/msg/hardware_status__type_support.cpp.o[0m
[4.110s] [ 33%] [32mBuilding CXX object CMakeFiles/my_robot_interfaces__rosidl_typesupport_cpp.dir/rosidl_typesupport_cpp/my_robot_interfaces/srv/compute_rectangle_area__type_support.cpp.o[0m
[4.113s] [ 38%] [32mBuilding CXX object CMakeFiles/my_robot_interfaces__rosidl_typesupport_introspection_cpp.dir/rosidl_typesupport_introspection_cpp/my_robot_interfaces/srv/detail/compute_rectangle_area__type_support.cpp.o[0m
[4.113s] [ 38%] [32mBuilding CXX object CMakeFiles/my_robot_interfaces__rosidl_typesupport_introspection_cpp.dir/rosidl_typesupport_introspection_cpp/my_robot_interfaces/msg/detail/hardware_status__type_support.cpp.o[0m
[4.180s] [ 41%] [32mBuilding CXX object CMakeFiles/my_robot_interfaces__rosidl_typesupport_fastrtps_cpp.dir/rosidl_typesupport_fastrtps_cpp/my_robot_interfaces/msg/detail/dds_fastrtps/hardware_status__type_support.cpp.o[0m
[4.279s] [ 43%] [32mBuilding CXX object CMakeFiles/my_robot_interfaces__rosidl_typesupport_c.dir/rosidl_typesupport_c/my_robot_interfaces/msg/hardware_status__type_support.cpp.o[0m
[4.303s] [ 46%] [32mBuilding C object CMakeFiles/my_robot_interfaces__rosidl_typesupport_introspection_c.dir/rosidl_typesupport_introspection_c/my_robot_interfaces/msg/detail/hardware_status__type_support.c.o[0m
[4.339s] [ 48%] [32mBuilding CXX object CMakeFiles/my_robot_interfaces__rosidl_typesupport_c.dir/rosidl_typesupport_c/my_robot_interfaces/srv/compute_rectangle_area__type_support.cpp.o[0m
[4.356s] [ 51%] [32mBuilding CXX object CMakeFiles/my_robot_interfaces__rosidl_typesupport_fastrtps_c.dir/rosidl_typesupport_fastrtps_c/my_robot_interfaces/msg/detail/hardware_status__type_support_c.cpp.o[0m
[4.381s] [ 53%] [32mBuilding C object CMakeFiles/my_robot_interfaces__rosidl_typesupport_introspection_c.dir/rosidl_typesupport_introspection_c/my_robot_interfaces/srv/detail/compute_rectangle_area__type_support.c.o[0m
[4.451s] [ 56%] [32m[1mLinking CXX shared library libmy_robot_interfaces__rosidl_typesupport_c.so[0m
[4.507s] [ 58%] [32m[1mLinking C shared library libmy_robot_interfaces__rosidl_typesupport_introspection_c.so[0m
[4.575s] [ 61%] [32mBuilding CXX object CMakeFiles/my_robot_interfaces__rosidl_typesupport_fastrtps_c.dir/rosidl_typesupport_fastrtps_c/my_robot_interfaces/srv/detail/compute_rectangle_area__type_support_c.cpp.o[0m
[4.580s] [ 61%] Built target my_robot_interfaces__rosidl_typesupport_introspection_c
[4.586s] [ 64%] [32mBuilding CXX object CMakeFiles/my_robot_interfaces__rosidl_typesupport_fastrtps_cpp.dir/rosidl_typesupport_fastrtps_cpp/my_robot_interfaces/srv/detail/dds_fastrtps/compute_rectangle_area__type_support.cpp.o[0m
[4.595s] [ 64%] Built target my_robot_interfaces__rosidl_typesupport_c
[4.635s] [ 66%] [32m[1mLinking CXX shared library libmy_robot_interfaces__rosidl_typesupport_cpp.so[0m
[4.753s] [ 66%] Built target my_robot_interfaces__rosidl_typesupport_cpp
[4.761s] [ 69%] [32m[1mLinking CXX shared library libmy_robot_interfaces__rosidl_typesupport_introspection_cpp.so[0m
[4.859s] [ 69%] Built target my_robot_interfaces__rosidl_typesupport_introspection_cpp
[4.985s] [ 71%] [32m[1mLinking CXX shared library libmy_robot_interfaces__rosidl_typesupport_fastrtps_c.so[0m
[5.061s] [ 74%] Built target my_robot_interfaces__rosidl_typesupport_fastrtps_c
[5.061s] [ 74%] [32m[1mLinking CXX shared library libmy_robot_interfaces__rosidl_typesupport_fastrtps_cpp.so[0m
[5.134s] [ 74%] Built target my_robot_interfaces__rosidl_typesupport_fastrtps_cpp
[5.142s] [ 74%] Built target my_robot_interfaces
[5.150s] [ 76%] [34m[1mGenerating Python code for ROS interfaces[0m
[5.671s] [ 76%] Built target my_robot_interfaces__py
[5.679s] [ 79%] [32mBuilding C object CMakeFiles/my_robot_interfaces__rosidl_generator_py.dir/rosidl_generator_py/my_robot_interfaces/msg/_hardware_status_s.c.o[0m
[5.680s] [ 82%] [32mBuilding C object CMakeFiles/my_robot_interfaces__rosidl_generator_py.dir/rosidl_generator_py/my_robot_interfaces/srv/_compute_rectangle_area_s.c.o[0m
[5.852s] [ 84%] [32m[1mLinking C shared library rosidl_generator_py/my_robot_interfaces/libmy_robot_interfaces__rosidl_generator_py.so[0m
[5.894s] [ 84%] Built target my_robot_interfaces__rosidl_generator_py
[5.912s] [ 87%] [32mBuilding C object CMakeFiles/my_robot_interfaces__rosidl_typesupport_introspection_c__pyext.dir/rosidl_generator_py/my_robot_interfaces/_my_robot_interfaces_s.ep.rosidl_typesupport_introspection_c.c.o[0m
[5.913s] [ 89%] [32mBuilding C object CMakeFiles/my_robot_interfaces__rosidl_typesupport_fastrtps_c__pyext.dir/rosidl_generator_py/my_robot_interfaces/_my_robot_interfaces_s.ep.rosidl_typesupport_fastrtps_c.c.o[0m
[5.915s] [ 92%] [32mBuilding C object CMakeFiles/my_robot_interfaces__rosidl_typesupport_c__pyext.dir/rosidl_generator_py/my_robot_interfaces/_my_robot_interfaces_s.ep.rosidl_typesupport_c.c.o[0m
[6.072s] [ 94%] [32m[1mLinking C shared library rosidl_generator_py/my_robot_interfaces/my_robot_interfaces_s__rosidl_typesupport_fastrtps_c.cpython-310-x86_64-linux-gnu.so[0m
[6.079s] [ 97%] [32m[1mLinking C shared library rosidl_generator_py/my_robot_interfaces/my_robot_interfaces_s__rosidl_typesupport_c.cpython-310-x86_64-linux-gnu.so[0m
[6.118s] [100%] Built target my_robot_interfaces__rosidl_typesupport_c__pyext
[6.119s] [100%] [32m[1mLinking C shared library rosidl_generator_py/my_robot_interfaces/my_robot_interfaces_s__rosidl_typesupport_introspection_c.cpython-310-x86_64-linux-gnu.so[0m
[6.122s] [100%] Built target my_robot_interfaces__rosidl_typesupport_fastrtps_c__pyext
[6.150s] [100%] Built target my_robot_interfaces__rosidl_typesupport_introspection_c__pyext
[6.165s] Invoked command in '/home/joergen/ros2_udemy/build/my_robot_interfaces' returned '0': CMAKE_PREFIX_PATH=${CMAKE_PREFIX_PATH}:/home/joergen/ros2_udemy/install/my_py_pkg:/opt/ros/humble /home/joergen/.local/bin/cmake --build /home/joergen/ros2_udemy/build/my_robot_interfaces -- -j8 -l8
[6.406s] Invoking command in '/home/joergen/ros2_udemy/build/my_robot_interfaces': CMAKE_PREFIX_PATH=${CMAKE_PREFIX_PATH}:/home/joergen/ros2_udemy/install/my_py_pkg:/opt/ros/humble /home/joergen/.local/bin/cmake --install /home/joergen/ros2_udemy/build/my_robot_interfaces
[6.458s] -- Install configuration: ""
[6.458s] -- Installing: /home/joergen/ros2_udemy/install/my_robot_interfaces/share/ament_index/resource_index/rosidl_interfaces/my_robot_interfaces
[6.459s] -- Installing: /home/joergen/ros2_udemy/install/my_robot_interfaces/include/my_robot_interfaces/my_robot_interfaces
[6.459s] -- Installing: /home/joergen/ros2_udemy/install/my_robot_interfaces/include/my_robot_interfaces/my_robot_interfaces/msg
[6.459s] -- Installing: /home/joergen/ros2_udemy/install/my_robot_interfaces/include/my_robot_interfaces/my_robot_interfaces/msg/detail
[6.460s] -- Installing: /home/joergen/ros2_udemy/install/my_robot_interfaces/include/my_robot_interfaces/my_robot_interfaces/msg/detail/hardware_status__functions.c
[6.460s] -- Installing: /home/joergen/ros2_udemy/install/my_robot_interfaces/include/my_robot_interfaces/my_robot_interfaces/msg/detail/hardware_status__functions.h
[6.461s] -- Installing: /home/joergen/ros2_udemy/install/my_robot_interfaces/include/my_robot_interfaces/my_robot_interfaces/msg/detail/hardware_status__type_support.h
[6.461s] -- Installing: /home/joergen/ros2_udemy/install/my_robot_interfaces/include/my_robot_interfaces/my_robot_interfaces/msg/detail/hardware_status__struct.h
[6.461s] -- Installing: /home/joergen/ros2_udemy/install/my_robot_interfaces/include/my_robot_interfaces/my_robot_interfaces/msg/rosidl_generator_c__visibility_control.h
[6.461s] -- Installing: /home/joergen/ros2_udemy/install/my_robot_interfaces/include/my_robot_interfaces/my_robot_interfaces/msg/hardware_status.h
[6.462s] -- Installing: /home/joergen/ros2_udemy/install/my_robot_interfaces/include/my_robot_interfaces/my_robot_interfaces/srv
[6.462s] -- Installing: /home/joergen/ros2_udemy/install/my_robot_interfaces/include/my_robot_interfaces/my_robot_interfaces/srv/compute_rectangle_area.h
[6.462s] -- Installing: /home/joergen/ros2_udemy/install/my_robot_interfaces/include/my_robot_interfaces/my_robot_interfaces/srv/detail
[6.462s] -- Installing: /home/joergen/ros2_udemy/install/my_robot_interfaces/include/my_robot_interfaces/my_robot_interfaces/srv/detail/compute_rectangle_area__struct.h
[6.463s] -- Installing: /home/joergen/ros2_udemy/install/my_robot_interfaces/include/my_robot_interfaces/my_robot_interfaces/srv/detail/compute_rectangle_area__functions.h
[6.463s] -- Installing: /home/joergen/ros2_udemy/install/my_robot_interfaces/include/my_robot_interfaces/my_robot_interfaces/srv/detail/compute_rectangle_area__type_support.h
[6.463s] -- Installing: /home/joergen/ros2_udemy/install/my_robot_interfaces/include/my_robot_interfaces/my_robot_interfaces/srv/detail/compute_rectangle_area__functions.c
[6.464s] -- Installing: /home/joergen/ros2_udemy/install/my_robot_interfaces/share/my_robot_interfaces/environment/library_path.sh
[6.464s] -- Installing: /home/joergen/ros2_udemy/install/my_robot_interfaces/share/my_robot_interfaces/environment/library_path.dsv
[6.464s] -- Installing: /home/joergen/ros2_udemy/install/my_robot_interfaces/lib/libmy_robot_interfaces__rosidl_generator_c.so
[6.465s] -- Set runtime path of "/home/joergen/ros2_udemy/install/my_robot_interfaces/lib/libmy_robot_interfaces__rosidl_generator_c.so" to ""
[6.465s] -- Up-to-date: /home/joergen/ros2_udemy/install/my_robot_interfaces/include/my_robot_interfaces/my_robot_interfaces
[6.466s] -- Up-to-date: /home/joergen/ros2_udemy/install/my_robot_interfaces/include/my_robot_interfaces/my_robot_interfaces/msg
[6.466s] -- Installing: /home/joergen/ros2_udemy/install/my_robot_interfaces/include/my_robot_interfaces/my_robot_interfaces/msg/rosidl_typesupport_fastrtps_c__visibility_control.h
[6.467s] -- Up-to-date: /home/joergen/ros2_udemy/install/my_robot_interfaces/include/my_robot_interfaces/my_robot_interfaces/msg/detail
[6.467s] -- Installing: /home/joergen/ros2_udemy/install/my_robot_interfaces/include/my_robot_interfaces/my_robot_interfaces/msg/detail/hardware_status__rosidl_typesupport_fastrtps_c.h
[6.467s] -- Up-to-date: /home/joergen/ros2_udemy/install/my_robot_interfaces/include/my_robot_interfaces/my_robot_interfaces/srv
[6.468s] -- Up-to-date: /home/joergen/ros2_udemy/install/my_robot_interfaces/include/my_robot_interfaces/my_robot_interfaces/srv/detail
[6.468s] -- Installing: /home/joergen/ros2_udemy/install/my_robot_interfaces/include/my_robot_interfaces/my_robot_interfaces/srv/detail/compute_rectangle_area__rosidl_typesupport_fastrtps_c.h
[6.468s] -- Installing: /home/joergen/ros2_udemy/install/my_robot_interfaces/lib/libmy_robot_interfaces__rosidl_typesupport_fastrtps_c.so
[6.469s] -- Set runtime path of "/home/joergen/ros2_udemy/install/my_robot_interfaces/lib/libmy_robot_interfaces__rosidl_typesupport_fastrtps_c.so" to ""
[6.469s] -- Up-to-date: /home/joergen/ros2_udemy/install/my_robot_interfaces/include/my_robot_interfaces/my_robot_interfaces
[6.469s] -- Up-to-date: /home/joergen/ros2_udemy/install/my_robot_interfaces/include/my_robot_interfaces/my_robot_interfaces/msg
[6.469s] -- Up-to-date: /home/joergen/ros2_udemy/install/my_robot_interfaces/include/my_robot_interfaces/my_robot_interfaces/msg/detail
[6.469s] -- Installing: /home/joergen/ros2_udemy/install/my_robot_interfaces/include/my_robot_interfaces/my_robot_interfaces/msg/detail/hardware_status__type_support.c
[6.470s] -- Installing: /home/joergen/ros2_udemy/install/my_robot_interfaces/include/my_robot_interfaces/my_robot_interfaces/msg/detail/hardware_status__rosidl_typesupport_introspection_c.h
[6.470s] -- Installing: /home/joergen/ros2_udemy/install/my_robot_interfaces/include/my_robot_interfaces/my_robot_interfaces/msg/rosidl_typesupport_introspection_c__visibility_control.h
[6.470s] -- Up-to-date: /home/joergen/ros2_udemy/install/my_robot_interfaces/include/my_robot_interfaces/my_robot_interfaces/srv
[6.471s] -- Up-to-date: /home/joergen/ros2_udemy/install/my_robot_interfaces/include/my_robot_interfaces/my_robot_interfaces/srv/detail
[6.471s] -- Installing: /home/joergen/ros2_udemy/install/my_robot_interfaces/include/my_robot_interfaces/my_robot_interfaces/srv/detail/compute_rectangle_area__rosidl_typesupport_introspection_c.h
[6.471s] -- Installing: /home/joergen/ros2_udemy/install/my_robot_interfaces/include/my_robot_interfaces/my_robot_interfaces/srv/detail/compute_rectangle_area__type_support.c
[6.472s] -- Installing: /home/joergen/ros2_udemy/install/my_robot_interfaces/lib/libmy_robot_interfaces__rosidl_typesupport_introspection_c.so
[6.472s] -- Set runtime path of "/home/joergen/ros2_udemy/install/my_robot_interfaces/lib/libmy_robot_interfaces__rosidl_typesupport_introspection_c.so" to ""
[6.472s] -- Installing: /home/joergen/ros2_udemy/install/my_robot_interfaces/lib/libmy_robot_interfaces__rosidl_typesupport_c.so
[6.472s] -- Set runtime path of "/home/joergen/ros2_udemy/install/my_robot_interfaces/lib/libmy_robot_interfaces__rosidl_typesupport_c.so" to ""
[6.473s] -- Up-to-date: /home/joergen/ros2_udemy/install/my_robot_interfaces/include/my_robot_interfaces/my_robot_interfaces
[6.473s] -- Up-to-date: /home/joergen/ros2_udemy/install/my_robot_interfaces/include/my_robot_interfaces/my_robot_interfaces/msg
[6.474s] -- Up-to-date: /home/joergen/ros2_udemy/install/my_robot_interfaces/include/my_robot_interfaces/my_robot_interfaces/msg/detail
[6.474s] -- Installing: /home/joergen/ros2_udemy/install/my_robot_interfaces/include/my_robot_interfaces/my_robot_interfaces/msg/detail/hardware_status__struct.hpp
[6.474s] -- Installing: /home/joergen/ros2_udemy/install/my_robot_interfaces/include/my_robot_interfaces/my_robot_interfaces/msg/detail/hardware_status__traits.hpp
[6.475s] -- Installing: /home/joergen/ros2_udemy/install/my_robot_interfaces/include/my_robot_interfaces/my_robot_interfaces/msg/detail/hardware_status__builder.hpp
[6.475s] -- Installing: /home/joergen/ros2_udemy/install/my_robot_interfaces/include/my_robot_interfaces/my_robot_interfaces/msg/hardware_status.hpp
[6.476s] -- Up-to-date: /home/joergen/ros2_udemy/install/my_robot_interfaces/include/my_robot_interfaces/my_robot_interfaces/srv
[6.476s] -- Up-to-date: /home/joergen/ros2_udemy/install/my_robot_interfaces/include/my_robot_interfaces/my_robot_interfaces/srv/detail
[6.476s] -- Installing: /home/joergen/ros2_udemy/install/my_robot_interfaces/include/my_robot_interfaces/my_robot_interfaces/srv/detail/compute_rectangle_area__traits.hpp
[6.477s] -- Installing: /home/joergen/ros2_udemy/install/my_robot_interfaces/include/my_robot_interfaces/my_robot_interfaces/srv/detail/compute_rectangle_area__builder.hpp
[6.477s] -- Installing: /home/joergen/ros2_udemy/install/my_robot_interfaces/include/my_robot_interfaces/my_robot_interfaces/srv/detail/compute_rectangle_area__struct.hpp
[6.477s] -- Installing: /home/joergen/ros2_udemy/install/my_robot_interfaces/include/my_robot_interfaces/my_robot_interfaces/srv/compute_rectangle_area.hpp
[6.477s] -- Up-to-date: /home/joergen/ros2_udemy/install/my_robot_interfaces/include/my_robot_interfaces/my_robot_interfaces
[6.477s] -- Up-to-date: /home/joergen/ros2_udemy/install/my_robot_interfaces/include/my_robot_interfaces/my_robot_interfaces/msg
[6.478s] -- Up-to-date: /home/joergen/ros2_udemy/install/my_robot_interfaces/include/my_robot_interfaces/my_robot_interfaces/msg/detail
[6.479s] -- Installing: /home/joergen/ros2_udemy/install/my_robot_interfaces/include/my_robot_interfaces/my_robot_interfaces/msg/detail/dds_fastrtps
[6.479s] -- Installing: /home/joergen/ros2_udemy/install/my_robot_interfaces/include/my_robot_interfaces/my_robot_interfaces/msg/detail/hardware_status__rosidl_typesupport_fastrtps_cpp.hpp
[6.479s] -- Installing: /home/joergen/ros2_udemy/install/my_robot_interfaces/include/my_robot_interfaces/my_robot_interfaces/msg/rosidl_typesupport_fastrtps_cpp__visibility_control.h
[6.480s] -- Up-to-date: /home/joergen/ros2_udemy/install/my_robot_interfaces/include/my_robot_interfaces/my_robot_interfaces/srv
[6.480s] -- Up-to-date: /home/joergen/ros2_udemy/install/my_robot_interfaces/include/my_robot_interfaces/my_robot_interfaces/srv/detail
[6.480s] -- Installing: /home/joergen/ros2_udemy/install/my_robot_interfaces/include/my_robot_interfaces/my_robot_interfaces/srv/detail/dds_fastrtps
[6.480s] -- Installing: /home/joergen/ros2_udemy/install/my_robot_interfaces/include/my_robot_interfaces/my_robot_interfaces/srv/detail/compute_rectangle_area__rosidl_typesupport_fastrtps_cpp.hpp
[6.481s] -- Installing: /home/joergen/ros2_udemy/install/my_robot_interfaces/lib/libmy_robot_interfaces__rosidl_typesupport_fastrtps_cpp.so
[6.481s] -- Set runtime path of "/home/joergen/ros2_udemy/install/my_robot_interfaces/lib/libmy_robot_interfaces__rosidl_typesupport_fastrtps_cpp.so" to ""
[6.481s] -- Up-to-date: /home/joergen/ros2_udemy/install/my_robot_interfaces/include/my_robot_interfaces/my_robot_interfaces
[6.481s] -- Up-to-date: /home/joergen/ros2_udemy/install/my_robot_interfaces/include/my_robot_interfaces/my_robot_interfaces/msg
[6.482s] -- Up-to-date: /home/joergen/ros2_udemy/install/my_robot_interfaces/include/my_robot_interfaces/my_robot_interfaces/msg/detail
[6.482s] -- Installing: /home/joergen/ros2_udemy/install/my_robot_interfaces/include/my_robot_interfaces/my_robot_interfaces/msg/detail/hardware_status__rosidl_typesupport_introspection_cpp.hpp
[6.483s] -- Installing: /home/joergen/ros2_udemy/install/my_robot_interfaces/include/my_robot_interfaces/my_robot_interfaces/msg/detail/hardware_status__type_support.cpp
[6.483s] -- Up-to-date: /home/joergen/ros2_udemy/install/my_robot_interfaces/include/my_robot_interfaces/my_robot_interfaces/srv
[6.483s] -- Up-to-date: /home/joergen/ros2_udemy/install/my_robot_interfaces/include/my_robot_interfaces/my_robot_interfaces/srv/detail
[6.483s] -- Installing: /home/joergen/ros2_udemy/install/my_robot_interfaces/include/my_robot_interfaces/my_robot_interfaces/srv/detail/compute_rectangle_area__type_support.cpp
[6.484s] -- Installing: /home/joergen/ros2_udemy/install/my_robot_interfaces/include/my_robot_interfaces/my_robot_interfaces/srv/detail/compute_rectangle_area__rosidl_typesupport_introspection_cpp.hpp
[6.484s] -- Installing: /home/joergen/ros2_udemy/install/my_robot_interfaces/lib/libmy_robot_interfaces__rosidl_typesupport_introspection_cpp.so
[6.484s] -- Set runtime path of "/home/joergen/ros2_udemy/install/my_robot_interfaces/lib/libmy_robot_interfaces__rosidl_typesupport_introspection_cpp.so" to ""
[6.484s] -- Installing: /home/joergen/ros2_udemy/install/my_robot_interfaces/lib/libmy_robot_interfaces__rosidl_typesupport_cpp.so
[6.485s] -- Set runtime path of "/home/joergen/ros2_udemy/install/my_robot_interfaces/lib/libmy_robot_interfaces__rosidl_typesupport_cpp.so" to ""
[6.485s] -- Installing: /home/joergen/ros2_udemy/install/my_robot_interfaces/share/my_robot_interfaces/environment/pythonpath.sh
[6.485s] -- Installing: /home/joergen/ros2_udemy/install/my_robot_interfaces/share/my_robot_interfaces/environment/pythonpath.dsv
[6.485s] -- Installing: /home/joergen/ros2_udemy/install/my_robot_interfaces/local/lib/python3.10/dist-packages/my_robot_interfaces-0.0.0-py3.10.egg-info
[6.485s] -- Installing: /home/joergen/ros2_udemy/install/my_robot_interfaces/local/lib/python3.10/dist-packages/my_robot_interfaces-0.0.0-py3.10.egg-info/dependency_links.txt
[6.486s] -- Installing: /home/joergen/ros2_udemy/install/my_robot_interfaces/local/lib/python3.10/dist-packages/my_robot_interfaces-0.0.0-py3.10.egg-info/SOURCES.txt
[6.486s] -- Installing: /home/joergen/ros2_udemy/install/my_robot_interfaces/local/lib/python3.10/dist-packages/my_robot_interfaces-0.0.0-py3.10.egg-info/PKG-INFO
[6.487s] -- Installing: /home/joergen/ros2_udemy/install/my_robot_interfaces/local/lib/python3.10/dist-packages/my_robot_interfaces-0.0.0-py3.10.egg-info/top_level.txt
[6.487s] -- Installing: /home/joergen/ros2_udemy/install/my_robot_interfaces/local/lib/python3.10/dist-packages/my_robot_interfaces
[6.488s] -- Installing: /home/joergen/ros2_udemy/install/my_robot_interfaces/local/lib/python3.10/dist-packages/my_robot_interfaces/_my_robot_interfaces_s.ep.rosidl_typesupport_c.c
[6.488s] -- Installing: /home/joergen/ros2_udemy/install/my_robot_interfaces/local/lib/python3.10/dist-packages/my_robot_interfaces/msg
[6.489s] -- Installing: /home/joergen/ros2_udemy/install/my_robot_interfaces/local/lib/python3.10/dist-packages/my_robot_interfaces/msg/_hardware_status.py
[6.489s] -- Installing: /home/joergen/ros2_udemy/install/my_robot_interfaces/local/lib/python3.10/dist-packages/my_robot_interfaces/msg/__init__.py
[6.489s] -- Installing: /home/joergen/ros2_udemy/install/my_robot_interfaces/local/lib/python3.10/dist-packages/my_robot_interfaces/msg/_hardware_status_s.c
[6.489s] -- Installing: /home/joergen/ros2_udemy/install/my_robot_interfaces/local/lib/python3.10/dist-packages/my_robot_interfaces/my_robot_interfaces_s__rosidl_typesupport_c.cpython-310-x86_64-linux-gnu.so
[6.490s] -- Installing: /home/joergen/ros2_udemy/install/my_robot_interfaces/local/lib/python3.10/dist-packages/my_robot_interfaces/my_robot_interfaces_s__rosidl_typesupport_fastrtps_c.cpython-310-x86_64-linux-gnu.so
[6.490s] -- Installing: /home/joergen/ros2_udemy/install/my_robot_interfaces/local/lib/python3.10/dist-packages/my_robot_interfaces/srv
[6.490s] -- Installing: /home/joergen/ros2_udemy/install/my_robot_interfaces/local/lib/python3.10/dist-packages/my_robot_interfaces/srv/_compute_rectangle_area_s.c
[6.490s] -- Installing: /home/joergen/ros2_udemy/install/my_robot_interfaces/local/lib/python3.10/dist-packages/my_robot_interfaces/srv/__init__.py
[6.490s] -- Installing: /home/joergen/ros2_udemy/install/my_robot_interfaces/local/lib/python3.10/dist-packages/my_robot_interfaces/srv/_compute_rectangle_area.py
[6.491s] -- Installing: /home/joergen/ros2_udemy/install/my_robot_interfaces/local/lib/python3.10/dist-packages/my_robot_interfaces/libmy_robot_interfaces__rosidl_generator_py.so
[6.491s] -- Installing: /home/joergen/ros2_udemy/install/my_robot_interfaces/local/lib/python3.10/dist-packages/my_robot_interfaces/my_robot_interfaces_s__rosidl_typesupport_introspection_c.cpython-310-x86_64-linux-gnu.so
[6.491s] -- Installing: /home/joergen/ros2_udemy/install/my_robot_interfaces/local/lib/python3.10/dist-packages/my_robot_interfaces/__init__.py
[6.491s] -- Installing: /home/joergen/ros2_udemy/install/my_robot_interfaces/local/lib/python3.10/dist-packages/my_robot_interfaces/_my_robot_interfaces_s.ep.rosidl_typesupport_fastrtps_c.c
[6.491s] -- Installing: /home/joergen/ros2_udemy/install/my_robot_interfaces/local/lib/python3.10/dist-packages/my_robot_interfaces/_my_robot_interfaces_s.ep.rosidl_typesupport_introspection_c.c
[6.569s] Listing '/home/joergen/ros2_udemy/install/my_robot_interfaces/local/lib/python3.10/dist-packages/my_robot_interfaces'...
[6.569s] Compiling '/home/joergen/ros2_udemy/install/my_robot_interfaces/local/lib/python3.10/dist-packages/my_robot_interfaces/__init__.py'...
[6.569s] Listing '/home/joergen/ros2_udemy/install/my_robot_interfaces/local/lib/python3.10/dist-packages/my_robot_interfaces/msg'...
[6.569s] Compiling '/home/joergen/ros2_udemy/install/my_robot_interfaces/local/lib/python3.10/dist-packages/my_robot_interfaces/msg/__init__.py'...
[6.570s] Compiling '/home/joergen/ros2_udemy/install/my_robot_interfaces/local/lib/python3.10/dist-packages/my_robot_interfaces/msg/_hardware_status.py'...
[6.570s] Listing '/home/joergen/ros2_udemy/install/my_robot_interfaces/local/lib/python3.10/dist-packages/my_robot_interfaces/srv'...
[6.570s] Compiling '/home/joergen/ros2_udemy/install/my_robot_interfaces/local/lib/python3.10/dist-packages/my_robot_interfaces/srv/__init__.py'...
[6.570s] Compiling '/home/joergen/ros2_udemy/install/my_robot_interfaces/local/lib/python3.10/dist-packages/my_robot_interfaces/srv/_compute_rectangle_area.py'...
[6.576s] -- Installing: /home/joergen/ros2_udemy/install/my_robot_interfaces/local/lib/python3.10/dist-packages/my_robot_interfaces/my_robot_interfaces_s__rosidl_typesupport_fastrtps_c.cpython-310-x86_64-linux-gnu.so
[6.577s] -- Set runtime path of "/home/joergen/ros2_udemy/install/my_robot_interfaces/local/lib/python3.10/dist-packages/my_robot_interfaces/my_robot_interfaces_s__rosidl_typesupport_fastrtps_c.cpython-310-x86_64-linux-gnu.so" to ""
[6.578s] -- Installing: /home/joergen/ros2_udemy/install/my_robot_interfaces/local/lib/python3.10/dist-packages/my_robot_interfaces/my_robot_interfaces_s__rosidl_typesupport_introspection_c.cpython-310-x86_64-linux-gnu.so
[6.578s] -- Set runtime path of "/home/joergen/ros2_udemy/install/my_robot_interfaces/local/lib/python3.10/dist-packages/my_robot_interfaces/my_robot_interfaces_s__rosidl_typesupport_introspection_c.cpython-310-x86_64-linux-gnu.so" to ""
[6.579s] -- Installing: /home/joergen/ros2_udemy/install/my_robot_interfaces/local/lib/python3.10/dist-packages/my_robot_interfaces/my_robot_interfaces_s__rosidl_typesupport_c.cpython-310-x86_64-linux-gnu.so
[6.580s] -- Set runtime path of "/home/joergen/ros2_udemy/install/my_robot_interfaces/local/lib/python3.10/dist-packages/my_robot_interfaces/my_robot_interfaces_s__rosidl_typesupport_c.cpython-310-x86_64-linux-gnu.so" to ""
[6.580s] -- Installing: /home/joergen/ros2_udemy/install/my_robot_interfaces/lib/libmy_robot_interfaces__rosidl_generator_py.so
[6.581s] -- Set runtime path of "/home/joergen/ros2_udemy/install/my_robot_interfaces/lib/libmy_robot_interfaces__rosidl_generator_py.so" to ""
[6.581s] -- Installing: /home/joergen/ros2_udemy/install/my_robot_interfaces/share/my_robot_interfaces/msg/HardwareStatus.idl
[6.581s] -- Installing: /home/joergen/ros2_udemy/install/my_robot_interfaces/share/my_robot_interfaces/srv/ComputeRectangleArea.idl
[6.582s] -- Installing: /home/joergen/ros2_udemy/install/my_robot_interfaces/share/my_robot_interfaces/msg/HardwareStatus.msg
[6.582s] -- Installing: /home/joergen/ros2_udemy/install/my_robot_interfaces/share/my_robot_interfaces/srv/ComputeRectangleArea.srv
[6.583s] -- Installing: /home/joergen/ros2_udemy/install/my_robot_interfaces/share/my_robot_interfaces/srv/ComputeRectangleArea_Request.msg
[6.583s] -- Installing: /home/joergen/ros2_udemy/install/my_robot_interfaces/share/my_robot_interfaces/srv/ComputeRectangleArea_Response.msg
[6.583s] -- Installing: /home/joergen/ros2_udemy/install/my_robot_interfaces/share/ament_index/resource_index/package_run_dependencies/my_robot_interfaces
[6.584s] -- Installing: /home/joergen/ros2_udemy/install/my_robot_interfaces/share/ament_index/resource_index/parent_prefix_path/my_robot_interfaces
[6.584s] -- Installing: /home/joergen/ros2_udemy/install/my_robot_interfaces/share/my_robot_interfaces/environment/ament_prefix_path.sh
[6.584s] -- Installing: /home/joergen/ros2_udemy/install/my_robot_interfaces/share/my_robot_interfaces/environment/ament_prefix_path.dsv
[6.585s] -- Installing: /home/joergen/ros2_udemy/install/my_robot_interfaces/share/my_robot_interfaces/environment/path.sh
[6.585s] -- Installing: /home/joergen/ros2_udemy/install/my_robot_interfaces/share/my_robot_interfaces/environment/path.dsv
[6.585s] -- Installing: /home/joergen/ros2_udemy/install/my_robot_interfaces/share/my_robot_interfaces/local_setup.bash
[6.586s] -- Installing: /home/joergen/ros2_udemy/install/my_robot_interfaces/share/my_robot_interfaces/local_setup.sh
[6.586s] -- Installing: /home/joergen/ros2_udemy/install/my_robot_interfaces/share/my_robot_interfaces/local_setup.zsh
[6.587s] -- Installing: /home/joergen/ros2_udemy/install/my_robot_interfaces/share/my_robot_interfaces/local_setup.dsv
[6.587s] -- Installing: /home/joergen/ros2_udemy/install/my_robot_interfaces/share/my_robot_interfaces/package.dsv
[6.587s] -- Installing: /home/joergen/ros2_udemy/install/my_robot_interfaces/share/ament_index/resource_index/packages/my_robot_interfaces
[6.588s] -- Installing: /home/joergen/ros2_udemy/install/my_robot_interfaces/share/my_robot_interfaces/cmake/export_my_robot_interfaces__rosidl_generator_cExport.cmake
[6.588s] -- Installing: /home/joergen/ros2_udemy/install/my_robot_interfaces/share/my_robot_interfaces/cmake/export_my_robot_interfaces__rosidl_generator_cExport-noconfig.cmake
[6.588s] -- Installing: /home/joergen/ros2_udemy/install/my_robot_interfaces/share/my_robot_interfaces/cmake/export_my_robot_interfaces__rosidl_typesupport_fastrtps_cExport.cmake
[6.588s] -- Installing: /home/joergen/ros2_udemy/install/my_robot_interfaces/share/my_robot_interfaces/cmake/export_my_robot_interfaces__rosidl_typesupport_fastrtps_cExport-noconfig.cmake
[6.589s] -- Installing: /home/joergen/ros2_udemy/install/my_robot_interfaces/share/my_robot_interfaces/cmake/my_robot_interfaces__rosidl_typesupport_introspection_cExport.cmake
[6.589s] -- Installing: /home/joergen/ros2_udemy/install/my_robot_interfaces/share/my_robot_interfaces/cmake/my_robot_interfaces__rosidl_typesupport_introspection_cExport-noconfig.cmake
[6.590s] -- Installing: /home/joergen/ros2_udemy/install/my_robot_interfaces/share/my_robot_interfaces/cmake/my_robot_interfaces__rosidl_typesupport_cExport.cmake
[6.590s] -- Installing: /home/joergen/ros2_udemy/install/my_robot_interfaces/share/my_robot_interfaces/cmake/my_robot_interfaces__rosidl_typesupport_cExport-noconfig.cmake
[6.590s] -- Installing: /home/joergen/ros2_udemy/install/my_robot_interfaces/share/my_robot_interfaces/cmake/export_my_robot_interfaces__rosidl_generator_cppExport.cmake
[6.591s] -- Installing: /home/joergen/ros2_udemy/install/my_robot_interfaces/share/my_robot_interfaces/cmake/export_my_robot_interfaces__rosidl_typesupport_fastrtps_cppExport.cmake
[6.591s] -- Installing: /home/joergen/ros2_udemy/install/my_robot_interfaces/share/my_robot_interfaces/cmake/export_my_robot_interfaces__rosidl_typesupport_fastrtps_cppExport-noconfig.cmake
[6.592s] -- Installing: /home/joergen/ros2_udemy/install/my_robot_interfaces/share/my_robot_interfaces/cmake/my_robot_interfaces__rosidl_typesupport_introspection_cppExport.cmake
[6.593s] -- Installing: /home/joergen/ros2_udemy/install/my_robot_interfaces/share/my_robot_interfaces/cmake/my_robot_interfaces__rosidl_typesupport_introspection_cppExport-noconfig.cmake
[6.593s] -- Installing: /home/joergen/ros2_udemy/install/my_robot_interfaces/share/my_robot_interfaces/cmake/my_robot_interfaces__rosidl_typesupport_cppExport.cmake
[6.593s] -- Installing: /home/joergen/ros2_udemy/install/my_robot_interfaces/share/my_robot_interfaces/cmake/my_robot_interfaces__rosidl_typesupport_cppExport-noconfig.cmake
[6.594s] -- Installing: /home/joergen/ros2_udemy/install/my_robot_interfaces/share/my_robot_interfaces/cmake/export_my_robot_interfaces__rosidl_generator_pyExport.cmake
[6.595s] -- Installing: /home/joergen/ros2_udemy/install/my_robot_interfaces/share/my_robot_interfaces/cmake/export_my_robot_interfaces__rosidl_generator_pyExport-noconfig.cmake
[6.595s] -- Installing: /home/joergen/ros2_udemy/install/my_robot_interfaces/share/my_robot_interfaces/cmake/rosidl_cmake-extras.cmake
[6.596s] -- Installing: /home/joergen/ros2_udemy/install/my_robot_interfaces/share/my_robot_interfaces/cmake/ament_cmake_export_include_directories-extras.cmake
[6.596s] -- Installing: /home/joergen/ros2_udemy/install/my_robot_interfaces/share/my_robot_interfaces/cmake/ament_cmake_export_libraries-extras.cmake
[6.597s] -- Installing: /home/joergen/ros2_udemy/install/my_robot_interfaces/share/my_robot_interfaces/cmake/ament_cmake_export_targets-extras.cmake
[6.597s] -- Installing: /home/joergen/ros2_udemy/install/my_robot_interfaces/share/my_robot_interfaces/cmake/rosidl_cmake_export_typesupport_targets-extras.cmake
[6.598s] -- Installing: /home/joergen/ros2_udemy/install/my_robot_interfaces/share/my_robot_interfaces/cmake/ament_cmake_export_dependencies-extras.cmake
[6.598s] -- Installing: /home/joergen/ros2_udemy/install/my_robot_interfaces/share/my_robot_interfaces/cmake/rosidl_cmake_export_typesupport_libraries-extras.cmake
[6.598s] -- Installing: /home/joergen/ros2_udemy/install/my_robot_interfaces/share/my_robot_interfaces/cmake/my_robot_interfacesConfig.cmake
[6.599s] -- Installing: /home/joergen/ros2_udemy/install/my_robot_interfaces/share/my_robot_interfaces/cmake/my_robot_interfacesConfig-version.cmake
[6.599s] -- Installing: /home/joergen/ros2_udemy/install/my_robot_interfaces/share/my_robot_interfaces/package.xml
[6.618s] Invoked command in '/home/joergen/ros2_udemy/build/my_robot_interfaces' returned '0': CMAKE_PREFIX_PATH=${CMAKE_PREFIX_PATH}:/home/joergen/ros2_udemy/install/my_py_pkg:/opt/ros/humble /home/joergen/.local/bin/cmake --install /home/joergen/ros2_udemy/build/my_robot_interfaces
