[1.292s] Invoking command in '/home/joergen/ros2_udemy/build/my_py_pkg': PYTHONPATH=/home/joergen/ros2_udemy/build/my_py_pkg/prefix_override:/home/joergen/ros2_udemy/install/my_py_pkg/lib/python3.10/site-packages:${PYTHONPATH} /usr/bin/python3 setup.py develop --uninstall --editable --build-directory /home/joergen/ros2_udemy/build/my_py_pkg/build
[1.801s] running develop
[2.207s] Invoked command in '/home/joergen/ros2_udemy/build/my_py_pkg' returned '0': PYTHONPATH=/home/joergen/ros2_udemy/build/my_py_pkg/prefix_override:/home/joergen/ros2_udemy/install/my_py_pkg/lib/python3.10/site-packages:${PYTHONPATH} /usr/bin/python3 setup.py develop --uninstall --editable --build-directory /home/joergen/ros2_udemy/build/my_py_pkg/build
[2.210s] Invoking command in '/home/joergen/ros2_udemy/src/my_py_pkg': PYTHONPATH=/home/joergen/ros2_udemy/build/my_py_pkg/prefix_override:/home/joergen/ros2_udemy/install/my_py_pkg/lib/python3.10/site-packages:${PYTHONPATH} /usr/bin/python3 setup.py egg_info --egg-base ../../build/my_py_pkg build --build-base /home/joergen/ros2_udemy/build/my_py_pkg/build install --record /home/joergen/ros2_udemy/build/my_py_pkg/install.log --single-version-externally-managed
[2.686s] running egg_info
[2.687s] writing ../../build/my_py_pkg/my_py_pkg.egg-info/PKG-INFO
[2.688s] writing dependency_links to ../../build/my_py_pkg/my_py_pkg.egg-info/dependency_links.txt
[2.688s] writing entry points to ../../build/my_py_pkg/my_py_pkg.egg-info/entry_points.txt
[2.688s] writing requirements to ../../build/my_py_pkg/my_py_pkg.egg-info/requires.txt
[2.689s] writing top-level names to ../../build/my_py_pkg/my_py_pkg.egg-info/top_level.txt
[2.694s] reading manifest file '../../build/my_py_pkg/my_py_pkg.egg-info/SOURCES.txt'
[2.696s] writing manifest file '../../build/my_py_pkg/my_py_pkg.egg-info/SOURCES.txt'
[2.696s] running build
[2.696s] running build_py
[2.697s] copying my_py_pkg/add_two_ints_server.py -> /home/joergen/ros2_udemy/build/my_py_pkg/build/lib/my_py_pkg
[2.697s] running install
[2.698s] running install_lib
[2.699s] copying /home/joergen/ros2_udemy/build/my_py_pkg/build/lib/my_py_pkg/add_two_ints_server.py -> /home/joergen/ros2_udemy/install/my_py_pkg/lib/python3.10/site-packages/my_py_pkg
[2.701s] byte-compiling /home/joergen/ros2_udemy/install/my_py_pkg/lib/python3.10/site-packages/my_py_pkg/add_two_ints_server.py to add_two_ints_server.cpython-310.pyc
[2.701s] running install_data
[2.703s] running install_egg_info
[2.706s] removing '/home/joergen/ros2_udemy/install/my_py_pkg/lib/python3.10/site-packages/my_py_pkg-0.0.0-py3.10.egg-info' (and everything under it)
[2.706s] Copying ../../build/my_py_pkg/my_py_pkg.egg-info to /home/joergen/ros2_udemy/install/my_py_pkg/lib/python3.10/site-packages/my_py_pkg-0.0.0-py3.10.egg-info
[2.708s] running install_scripts
[2.741s] Installing add_two_ints_server script to /home/joergen/ros2_udemy/install/my_py_pkg/lib/my_py_pkg
[2.742s] Installing number_counter script to /home/joergen/ros2_udemy/install/my_py_pkg/lib/my_py_pkg
[2.742s] Installing number_publisher script to /home/joergen/ros2_udemy/install/my_py_pkg/lib/my_py_pkg
[2.742s] Installing py_node script to /home/joergen/ros2_udemy/install/my_py_pkg/lib/my_py_pkg
[2.743s] Installing robot_news_station script to /home/joergen/ros2_udemy/install/my_py_pkg/lib/my_py_pkg
[2.743s] Installing smartphone script to /home/joergen/ros2_udemy/install/my_py_pkg/lib/my_py_pkg
[2.744s] writing list of installed files to '/home/joergen/ros2_udemy/build/my_py_pkg/install.log'
[2.787s] Invoked command in '/home/joergen/ros2_udemy/src/my_py_pkg' returned '0': PYTHONPATH=/home/joergen/ros2_udemy/build/my_py_pkg/prefix_override:/home/joergen/ros2_udemy/install/my_py_pkg/lib/python3.10/site-packages:${PYTHONPATH} /usr/bin/python3 setup.py egg_info --egg-base ../../build/my_py_pkg build --build-base /home/joergen/ros2_udemy/build/my_py_pkg/build install --record /home/joergen/ros2_udemy/build/my_py_pkg/install.log --single-version-externally-managed
