[1.263s] Invoking command in '/home/joergen/ros2_udemy/build/my_py_pkg': PYTHONPATH=/home/joergen/ros2_udemy/build/my_py_pkg/prefix_override:/home/joergen/ros2_udemy/install/my_py_pkg/lib/python3.10/site-packages:${PYTHONPATH} /usr/bin/python3 setup.py develop --uninstall --editable --build-directory /home/joergen/ros2_udemy/build/my_py_pkg/build
[1.822s] running develop
[2.193s] Removing /home/joergen/ros2_udemy/install/my_py_pkg/lib/python3.10/site-packages/my-py-pkg.egg-link (link to .)
[2.244s] Invoked command in '/home/joergen/ros2_udemy/build/my_py_pkg' returned '0': PYTHONPATH=/home/joergen/ros2_udemy/build/my_py_pkg/prefix_override:/home/joergen/ros2_udemy/install/my_py_pkg/lib/python3.10/site-packages:${PYTHONPATH} /usr/bin/python3 setup.py develop --uninstall --editable --build-directory /home/joergen/ros2_udemy/build/my_py_pkg/build
[2.247s] Invoking command in '/home/joergen/ros2_udemy/src/my_py_pkg': PYTHONPATH=/home/joergen/ros2_udemy/build/my_py_pkg/prefix_override:/home/joergen/ros2_udemy/install/my_py_pkg/lib/python3.10/site-packages:${PYTHONPATH} /usr/bin/python3 setup.py egg_info --egg-base ../../build/my_py_pkg build --build-base /home/joergen/ros2_udemy/build/my_py_pkg/build install --record /home/joergen/ros2_udemy/build/my_py_pkg/install.log --single-version-externally-managed
[2.737s] running egg_info
[2.738s] writing ../../build/my_py_pkg/my_py_pkg.egg-info/PKG-INFO
[2.739s] writing dependency_links to ../../build/my_py_pkg/my_py_pkg.egg-info/dependency_links.txt
[2.739s] writing entry points to ../../build/my_py_pkg/my_py_pkg.egg-info/entry_points.txt
[2.739s] writing requirements to ../../build/my_py_pkg/my_py_pkg.egg-info/requires.txt
[2.740s] writing top-level names to ../../build/my_py_pkg/my_py_pkg.egg-info/top_level.txt
[2.744s] reading manifest file '../../build/my_py_pkg/my_py_pkg.egg-info/SOURCES.txt'
[2.746s] writing manifest file '../../build/my_py_pkg/my_py_pkg.egg-info/SOURCES.txt'
[2.746s] running build
[2.746s] running build_py
[2.747s] copying my_py_pkg/number_counter.py -> /home/joergen/ros2_udemy/build/my_py_pkg/build/lib/my_py_pkg
[2.747s] copying my_py_pkg/number_publisher.py -> /home/joergen/ros2_udemy/build/my_py_pkg/build/lib/my_py_pkg
[2.747s] running install
[2.748s] running install_lib
[2.749s] creating /home/joergen/ros2_udemy/install/my_py_pkg/lib/python3.10/site-packages/my_py_pkg
[2.749s] copying /home/joergen/ros2_udemy/build/my_py_pkg/build/lib/my_py_pkg/number_counter.py -> /home/joergen/ros2_udemy/install/my_py_pkg/lib/python3.10/site-packages/my_py_pkg
[2.750s] copying /home/joergen/ros2_udemy/build/my_py_pkg/build/lib/my_py_pkg/my_first_node.py -> /home/joergen/ros2_udemy/install/my_py_pkg/lib/python3.10/site-packages/my_py_pkg
[2.750s] copying /home/joergen/ros2_udemy/build/my_py_pkg/build/lib/my_py_pkg/smartphone.py -> /home/joergen/ros2_udemy/install/my_py_pkg/lib/python3.10/site-packages/my_py_pkg
[2.750s] copying /home/joergen/ros2_udemy/build/my_py_pkg/build/lib/my_py_pkg/__init__.py -> /home/joergen/ros2_udemy/install/my_py_pkg/lib/python3.10/site-packages/my_py_pkg
[2.751s] copying /home/joergen/ros2_udemy/build/my_py_pkg/build/lib/my_py_pkg/template_python_node.py -> /home/joergen/ros2_udemy/install/my_py_pkg/lib/python3.10/site-packages/my_py_pkg
[2.751s] copying /home/joergen/ros2_udemy/build/my_py_pkg/build/lib/my_py_pkg/number_publisher.py -> /home/joergen/ros2_udemy/install/my_py_pkg/lib/python3.10/site-packages/my_py_pkg
[2.751s] copying /home/joergen/ros2_udemy/build/my_py_pkg/build/lib/my_py_pkg/robot_news_station.py -> /home/joergen/ros2_udemy/install/my_py_pkg/lib/python3.10/site-packages/my_py_pkg
[2.751s] byte-compiling /home/joergen/ros2_udemy/install/my_py_pkg/lib/python3.10/site-packages/my_py_pkg/number_counter.py to number_counter.cpython-310.pyc
[2.752s] byte-compiling /home/joergen/ros2_udemy/install/my_py_pkg/lib/python3.10/site-packages/my_py_pkg/my_first_node.py to my_first_node.cpython-310.pyc
[2.753s] byte-compiling /home/joergen/ros2_udemy/install/my_py_pkg/lib/python3.10/site-packages/my_py_pkg/smartphone.py to smartphone.cpython-310.pyc
[2.754s] byte-compiling /home/joergen/ros2_udemy/install/my_py_pkg/lib/python3.10/site-packages/my_py_pkg/__init__.py to __init__.cpython-310.pyc
[2.754s] byte-compiling /home/joergen/ros2_udemy/install/my_py_pkg/lib/python3.10/site-packages/my_py_pkg/template_python_node.py to template_python_node.cpython-310.pyc
[2.755s] byte-compiling /home/joergen/ros2_udemy/install/my_py_pkg/lib/python3.10/site-packages/my_py_pkg/number_publisher.py to number_publisher.cpython-310.pyc
[2.755s] byte-compiling /home/joergen/ros2_udemy/install/my_py_pkg/lib/python3.10/site-packages/my_py_pkg/robot_news_station.py to robot_news_station.cpython-310.pyc
[2.756s] running install_data
[2.757s] running install_egg_info
[2.760s] Copying ../../build/my_py_pkg/my_py_pkg.egg-info to /home/joergen/ros2_udemy/install/my_py_pkg/lib/python3.10/site-packages/my_py_pkg-0.0.0-py3.10.egg-info
[2.761s] running install_scripts
[2.804s] Installing number_counter script to /home/joergen/ros2_udemy/install/my_py_pkg/lib/my_py_pkg
[2.804s] Installing number_publisher script to /home/joergen/ros2_udemy/install/my_py_pkg/lib/my_py_pkg
[2.805s] Installing py_node script to /home/joergen/ros2_udemy/install/my_py_pkg/lib/my_py_pkg
[2.805s] Installing robot_news_station script to /home/joergen/ros2_udemy/install/my_py_pkg/lib/my_py_pkg
[2.805s] Installing smartphone script to /home/joergen/ros2_udemy/install/my_py_pkg/lib/my_py_pkg
[2.806s] writing list of installed files to '/home/joergen/ros2_udemy/build/my_py_pkg/install.log'
[2.864s] Invoked command in '/home/joergen/ros2_udemy/src/my_py_pkg' returned '0': PYTHONPATH=/home/joergen/ros2_udemy/build/my_py_pkg/prefix_override:/home/joergen/ros2_udemy/install/my_py_pkg/lib/python3.10/site-packages:${PYTHONPATH} /usr/bin/python3 setup.py egg_info --egg-base ../../build/my_py_pkg build --build-base /home/joergen/ros2_udemy/build/my_py_pkg/build install --record /home/joergen/ros2_udemy/build/my_py_pkg/install.log --single-version-externally-managed
