[1.428s] Invoking command in '/home/joergen/ros2_udemy/build/my_py_pkg': PYTHONPATH=/home/joergen/ros2_udemy/build/my_py_pkg/prefix_override:/home/joergen/ros2_udemy/install/my_py_pkg/lib/python3.10/site-packages:${PYTHONPATH} /usr/bin/python3 setup.py develop --editable --build-directory /home/joergen/ros2_udemy/build/my_py_pkg/build --no-deps install_data
[2.008s] running develop
[2.343s] running egg_info
[2.344s] writing my_py_pkg.egg-info/PKG-INFO
[2.344s] writing dependency_links to my_py_pkg.egg-info/dependency_links.txt
[2.345s] writing entry points to my_py_pkg.egg-info/entry_points.txt
[2.345s] writing requirements to my_py_pkg.egg-info/requires.txt
[2.346s] writing top-level names to my_py_pkg.egg-info/top_level.txt
[2.355s] reading manifest file 'my_py_pkg.egg-info/SOURCES.txt'
[2.355s] writing manifest file 'my_py_pkg.egg-info/SOURCES.txt'
[2.357s] running build_ext
[2.358s] Creating /home/joergen/ros2_udemy/install/my_py_pkg/lib/python3.10/site-packages/my-py-pkg.egg-link (link to .)
[2.359s] Installing number_publisher script to /home/joergen/ros2_udemy/install/my_py_pkg/lib/my_py_pkg
[2.359s] Installing py_node script to /home/joergen/ros2_udemy/install/my_py_pkg/lib/my_py_pkg
[2.360s] Installing robot_news_station script to /home/joergen/ros2_udemy/install/my_py_pkg/lib/my_py_pkg
[2.360s] Installing smartphone script to /home/joergen/ros2_udemy/install/my_py_pkg/lib/my_py_pkg
[2.361s] 
[2.361s] Installed /home/joergen/ros2_udemy/build/my_py_pkg
[2.361s] running install_data
[2.435s] Invoked command in '/home/joergen/ros2_udemy/build/my_py_pkg' returned '0': PYTHONPATH=/home/joergen/ros2_udemy/build/my_py_pkg/prefix_override:/home/joergen/ros2_udemy/install/my_py_pkg/lib/python3.10/site-packages:${PYTHONPATH} /usr/bin/python3 setup.py develop --editable --build-directory /home/joergen/ros2_udemy/build/my_py_pkg/build --no-deps install_data
