[0.803s] DEBUG:colcon:Command line arguments: ['/usr/bin/colcon', 'build']
[0.803s] DEBUG:colcon:Parsed command line arguments: Namespace(log_base=None, log_level=None, verb_name='build', build_base='build', install_base='install', merge_install=False, symlink_install=False, test_result_base=None, continue_on_error=False, executor='parallel', parallel_workers=8, event_handlers=None, ignore_user_meta=False, metas=['./colcon.meta'], base_paths=['.'], packages_ignore=None, packages_ignore_regex=None, paths=None, packages_up_to=None, packages_up_to_regex=None, packages_above=None, packages_above_and_dependencies=None, packages_above_depth=None, packages_select_by_dep=None, packages_skip_by_dep=None, packages_skip_up_to=None, packages_select_build_failed=False, packages_skip_build_finished=False, packages_select_test_failures=False, packages_skip_test_passed=False, packages_select=None, packages_skip=None, packages_select_regex=None, packages_skip_regex=None, packages_start=None, packages_end=None, allow_overriding=[], cmake_args=None, cmake_target=None, cmake_target_skip_unavailable=False, cmake_clean_cache=False, cmake_clean_first=False, cmake_force_configure=False, ament_cmake_args=None, catkin_cmake_args=None, catkin_skip_building_tests=False, verb_parser=<colcon_defaults.argument_parser.defaults.DefaultArgumentsDecorator object at 0x7fe029ccd900>, verb_extension=<colcon_core.verb.build.BuildVerb object at 0x7fe029ccd390>, main=<bound method BuildVerb.main of <colcon_core.verb.build.BuildVerb object at 0x7fe029ccd390>>)
[0.852s] Level 1:colcon.colcon_core.package_discovery:discover_packages(colcon_meta) check parameters
[0.853s] Level 1:colcon.colcon_core.package_discovery:discover_packages(recursive) check parameters
[0.853s] Level 1:colcon.colcon_core.package_discovery:discover_packages(ignore) check parameters
[0.853s] Level 1:colcon.colcon_core.package_discovery:discover_packages(path) check parameters
[0.853s] Level 1:colcon.colcon_core.package_discovery:discover_packages(colcon_meta) discover
[0.853s] Level 1:colcon.colcon_core.package_discovery:discover_packages(recursive) discover
[0.853s] INFO:colcon.colcon_core.package_discovery:Crawling recursively for packages in '/home/joergen/ros2_udemy'
[0.853s] Level 1:colcon.colcon_core.package_identification:_identify(.) by extensions ['ignore', 'ignore_ament_install']
[0.854s] Level 1:colcon.colcon_core.package_identification:_identify(.) by extension 'ignore'
[0.854s] Level 1:colcon.colcon_core.package_identification:_identify(.) by extension 'ignore_ament_install'
[0.854s] Level 1:colcon.colcon_core.package_identification:_identify(.) by extensions ['colcon_pkg']
[0.854s] Level 1:colcon.colcon_core.package_identification:_identify(.) by extension 'colcon_pkg'
[0.854s] Level 1:colcon.colcon_core.package_identification:_identify(.) by extensions ['colcon_meta']
[0.854s] Level 1:colcon.colcon_core.package_identification:_identify(.) by extension 'colcon_meta'
[0.854s] Level 1:colcon.colcon_core.package_identification:_identify(.) by extensions ['ros']
[0.854s] Level 1:colcon.colcon_core.package_identification:_identify(.) by extension 'ros'
[0.877s] Level 1:colcon.colcon_core.package_identification:_identify(.) by extensions ['cmake', 'python']
[0.878s] Level 1:colcon.colcon_core.package_identification:_identify(.) by extension 'cmake'
[0.878s] Level 1:colcon.colcon_core.package_identification:_identify(.) by extension 'python'
[0.878s] Level 1:colcon.colcon_core.package_identification:_identify(.) by extensions ['python_setup_py']
[0.878s] Level 1:colcon.colcon_core.package_identification:_identify(.) by extension 'python_setup_py'
[0.878s] Level 1:colcon.colcon_core.package_identification:_identify(build) by extensions ['ignore', 'ignore_ament_install']
[0.878s] Level 1:colcon.colcon_core.package_identification:_identify(build) by extension 'ignore'
[0.879s] Level 1:colcon.colcon_core.package_identification:_identify(build) ignored
[0.879s] Level 1:colcon.colcon_core.package_identification:_identify(install) by extensions ['ignore', 'ignore_ament_install']
[0.879s] Level 1:colcon.colcon_core.package_identification:_identify(install) by extension 'ignore'
[0.879s] Level 1:colcon.colcon_core.package_identification:_identify(install) ignored
[0.880s] Level 1:colcon.colcon_core.package_identification:_identify(log) by extensions ['ignore', 'ignore_ament_install']
[0.880s] Level 1:colcon.colcon_core.package_identification:_identify(log) by extension 'ignore'
[0.880s] Level 1:colcon.colcon_core.package_identification:_identify(log) ignored
[0.880s] Level 1:colcon.colcon_core.package_identification:_identify(src) by extensions ['ignore', 'ignore_ament_install']
[0.881s] Level 1:colcon.colcon_core.package_identification:_identify(src) by extension 'ignore'
[0.881s] Level 1:colcon.colcon_core.package_identification:_identify(src) by extension 'ignore_ament_install'
[0.881s] Level 1:colcon.colcon_core.package_identification:_identify(src) by extensions ['colcon_pkg']
[0.881s] Level 1:colcon.colcon_core.package_identification:_identify(src) by extension 'colcon_pkg'
[0.881s] Level 1:colcon.colcon_core.package_identification:_identify(src) by extensions ['colcon_meta']
[0.881s] Level 1:colcon.colcon_core.package_identification:_identify(src) by extension 'colcon_meta'
[0.881s] Level 1:colcon.colcon_core.package_identification:_identify(src) by extensions ['ros']
[0.881s] Level 1:colcon.colcon_core.package_identification:_identify(src) by extension 'ros'
[0.882s] Level 1:colcon.colcon_core.package_identification:_identify(src) by extensions ['cmake', 'python']
[0.882s] Level 1:colcon.colcon_core.package_identification:_identify(src) by extension 'cmake'
[0.882s] Level 1:colcon.colcon_core.package_identification:_identify(src) by extension 'python'
[0.882s] Level 1:colcon.colcon_core.package_identification:_identify(src) by extensions ['python_setup_py']
[0.882s] Level 1:colcon.colcon_core.package_identification:_identify(src) by extension 'python_setup_py'
[0.882s] Level 1:colcon.colcon_core.package_identification:_identify(src/my_cpp_pkg) by extensions ['ignore', 'ignore_ament_install']
[0.882s] Level 1:colcon.colcon_core.package_identification:_identify(src/my_cpp_pkg) by extension 'ignore'
[0.883s] Level 1:colcon.colcon_core.package_identification:_identify(src/my_cpp_pkg) by extension 'ignore_ament_install'
[0.883s] Level 1:colcon.colcon_core.package_identification:_identify(src/my_cpp_pkg) by extensions ['colcon_pkg']
[0.883s] Level 1:colcon.colcon_core.package_identification:_identify(src/my_cpp_pkg) by extension 'colcon_pkg'
[0.883s] Level 1:colcon.colcon_core.package_identification:_identify(src/my_cpp_pkg) by extensions ['colcon_meta']
[0.883s] Level 1:colcon.colcon_core.package_identification:_identify(src/my_cpp_pkg) by extension 'colcon_meta'
[0.883s] Level 1:colcon.colcon_core.package_identification:_identify(src/my_cpp_pkg) by extensions ['ros']
[0.883s] Level 1:colcon.colcon_core.package_identification:_identify(src/my_cpp_pkg) by extension 'ros'
[0.888s] DEBUG:colcon.colcon_core.package_identification:Package 'src/my_cpp_pkg' with type 'ros.ament_cmake' and name 'my_cpp_pkg'
[0.888s] Level 1:colcon.colcon_core.package_identification:_identify(src/my_py_pkg) by extensions ['ignore', 'ignore_ament_install']
[0.888s] Level 1:colcon.colcon_core.package_identification:_identify(src/my_py_pkg) by extension 'ignore'
[0.889s] Level 1:colcon.colcon_core.package_identification:_identify(src/my_py_pkg) by extension 'ignore_ament_install'
[0.889s] Level 1:colcon.colcon_core.package_identification:_identify(src/my_py_pkg) by extensions ['colcon_pkg']
[0.889s] Level 1:colcon.colcon_core.package_identification:_identify(src/my_py_pkg) by extension 'colcon_pkg'
[0.889s] Level 1:colcon.colcon_core.package_identification:_identify(src/my_py_pkg) by extensions ['colcon_meta']
[0.889s] Level 1:colcon.colcon_core.package_identification:_identify(src/my_py_pkg) by extension 'colcon_meta'
[0.889s] Level 1:colcon.colcon_core.package_identification:_identify(src/my_py_pkg) by extensions ['ros']
[0.889s] Level 1:colcon.colcon_core.package_identification:_identify(src/my_py_pkg) by extension 'ros'
[0.891s] DEBUG:colcon.colcon_core.package_identification:Package 'src/my_py_pkg' with type 'ros.ament_python' and name 'my_py_pkg'
[0.891s] Level 1:colcon.colcon_core.package_identification:_identify(src/my_robot_interfaces) by extensions ['ignore', 'ignore_ament_install']
[0.892s] Level 1:colcon.colcon_core.package_identification:_identify(src/my_robot_interfaces) by extension 'ignore'
[0.892s] Level 1:colcon.colcon_core.package_identification:_identify(src/my_robot_interfaces) by extension 'ignore_ament_install'
[0.892s] Level 1:colcon.colcon_core.package_identification:_identify(src/my_robot_interfaces) by extensions ['colcon_pkg']
[0.892s] Level 1:colcon.colcon_core.package_identification:_identify(src/my_robot_interfaces) by extension 'colcon_pkg'
[0.892s] Level 1:colcon.colcon_core.package_identification:_identify(src/my_robot_interfaces) by extensions ['colcon_meta']
[0.892s] Level 1:colcon.colcon_core.package_identification:_identify(src/my_robot_interfaces) by extension 'colcon_meta'
[0.892s] Level 1:colcon.colcon_core.package_identification:_identify(src/my_robot_interfaces) by extensions ['ros']
[0.892s] Level 1:colcon.colcon_core.package_identification:_identify(src/my_robot_interfaces) by extension 'ros'
[0.893s] DEBUG:colcon.colcon_core.package_identification:Package 'src/my_robot_interfaces' with type 'ros.ament_cmake' and name 'my_robot_interfaces'
[0.893s] Level 1:colcon.colcon_core.package_discovery:discover_packages(recursive) using defaults
[0.894s] Level 1:colcon.colcon_core.package_discovery:discover_packages(ignore) discover
[0.894s] Level 1:colcon.colcon_core.package_discovery:discover_packages(ignore) using defaults
[0.894s] Level 1:colcon.colcon_core.package_discovery:discover_packages(path) discover
[0.894s] Level 1:colcon.colcon_core.package_discovery:discover_packages(path) using defaults
[0.942s] Level 1:colcon.colcon_core.package_discovery:discover_packages(prefix_path) check parameters
[0.943s] Level 1:colcon.colcon_core.package_discovery:discover_packages(prefix_path) discover
[0.949s] DEBUG:colcon.colcon_installed_package_information.package_discovery:Found 3 installed packages in /home/joergen/ros2_udemy/install
[0.952s] DEBUG:colcon.colcon_installed_package_information.package_discovery:Found 270 installed packages in /opt/ros/humble
[0.955s] Level 1:colcon.colcon_core.package_discovery:discover_packages(prefix_path) using defaults
[1.096s] Level 5:colcon.colcon_core.verb:set package 'my_cpp_pkg' build argument 'cmake_args' from command line to 'None'
[1.096s] Level 5:colcon.colcon_core.verb:set package 'my_cpp_pkg' build argument 'cmake_target' from command line to 'None'
[1.097s] Level 5:colcon.colcon_core.verb:set package 'my_cpp_pkg' build argument 'cmake_target_skip_unavailable' from command line to 'False'
[1.097s] Level 5:colcon.colcon_core.verb:set package 'my_cpp_pkg' build argument 'cmake_clean_cache' from command line to 'False'
[1.097s] Level 5:colcon.colcon_core.verb:set package 'my_cpp_pkg' build argument 'cmake_clean_first' from command line to 'False'
[1.097s] Level 5:colcon.colcon_core.verb:set package 'my_cpp_pkg' build argument 'cmake_force_configure' from command line to 'False'
[1.097s] Level 5:colcon.colcon_core.verb:set package 'my_cpp_pkg' build argument 'ament_cmake_args' from command line to 'None'
[1.097s] Level 5:colcon.colcon_core.verb:set package 'my_cpp_pkg' build argument 'catkin_cmake_args' from command line to 'None'
[1.097s] Level 5:colcon.colcon_core.verb:set package 'my_cpp_pkg' build argument 'catkin_skip_building_tests' from command line to 'False'
[1.097s] DEBUG:colcon.colcon_core.verb:Building package 'my_cpp_pkg' with the following arguments: {'ament_cmake_args': None, 'build_base': '/home/joergen/ros2_udemy/build/my_cpp_pkg', 'catkin_cmake_args': None, 'catkin_skip_building_tests': False, 'cmake_args': None, 'cmake_clean_cache': False, 'cmake_clean_first': False, 'cmake_force_configure': False, 'cmake_target': None, 'cmake_target_skip_unavailable': False, 'install_base': '/home/joergen/ros2_udemy/install/my_cpp_pkg', 'merge_install': False, 'path': '/home/joergen/ros2_udemy/src/my_cpp_pkg', 'symlink_install': False, 'test_result_base': None}
[1.099s] Level 5:colcon.colcon_core.verb:set package 'my_robot_interfaces' build argument 'cmake_args' from command line to 'None'
[1.099s] Level 5:colcon.colcon_core.verb:set package 'my_robot_interfaces' build argument 'cmake_target' from command line to 'None'
[1.100s] Level 5:colcon.colcon_core.verb:set package 'my_robot_interfaces' build argument 'cmake_target_skip_unavailable' from command line to 'False'
[1.100s] Level 5:colcon.colcon_core.verb:set package 'my_robot_interfaces' build argument 'cmake_clean_cache' from command line to 'False'
[1.100s] Level 5:colcon.colcon_core.verb:set package 'my_robot_interfaces' build argument 'cmake_clean_first' from command line to 'False'
[1.100s] Level 5:colcon.colcon_core.verb:set package 'my_robot_interfaces' build argument 'cmake_force_configure' from command line to 'False'
[1.100s] Level 5:colcon.colcon_core.verb:set package 'my_robot_interfaces' build argument 'ament_cmake_args' from command line to 'None'
[1.100s] Level 5:colcon.colcon_core.verb:set package 'my_robot_interfaces' build argument 'catkin_cmake_args' from command line to 'None'
[1.100s] Level 5:colcon.colcon_core.verb:set package 'my_robot_interfaces' build argument 'catkin_skip_building_tests' from command line to 'False'
[1.100s] DEBUG:colcon.colcon_core.verb:Building package 'my_robot_interfaces' with the following arguments: {'ament_cmake_args': None, 'build_base': '/home/joergen/ros2_udemy/build/my_robot_interfaces', 'catkin_cmake_args': None, 'catkin_skip_building_tests': False, 'cmake_args': None, 'cmake_clean_cache': False, 'cmake_clean_first': False, 'cmake_force_configure': False, 'cmake_target': None, 'cmake_target_skip_unavailable': False, 'install_base': '/home/joergen/ros2_udemy/install/my_robot_interfaces', 'merge_install': False, 'path': '/home/joergen/ros2_udemy/src/my_robot_interfaces', 'symlink_install': False, 'test_result_base': None}
[1.103s] Level 5:colcon.colcon_core.verb:set package 'my_py_pkg' build argument 'cmake_args' from command line to 'None'
[1.103s] Level 5:colcon.colcon_core.verb:set package 'my_py_pkg' build argument 'cmake_target' from command line to 'None'
[1.103s] Level 5:colcon.colcon_core.verb:set package 'my_py_pkg' build argument 'cmake_target_skip_unavailable' from command line to 'False'
[1.103s] Level 5:colcon.colcon_core.verb:set package 'my_py_pkg' build argument 'cmake_clean_cache' from command line to 'False'
[1.103s] Level 5:colcon.colcon_core.verb:set package 'my_py_pkg' build argument 'cmake_clean_first' from command line to 'False'
[1.103s] Level 5:colcon.colcon_core.verb:set package 'my_py_pkg' build argument 'cmake_force_configure' from command line to 'False'
[1.103s] Level 5:colcon.colcon_core.verb:set package 'my_py_pkg' build argument 'ament_cmake_args' from command line to 'None'
[1.103s] Level 5:colcon.colcon_core.verb:set package 'my_py_pkg' build argument 'catkin_cmake_args' from command line to 'None'
[1.103s] Level 5:colcon.colcon_core.verb:set package 'my_py_pkg' build argument 'catkin_skip_building_tests' from command line to 'False'
[1.103s] DEBUG:colcon.colcon_core.verb:Building package 'my_py_pkg' with the following arguments: {'ament_cmake_args': None, 'build_base': '/home/joergen/ros2_udemy/build/my_py_pkg', 'catkin_cmake_args': None, 'catkin_skip_building_tests': False, 'cmake_args': None, 'cmake_clean_cache': False, 'cmake_clean_first': False, 'cmake_force_configure': False, 'cmake_target': None, 'cmake_target_skip_unavailable': False, 'install_base': '/home/joergen/ros2_udemy/install/my_py_pkg', 'merge_install': False, 'path': '/home/joergen/ros2_udemy/src/my_py_pkg', 'symlink_install': False, 'test_result_base': None}
[1.105s] INFO:colcon.colcon_core.executor:Executing jobs using 'parallel' executor
[1.113s] DEBUG:colcon.colcon_parallel_executor.executor.parallel:run_until_complete
[1.113s] INFO:colcon.colcon_ros.task.ament_cmake.build:Building ROS package in '/home/joergen/ros2_udemy/src/my_robot_interfaces' with build type 'ament_cmake'
[1.114s] INFO:colcon.colcon_cmake.task.cmake.build:Building CMake package in '/home/joergen/ros2_udemy/src/my_robot_interfaces'
[1.126s] INFO:colcon.colcon_core.plugin_system:Skipping extension 'colcon_core.shell.bat': Not used on non-Windows systems
[1.126s] INFO:colcon.colcon_core.shell:Skip shell extension 'powershell' for command environment: Not usable outside of PowerShell
[1.126s] DEBUG:colcon.colcon_core.shell:Skip shell extension 'dsv' for command environment
[1.137s] INFO:colcon.colcon_ros.task.ament_cmake.build:Building ROS package in '/home/joergen/ros2_udemy/src/my_cpp_pkg' with build type 'ament_cmake'
[1.137s] INFO:colcon.colcon_cmake.task.cmake.build:Building CMake package in '/home/joergen/ros2_udemy/src/my_cpp_pkg'
[1.141s] INFO:colcon.colcon_core.shell:Skip shell extension 'powershell' for command environment: Not usable outside of PowerShell
[1.141s] DEBUG:colcon.colcon_core.shell:Skip shell extension 'dsv' for command environment
[1.182s] DEBUG:colcon.colcon_core.event_handler.log_command:Invoking command in '/home/joergen/ros2_udemy/build/my_robot_interfaces': CMAKE_PREFIX_PATH=${CMAKE_PREFIX_PATH}:/home/joergen/ros2_udemy/install/my_py_pkg:/opt/ros/humble /home/joergen/.local/bin/cmake --build /home/joergen/ros2_udemy/build/my_robot_interfaces -- -j8 -l8
[1.208s] DEBUG:colcon.colcon_core.event_handler.log_command:Invoking command in '/home/joergen/ros2_udemy/build/my_cpp_pkg': CMAKE_PREFIX_PATH=${CMAKE_PREFIX_PATH}:/home/joergen/ros2_udemy/install/my_py_pkg:/opt/ros/humble /home/joergen/.local/bin/cmake --build /home/joergen/ros2_udemy/build/my_cpp_pkg -- -j8 -l8
[1.400s] DEBUG:colcon.colcon_core.event_handler.log_command:Invoked command in '/home/joergen/ros2_udemy/build/my_cpp_pkg' returned '0': CMAKE_PREFIX_PATH=${CMAKE_PREFIX_PATH}:/home/joergen/ros2_udemy/install/my_py_pkg:/opt/ros/humble /home/joergen/.local/bin/cmake --build /home/joergen/ros2_udemy/build/my_cpp_pkg -- -j8 -l8
[1.626s] DEBUG:colcon.colcon_core.event_handler.log_command:Invoking command in '/home/joergen/ros2_udemy/build/my_cpp_pkg': CMAKE_PREFIX_PATH=${CMAKE_PREFIX_PATH}:/home/joergen/ros2_udemy/install/my_py_pkg:/opt/ros/humble /home/joergen/.local/bin/cmake --install /home/joergen/ros2_udemy/build/my_cpp_pkg
[1.713s] Level 1:colcon.colcon_core.environment:create_environment_scripts_only(my_cpp_pkg)
[1.725s] Level 1:colcon.colcon_core.environment:checking '/home/joergen/ros2_udemy/install/my_cpp_pkg' for CMake module files
[1.726s] Level 1:colcon.colcon_core.environment:checking '/home/joergen/ros2_udemy/install/my_cpp_pkg' for CMake config files
[1.726s] Level 1:colcon.colcon_core.shell:create_environment_hook('my_cpp_pkg', 'cmake_prefix_path')
[1.730s] INFO:colcon.colcon_core.shell:Creating environment hook '/home/joergen/ros2_udemy/install/my_cpp_pkg/share/my_cpp_pkg/hook/cmake_prefix_path.ps1'
[1.731s] DEBUG:colcon.colcon_core.event_handler.log_command:Invoked command in '/home/joergen/ros2_udemy/build/my_cpp_pkg' returned '0': CMAKE_PREFIX_PATH=${CMAKE_PREFIX_PATH}:/home/joergen/ros2_udemy/install/my_py_pkg:/opt/ros/humble /home/joergen/.local/bin/cmake --install /home/joergen/ros2_udemy/build/my_cpp_pkg
[1.734s] INFO:colcon.colcon_core.shell:Creating environment descriptor '/home/joergen/ros2_udemy/install/my_cpp_pkg/share/my_cpp_pkg/hook/cmake_prefix_path.dsv'
[1.735s] INFO:colcon.colcon_core.shell:Creating environment hook '/home/joergen/ros2_udemy/install/my_cpp_pkg/share/my_cpp_pkg/hook/cmake_prefix_path.sh'
[1.738s] Level 1:colcon.colcon_core.environment:checking '/home/joergen/ros2_udemy/install/my_cpp_pkg/lib'
[1.738s] Level 1:colcon.colcon_core.environment:checking '/home/joergen/ros2_udemy/install/my_cpp_pkg/bin'
[1.739s] Level 1:colcon.colcon_core.environment:checking '/home/joergen/ros2_udemy/install/my_cpp_pkg/lib/pkgconfig/my_cpp_pkg.pc'
[1.739s] Level 1:colcon.colcon_core.environment:checking '/home/joergen/ros2_udemy/install/my_cpp_pkg/lib/python3.10/site-packages'
[1.740s] Level 1:colcon.colcon_core.environment:checking '/home/joergen/ros2_udemy/install/my_cpp_pkg/bin'
[1.743s] INFO:colcon.colcon_core.shell:Creating package script '/home/joergen/ros2_udemy/install/my_cpp_pkg/share/my_cpp_pkg/package.ps1'
[1.746s] INFO:colcon.colcon_core.shell:Creating package descriptor '/home/joergen/ros2_udemy/install/my_cpp_pkg/share/my_cpp_pkg/package.dsv'
[1.747s] INFO:colcon.colcon_core.shell:Creating package script '/home/joergen/ros2_udemy/install/my_cpp_pkg/share/my_cpp_pkg/package.sh'
[1.749s] INFO:colcon.colcon_core.shell:Creating package script '/home/joergen/ros2_udemy/install/my_cpp_pkg/share/my_cpp_pkg/package.bash'
[1.750s] INFO:colcon.colcon_core.shell:Creating package script '/home/joergen/ros2_udemy/install/my_cpp_pkg/share/my_cpp_pkg/package.zsh'
[1.751s] Level 1:colcon.colcon_core.environment:create_file_with_runtime_dependencies(/home/joergen/ros2_udemy/install/my_cpp_pkg/share/colcon-core/packages/my_cpp_pkg)
[1.876s] Level 1:colcon.colcon_core.environment:create_environment_scripts_only(my_cpp_pkg)
[1.882s] Level 1:colcon.colcon_core.environment:checking '/home/joergen/ros2_udemy/install/my_cpp_pkg' for CMake module files
[1.884s] Level 1:colcon.colcon_core.environment:checking '/home/joergen/ros2_udemy/install/my_cpp_pkg' for CMake config files
[1.884s] Level 1:colcon.colcon_core.shell:create_environment_hook('my_cpp_pkg', 'cmake_prefix_path')
[1.888s] INFO:colcon.colcon_core.shell:Creating environment hook '/home/joergen/ros2_udemy/install/my_cpp_pkg/share/my_cpp_pkg/hook/cmake_prefix_path.ps1'
[1.889s] INFO:colcon.colcon_core.shell:Creating environment descriptor '/home/joergen/ros2_udemy/install/my_cpp_pkg/share/my_cpp_pkg/hook/cmake_prefix_path.dsv'
[1.890s] INFO:colcon.colcon_core.shell:Creating environment hook '/home/joergen/ros2_udemy/install/my_cpp_pkg/share/my_cpp_pkg/hook/cmake_prefix_path.sh'
[1.891s] Level 1:colcon.colcon_core.environment:checking '/home/joergen/ros2_udemy/install/my_cpp_pkg/lib'
[1.892s] Level 1:colcon.colcon_core.environment:checking '/home/joergen/ros2_udemy/install/my_cpp_pkg/bin'
[1.892s] Level 1:colcon.colcon_core.environment:checking '/home/joergen/ros2_udemy/install/my_cpp_pkg/lib/pkgconfig/my_cpp_pkg.pc'
[1.892s] Level 1:colcon.colcon_core.environment:checking '/home/joergen/ros2_udemy/install/my_cpp_pkg/lib/python3.10/site-packages'
[1.893s] Level 1:colcon.colcon_core.environment:checking '/home/joergen/ros2_udemy/install/my_cpp_pkg/bin'
[1.896s] INFO:colcon.colcon_core.shell:Creating package script '/home/joergen/ros2_udemy/install/my_cpp_pkg/share/my_cpp_pkg/package.ps1'
[1.897s] INFO:colcon.colcon_core.shell:Creating package descriptor '/home/joergen/ros2_udemy/install/my_cpp_pkg/share/my_cpp_pkg/package.dsv'
[1.898s] INFO:colcon.colcon_core.shell:Creating package script '/home/joergen/ros2_udemy/install/my_cpp_pkg/share/my_cpp_pkg/package.sh'
[1.899s] INFO:colcon.colcon_core.shell:Creating package script '/home/joergen/ros2_udemy/install/my_cpp_pkg/share/my_cpp_pkg/package.bash'
[1.899s] INFO:colcon.colcon_core.shell:Creating package script '/home/joergen/ros2_udemy/install/my_cpp_pkg/share/my_cpp_pkg/package.zsh'
[1.900s] Level 1:colcon.colcon_core.environment:create_file_with_runtime_dependencies(/home/joergen/ros2_udemy/install/my_cpp_pkg/share/colcon-core/packages/my_cpp_pkg)
[2.037s] DEBUG:colcon.colcon_core.event_handler.log_command:Invoked command in '/home/joergen/ros2_udemy/build/my_robot_interfaces' returned '0': CMAKE_PREFIX_PATH=${CMAKE_PREFIX_PATH}:/home/joergen/ros2_udemy/install/my_py_pkg:/opt/ros/humble /home/joergen/.local/bin/cmake --build /home/joergen/ros2_udemy/build/my_robot_interfaces -- -j8 -l8
[2.178s] DEBUG:colcon.colcon_core.event_handler.log_command:Invoking command in '/home/joergen/ros2_udemy/build/my_robot_interfaces': CMAKE_PREFIX_PATH=${CMAKE_PREFIX_PATH}:/home/joergen/ros2_udemy/install/my_py_pkg:/opt/ros/humble /home/joergen/.local/bin/cmake --install /home/joergen/ros2_udemy/build/my_robot_interfaces
[2.302s] Level 1:colcon.colcon_core.environment:create_environment_scripts_only(my_robot_interfaces)
[2.308s] Level 1:colcon.colcon_core.environment:checking '/home/joergen/ros2_udemy/install/my_robot_interfaces' for CMake module files
[2.310s] Level 1:colcon.colcon_core.environment:checking '/home/joergen/ros2_udemy/install/my_robot_interfaces' for CMake config files
[2.311s] Level 1:colcon.colcon_core.shell:create_environment_hook('my_robot_interfaces', 'cmake_prefix_path')
[2.314s] INFO:colcon.colcon_core.shell:Creating environment hook '/home/joergen/ros2_udemy/install/my_robot_interfaces/share/my_robot_interfaces/hook/cmake_prefix_path.ps1'
[2.314s] INFO:colcon.colcon_core.shell:Creating environment descriptor '/home/joergen/ros2_udemy/install/my_robot_interfaces/share/my_robot_interfaces/hook/cmake_prefix_path.dsv'
[2.315s] DEBUG:colcon.colcon_core.event_handler.log_command:Invoked command in '/home/joergen/ros2_udemy/build/my_robot_interfaces' returned '0': CMAKE_PREFIX_PATH=${CMAKE_PREFIX_PATH}:/home/joergen/ros2_udemy/install/my_py_pkg:/opt/ros/humble /home/joergen/.local/bin/cmake --install /home/joergen/ros2_udemy/build/my_robot_interfaces
[2.317s] INFO:colcon.colcon_core.shell:Creating environment hook '/home/joergen/ros2_udemy/install/my_robot_interfaces/share/my_robot_interfaces/hook/cmake_prefix_path.sh'
[2.319s] Level 1:colcon.colcon_core.environment:checking '/home/joergen/ros2_udemy/install/my_robot_interfaces/lib'
[2.320s] Level 1:colcon.colcon_core.shell:create_environment_hook('my_robot_interfaces', 'ld_library_path_lib')
[2.323s] INFO:colcon.colcon_core.shell:Creating environment hook '/home/joergen/ros2_udemy/install/my_robot_interfaces/share/my_robot_interfaces/hook/ld_library_path_lib.ps1'
[2.324s] INFO:colcon.colcon_core.shell:Creating environment descriptor '/home/joergen/ros2_udemy/install/my_robot_interfaces/share/my_robot_interfaces/hook/ld_library_path_lib.dsv'
[2.324s] INFO:colcon.colcon_core.shell:Creating environment hook '/home/joergen/ros2_udemy/install/my_robot_interfaces/share/my_robot_interfaces/hook/ld_library_path_lib.sh'
[2.325s] Level 1:colcon.colcon_core.environment:checking '/home/joergen/ros2_udemy/install/my_robot_interfaces/bin'
[2.325s] Level 1:colcon.colcon_core.environment:checking '/home/joergen/ros2_udemy/install/my_robot_interfaces/lib/pkgconfig/my_robot_interfaces.pc'
[2.326s] Level 1:colcon.colcon_core.environment:checking '/home/joergen/ros2_udemy/install/my_robot_interfaces/lib/python3.10/site-packages'
[2.326s] Level 1:colcon.colcon_core.environment:checking '/home/joergen/ros2_udemy/install/my_robot_interfaces/bin'
[2.329s] INFO:colcon.colcon_core.shell:Creating package script '/home/joergen/ros2_udemy/install/my_robot_interfaces/share/my_robot_interfaces/package.ps1'
[2.331s] INFO:colcon.colcon_core.shell:Creating package descriptor '/home/joergen/ros2_udemy/install/my_robot_interfaces/share/my_robot_interfaces/package.dsv'
[2.332s] INFO:colcon.colcon_core.shell:Creating package script '/home/joergen/ros2_udemy/install/my_robot_interfaces/share/my_robot_interfaces/package.sh'
[2.333s] INFO:colcon.colcon_core.shell:Creating package script '/home/joergen/ros2_udemy/install/my_robot_interfaces/share/my_robot_interfaces/package.bash'
[2.334s] INFO:colcon.colcon_core.shell:Creating package script '/home/joergen/ros2_udemy/install/my_robot_interfaces/share/my_robot_interfaces/package.zsh'
[2.335s] Level 1:colcon.colcon_core.environment:create_file_with_runtime_dependencies(/home/joergen/ros2_udemy/install/my_robot_interfaces/share/colcon-core/packages/my_robot_interfaces)
[2.473s] Level 1:colcon.colcon_core.environment:create_environment_scripts_only(my_robot_interfaces)
[2.476s] Level 1:colcon.colcon_core.environment:checking '/home/joergen/ros2_udemy/install/my_robot_interfaces' for CMake module files
[2.477s] Level 1:colcon.colcon_core.environment:checking '/home/joergen/ros2_udemy/install/my_robot_interfaces' for CMake config files
[2.478s] Level 1:colcon.colcon_core.shell:create_environment_hook('my_robot_interfaces', 'cmake_prefix_path')
[2.480s] INFO:colcon.colcon_core.shell:Creating environment hook '/home/joergen/ros2_udemy/install/my_robot_interfaces/share/my_robot_interfaces/hook/cmake_prefix_path.ps1'
[2.482s] INFO:colcon.colcon_core.shell:Creating environment descriptor '/home/joergen/ros2_udemy/install/my_robot_interfaces/share/my_robot_interfaces/hook/cmake_prefix_path.dsv'
[2.482s] INFO:colcon.colcon_core.shell:Creating environment hook '/home/joergen/ros2_udemy/install/my_robot_interfaces/share/my_robot_interfaces/hook/cmake_prefix_path.sh'
[2.483s] Level 1:colcon.colcon_core.environment:checking '/home/joergen/ros2_udemy/install/my_robot_interfaces/lib'
[2.483s] Level 1:colcon.colcon_core.shell:create_environment_hook('my_robot_interfaces', 'ld_library_path_lib')
[2.485s] INFO:colcon.colcon_core.shell:Creating environment hook '/home/joergen/ros2_udemy/install/my_robot_interfaces/share/my_robot_interfaces/hook/ld_library_path_lib.ps1'
[2.485s] INFO:colcon.colcon_core.shell:Creating environment descriptor '/home/joergen/ros2_udemy/install/my_robot_interfaces/share/my_robot_interfaces/hook/ld_library_path_lib.dsv'
[2.485s] INFO:colcon.colcon_core.shell:Creating environment hook '/home/joergen/ros2_udemy/install/my_robot_interfaces/share/my_robot_interfaces/hook/ld_library_path_lib.sh'
[2.486s] Level 1:colcon.colcon_core.environment:checking '/home/joergen/ros2_udemy/install/my_robot_interfaces/bin'
[2.486s] Level 1:colcon.colcon_core.environment:checking '/home/joergen/ros2_udemy/install/my_robot_interfaces/lib/pkgconfig/my_robot_interfaces.pc'
[2.486s] Level 1:colcon.colcon_core.environment:checking '/home/joergen/ros2_udemy/install/my_robot_interfaces/lib/python3.10/site-packages'
[2.486s] Level 1:colcon.colcon_core.environment:checking '/home/joergen/ros2_udemy/install/my_robot_interfaces/bin'
[2.488s] INFO:colcon.colcon_core.shell:Creating package script '/home/joergen/ros2_udemy/install/my_robot_interfaces/share/my_robot_interfaces/package.ps1'
[2.489s] INFO:colcon.colcon_core.shell:Creating package descriptor '/home/joergen/ros2_udemy/install/my_robot_interfaces/share/my_robot_interfaces/package.dsv'
[2.489s] INFO:colcon.colcon_core.shell:Creating package script '/home/joergen/ros2_udemy/install/my_robot_interfaces/share/my_robot_interfaces/package.sh'
[2.490s] INFO:colcon.colcon_core.shell:Creating package script '/home/joergen/ros2_udemy/install/my_robot_interfaces/share/my_robot_interfaces/package.bash'
[2.490s] INFO:colcon.colcon_core.shell:Creating package script '/home/joergen/ros2_udemy/install/my_robot_interfaces/share/my_robot_interfaces/package.zsh'
[2.491s] Level 1:colcon.colcon_core.environment:create_file_with_runtime_dependencies(/home/joergen/ros2_udemy/install/my_robot_interfaces/share/colcon-core/packages/my_robot_interfaces)
[2.491s] INFO:colcon.colcon_ros.task.ament_python.build:Building ROS package in '/home/joergen/ros2_udemy/src/my_py_pkg' with build type 'ament_python'
[2.492s] Level 1:colcon.colcon_core.shell:create_environment_hook('my_py_pkg', 'ament_prefix_path')
[2.495s] INFO:colcon.colcon_core.shell:Creating environment hook '/home/joergen/ros2_udemy/install/my_py_pkg/share/my_py_pkg/hook/ament_prefix_path.ps1'
[2.496s] INFO:colcon.colcon_core.shell:Creating environment descriptor '/home/joergen/ros2_udemy/install/my_py_pkg/share/my_py_pkg/hook/ament_prefix_path.dsv'
[2.496s] INFO:colcon.colcon_core.shell:Creating environment hook '/home/joergen/ros2_udemy/install/my_py_pkg/share/my_py_pkg/hook/ament_prefix_path.sh'
[2.498s] INFO:colcon.colcon_core.shell:Skip shell extension 'powershell' for command environment: Not usable outside of PowerShell
[2.499s] DEBUG:colcon.colcon_core.shell:Skip shell extension 'dsv' for command environment
[2.965s] INFO:colcon.colcon_core.task.python.build:Building Python package in '/home/joergen/ros2_udemy/src/my_py_pkg'
[2.968s] INFO:colcon.colcon_core.shell:Skip shell extension 'powershell' for command environment: Not usable outside of PowerShell
[2.968s] DEBUG:colcon.colcon_core.shell:Skip shell extension 'dsv' for command environment
[3.591s] DEBUG:colcon.colcon_core.event_handler.log_command:Invoking command in '/home/joergen/ros2_udemy/build/my_py_pkg': PYTHONPATH=/home/joergen/ros2_udemy/build/my_py_pkg/prefix_override:/home/joergen/ros2_udemy/install/my_py_pkg/lib/python3.10/site-packages:${PYTHONPATH} /usr/bin/python3 setup.py develop --uninstall --editable --build-directory /home/joergen/ros2_udemy/build/my_py_pkg/build
[4.209s] DEBUG:colcon.colcon_core.event_handler.log_command:Invoked command in '/home/joergen/ros2_udemy/build/my_py_pkg' returned '0': PYTHONPATH=/home/joergen/ros2_udemy/build/my_py_pkg/prefix_override:/home/joergen/ros2_udemy/install/my_py_pkg/lib/python3.10/site-packages:${PYTHONPATH} /usr/bin/python3 setup.py develop --uninstall --editable --build-directory /home/joergen/ros2_udemy/build/my_py_pkg/build
[4.212s] DEBUG:colcon.colcon_core.event_handler.log_command:Invoking command in '/home/joergen/ros2_udemy/src/my_py_pkg': PYTHONPATH=/home/joergen/ros2_udemy/build/my_py_pkg/prefix_override:/home/joergen/ros2_udemy/install/my_py_pkg/lib/python3.10/site-packages:${PYTHONPATH} /usr/bin/python3 setup.py egg_info --egg-base ../../build/my_py_pkg build --build-base /home/joergen/ros2_udemy/build/my_py_pkg/build install --record /home/joergen/ros2_udemy/build/my_py_pkg/install.log --single-version-externally-managed
[4.627s] Level 1:colcon.colcon_core.environment:checking '/home/joergen/ros2_udemy/install/my_py_pkg' for CMake module files
[4.628s] Level 1:colcon.colcon_core.environment:checking '/home/joergen/ros2_udemy/install/my_py_pkg' for CMake config files
[4.629s] Level 1:colcon.colcon_core.environment:checking '/home/joergen/ros2_udemy/install/my_py_pkg/lib'
[4.629s] Level 1:colcon.colcon_core.environment:checking '/home/joergen/ros2_udemy/install/my_py_pkg/bin'
[4.629s] Level 1:colcon.colcon_core.environment:checking '/home/joergen/ros2_udemy/install/my_py_pkg/lib/pkgconfig/my_py_pkg.pc'
[4.630s] Level 1:colcon.colcon_core.environment:checking '/home/joergen/ros2_udemy/install/my_py_pkg/lib/python3.10/site-packages'
[4.630s] Level 1:colcon.colcon_core.shell:create_environment_hook('my_py_pkg', 'pythonpath')
[4.632s] INFO:colcon.colcon_core.shell:Creating environment hook '/home/joergen/ros2_udemy/install/my_py_pkg/share/my_py_pkg/hook/pythonpath.ps1'
[4.633s] INFO:colcon.colcon_core.shell:Creating environment descriptor '/home/joergen/ros2_udemy/install/my_py_pkg/share/my_py_pkg/hook/pythonpath.dsv'
[4.633s] INFO:colcon.colcon_core.shell:Creating environment hook '/home/joergen/ros2_udemy/install/my_py_pkg/share/my_py_pkg/hook/pythonpath.sh'
[4.634s] Level 1:colcon.colcon_core.environment:checking '/home/joergen/ros2_udemy/install/my_py_pkg/bin'
[4.634s] Level 1:colcon.colcon_core.environment:create_environment_scripts_only(my_py_pkg)
[4.636s] INFO:colcon.colcon_core.shell:Creating package script '/home/joergen/ros2_udemy/install/my_py_pkg/share/my_py_pkg/package.ps1'
[4.637s] INFO:colcon.colcon_core.shell:Creating package descriptor '/home/joergen/ros2_udemy/install/my_py_pkg/share/my_py_pkg/package.dsv'
[4.638s] INFO:colcon.colcon_core.shell:Creating package script '/home/joergen/ros2_udemy/install/my_py_pkg/share/my_py_pkg/package.sh'
[4.638s] INFO:colcon.colcon_core.shell:Creating package script '/home/joergen/ros2_udemy/install/my_py_pkg/share/my_py_pkg/package.bash'
[4.639s] INFO:colcon.colcon_core.shell:Creating package script '/home/joergen/ros2_udemy/install/my_py_pkg/share/my_py_pkg/package.zsh'
[4.639s] DEBUG:colcon.colcon_core.event_handler.log_command:Invoked command in '/home/joergen/ros2_udemy/src/my_py_pkg' returned '0': PYTHONPATH=/home/joergen/ros2_udemy/build/my_py_pkg/prefix_override:/home/joergen/ros2_udemy/install/my_py_pkg/lib/python3.10/site-packages:${PYTHONPATH} /usr/bin/python3 setup.py egg_info --egg-base ../../build/my_py_pkg build --build-base /home/joergen/ros2_udemy/build/my_py_pkg/build install --record /home/joergen/ros2_udemy/build/my_py_pkg/install.log --single-version-externally-managed
[4.641s] Level 1:colcon.colcon_core.environment:create_file_with_runtime_dependencies(/home/joergen/ros2_udemy/install/my_py_pkg/share/colcon-core/packages/my_py_pkg)
[4.642s] DEBUG:colcon.colcon_parallel_executor.executor.parallel:closing loop
[4.642s] DEBUG:colcon.colcon_parallel_executor.executor.parallel:loop closed
[4.643s] DEBUG:colcon.colcon_parallel_executor.executor.parallel:run_until_complete finished with '0'
[4.643s] DEBUG:colcon.colcon_core.event_reactor:joining thread
[4.649s] INFO:colcon.colcon_core.plugin_system:Skipping extension 'colcon_notification.desktop_notification.terminal_notifier': Not used on non-Darwin systems
[4.649s] INFO:colcon.colcon_core.plugin_system:Skipping extension 'colcon_notification.desktop_notification.win32': Not used on non-Windows systems
[4.649s] INFO:colcon.colcon_notification.desktop_notification:Sending desktop notification using 'notify2'
[4.666s] DEBUG:colcon.colcon_core.event_reactor:joined thread
[4.668s] INFO:colcon.colcon_core.shell:Creating prefix script '/home/joergen/ros2_udemy/install/local_setup.ps1'
[4.669s] INFO:colcon.colcon_core.shell:Creating prefix util module '/home/joergen/ros2_udemy/install/_local_setup_util_ps1.py'
[4.671s] INFO:colcon.colcon_core.shell:Creating prefix chain script '/home/joergen/ros2_udemy/install/setup.ps1'
[4.674s] INFO:colcon.colcon_core.shell:Creating prefix script '/home/joergen/ros2_udemy/install/local_setup.sh'
[4.675s] INFO:colcon.colcon_core.shell:Creating prefix util module '/home/joergen/ros2_udemy/install/_local_setup_util_sh.py'
[4.675s] INFO:colcon.colcon_core.shell:Creating prefix chain script '/home/joergen/ros2_udemy/install/setup.sh'
[4.678s] INFO:colcon.colcon_core.shell:Creating prefix script '/home/joergen/ros2_udemy/install/local_setup.bash'
[4.678s] INFO:colcon.colcon_core.shell:Creating prefix chain script '/home/joergen/ros2_udemy/install/setup.bash'
[4.681s] INFO:colcon.colcon_core.shell:Creating prefix script '/home/joergen/ros2_udemy/install/local_setup.zsh'
[4.681s] INFO:colcon.colcon_core.shell:Creating prefix chain script '/home/joergen/ros2_udemy/install/setup.zsh'
