[1.249s] Invoking command in '/home/joergen/ros2_udemy/build/my_py_pkg': PYTHONPATH=/home/joergen/ros2_udemy/build/my_py_pkg/prefix_override:/home/joergen/ros2_udemy/install/my_py_pkg/lib/python3.10/site-packages:${PYTHONPATH} /usr/bin/python3 setup.py develop --editable --build-directory /home/joergen/ros2_udemy/build/my_py_pkg/build --no-deps install_data
[1.692s] running develop
[1.933s] running egg_info
[1.934s] writing my_py_pkg.egg-info/PKG-INFO
[1.934s] writing dependency_links to my_py_pkg.egg-info/dependency_links.txt
[1.934s] writing entry points to my_py_pkg.egg-info/entry_points.txt
[1.935s] writing requirements to my_py_pkg.egg-info/requires.txt
[1.935s] writing top-level names to my_py_pkg.egg-info/top_level.txt
[1.938s] reading manifest file 'my_py_pkg.egg-info/SOURCES.txt'
[1.940s] writing manifest file 'my_py_pkg.egg-info/SOURCES.txt'
[1.943s] running build_ext
[1.943s] Creating /home/joergen/ros2_udemy/install/my_py_pkg/lib/python3.10/site-packages/my-py-pkg.egg-link (link to .)
[1.945s] Installing add_two_ints_client script to /home/joergen/ros2_udemy/install/my_py_pkg/lib/my_py_pkg
[1.945s] Installing add_two_ints_client_no_oop script to /home/joergen/ros2_udemy/install/my_py_pkg/lib/my_py_pkg
[1.945s] Installing add_two_ints_server script to /home/joergen/ros2_udemy/install/my_py_pkg/lib/my_py_pkg
[1.946s] Installing battery script to /home/joergen/ros2_udemy/install/my_py_pkg/lib/my_py_pkg
[1.946s] Installing hw_status_publisher script to /home/joergen/ros2_udemy/install/my_py_pkg/lib/my_py_pkg
[1.946s] Installing led_panel script to /home/joergen/ros2_udemy/install/my_py_pkg/lib/my_py_pkg
[1.946s] Installing number_counter script to /home/joergen/ros2_udemy/install/my_py_pkg/lib/my_py_pkg
[1.947s] Installing number_publisher script to /home/joergen/ros2_udemy/install/my_py_pkg/lib/my_py_pkg
[1.947s] Installing py_node script to /home/joergen/ros2_udemy/install/my_py_pkg/lib/my_py_pkg
[1.947s] Installing robot_news_station script to /home/joergen/ros2_udemy/install/my_py_pkg/lib/my_py_pkg
[1.948s] Installing smartphone script to /home/joergen/ros2_udemy/install/my_py_pkg/lib/my_py_pkg
[1.948s] 
[1.948s] Installed /home/joergen/ros2_udemy/build/my_py_pkg
[1.949s] running install_data
[2.007s] Invoked command in '/home/joergen/ros2_udemy/build/my_py_pkg' returned '0': PYTHONPATH=/home/joergen/ros2_udemy/build/my_py_pkg/prefix_override:/home/joergen/ros2_udemy/install/my_py_pkg/lib/python3.10/site-packages:${PYTHONPATH} /usr/bin/python3 setup.py develop --editable --build-directory /home/joergen/ros2_udemy/build/my_py_pkg/build --no-deps install_data
