[0.793s] DEBUG:colcon:Command line arguments: ['/usr/bin/colcon', 'build', '--symlink-install']
[0.793s] DEBUG:colcon:Parsed command line arguments: Namespace(log_base=None, log_level=None, verb_name='build', build_base='build', install_base='install', merge_install=False, symlink_install=True, test_result_base=None, continue_on_error=False, executor='parallel', parallel_workers=8, event_handlers=None, ignore_user_meta=False, metas=['./colcon.meta'], base_paths=['.'], packages_ignore=None, packages_ignore_regex=None, paths=None, packages_up_to=None, packages_up_to_regex=None, packages_above=None, packages_above_and_dependencies=None, packages_above_depth=None, packages_select_by_dep=None, packages_skip_by_dep=None, packages_skip_up_to=None, packages_select_build_failed=False, packages_skip_build_finished=False, packages_select_test_failures=False, packages_skip_test_passed=False, packages_select=None, packages_skip=None, packages_select_regex=None, packages_skip_regex=None, packages_start=None, packages_end=None, allow_overriding=[], cmake_args=None, cmake_target=None, cmake_target_skip_unavailable=False, cmake_clean_cache=False, cmake_clean_first=False, cmake_force_configure=False, ament_cmake_args=None, catkin_cmake_args=None, catkin_skip_building_tests=False, verb_parser=<colcon_defaults.argument_parser.defaults.DefaultArgumentsDecorator object at 0x7fd301bc5d20>, verb_extension=<colcon_core.verb.build.BuildVerb object at 0x7fd301bc57b0>, main=<bound method BuildVerb.main of <colcon_core.verb.build.BuildVerb object at 0x7fd301bc57b0>>)
[0.843s] Level 1:colcon.colcon_core.package_discovery:discover_packages(colcon_meta) check parameters
[0.843s] Level 1:colcon.colcon_core.package_discovery:discover_packages(recursive) check parameters
[0.844s] Level 1:colcon.colcon_core.package_discovery:discover_packages(ignore) check parameters
[0.844s] Level 1:colcon.colcon_core.package_discovery:discover_packages(path) check parameters
[0.844s] Level 1:colcon.colcon_core.package_discovery:discover_packages(colcon_meta) discover
[0.844s] Level 1:colcon.colcon_core.package_discovery:discover_packages(recursive) discover
[0.844s] INFO:colcon.colcon_core.package_discovery:Crawling recursively for packages in '/home/joergen/ros2_udemy'
[0.845s] Level 1:colcon.colcon_core.package_identification:_identify(.) by extensions ['ignore', 'ignore_ament_install']
[0.845s] Level 1:colcon.colcon_core.package_identification:_identify(.) by extension 'ignore'
[0.845s] Level 1:colcon.colcon_core.package_identification:_identify(.) by extension 'ignore_ament_install'
[0.845s] Level 1:colcon.colcon_core.package_identification:_identify(.) by extensions ['colcon_pkg']
[0.845s] Level 1:colcon.colcon_core.package_identification:_identify(.) by extension 'colcon_pkg'
[0.845s] Level 1:colcon.colcon_core.package_identification:_identify(.) by extensions ['colcon_meta']
[0.845s] Level 1:colcon.colcon_core.package_identification:_identify(.) by extension 'colcon_meta'
[0.845s] Level 1:colcon.colcon_core.package_identification:_identify(.) by extensions ['ros']
[0.846s] Level 1:colcon.colcon_core.package_identification:_identify(.) by extension 'ros'
[0.870s] Level 1:colcon.colcon_core.package_identification:_identify(.) by extensions ['cmake', 'python']
[0.870s] Level 1:colcon.colcon_core.package_identification:_identify(.) by extension 'cmake'
[0.870s] Level 1:colcon.colcon_core.package_identification:_identify(.) by extension 'python'
[0.870s] Level 1:colcon.colcon_core.package_identification:_identify(.) by extensions ['python_setup_py']
[0.870s] Level 1:colcon.colcon_core.package_identification:_identify(.) by extension 'python_setup_py'
[0.870s] Level 1:colcon.colcon_core.package_identification:_identify(build) by extensions ['ignore', 'ignore_ament_install']
[0.871s] Level 1:colcon.colcon_core.package_identification:_identify(build) by extension 'ignore'
[0.871s] Level 1:colcon.colcon_core.package_identification:_identify(build) ignored
[0.871s] Level 1:colcon.colcon_core.package_identification:_identify(install) by extensions ['ignore', 'ignore_ament_install']
[0.872s] Level 1:colcon.colcon_core.package_identification:_identify(install) by extension 'ignore'
[0.872s] Level 1:colcon.colcon_core.package_identification:_identify(install) ignored
[0.872s] Level 1:colcon.colcon_core.package_identification:_identify(log) by extensions ['ignore', 'ignore_ament_install']
[0.872s] Level 1:colcon.colcon_core.package_identification:_identify(log) by extension 'ignore'
[0.872s] Level 1:colcon.colcon_core.package_identification:_identify(log) ignored
[0.872s] Level 1:colcon.colcon_core.package_identification:_identify(src) by extensions ['ignore', 'ignore_ament_install']
[0.873s] Level 1:colcon.colcon_core.package_identification:_identify(src) by extension 'ignore'
[0.873s] Level 1:colcon.colcon_core.package_identification:_identify(src) by extension 'ignore_ament_install'
[0.873s] Level 1:colcon.colcon_core.package_identification:_identify(src) by extensions ['colcon_pkg']
[0.873s] Level 1:colcon.colcon_core.package_identification:_identify(src) by extension 'colcon_pkg'
[0.873s] Level 1:colcon.colcon_core.package_identification:_identify(src) by extensions ['colcon_meta']
[0.873s] Level 1:colcon.colcon_core.package_identification:_identify(src) by extension 'colcon_meta'
[0.873s] Level 1:colcon.colcon_core.package_identification:_identify(src) by extensions ['ros']
[0.873s] Level 1:colcon.colcon_core.package_identification:_identify(src) by extension 'ros'
[0.873s] Level 1:colcon.colcon_core.package_identification:_identify(src) by extensions ['cmake', 'python']
[0.873s] Level 1:colcon.colcon_core.package_identification:_identify(src) by extension 'cmake'
[0.874s] Level 1:colcon.colcon_core.package_identification:_identify(src) by extension 'python'
[0.874s] Level 1:colcon.colcon_core.package_identification:_identify(src) by extensions ['python_setup_py']
[0.874s] Level 1:colcon.colcon_core.package_identification:_identify(src) by extension 'python_setup_py'
[0.874s] Level 1:colcon.colcon_core.package_identification:_identify(src/my_cpp_pkg) by extensions ['ignore', 'ignore_ament_install']
[0.874s] Level 1:colcon.colcon_core.package_identification:_identify(src/my_cpp_pkg) by extension 'ignore'
[0.874s] Level 1:colcon.colcon_core.package_identification:_identify(src/my_cpp_pkg) by extension 'ignore_ament_install'
[0.874s] Level 1:colcon.colcon_core.package_identification:_identify(src/my_cpp_pkg) by extensions ['colcon_pkg']
[0.874s] Level 1:colcon.colcon_core.package_identification:_identify(src/my_cpp_pkg) by extension 'colcon_pkg'
[0.875s] Level 1:colcon.colcon_core.package_identification:_identify(src/my_cpp_pkg) by extensions ['colcon_meta']
[0.875s] Level 1:colcon.colcon_core.package_identification:_identify(src/my_cpp_pkg) by extension 'colcon_meta'
[0.875s] Level 1:colcon.colcon_core.package_identification:_identify(src/my_cpp_pkg) by extensions ['ros']
[0.875s] Level 1:colcon.colcon_core.package_identification:_identify(src/my_cpp_pkg) by extension 'ros'
[0.880s] DEBUG:colcon.colcon_core.package_identification:Package 'src/my_cpp_pkg' with type 'ros.ament_cmake' and name 'my_cpp_pkg'
[0.880s] Level 1:colcon.colcon_core.package_identification:_identify(src/my_py_pkg) by extensions ['ignore', 'ignore_ament_install']
[0.881s] Level 1:colcon.colcon_core.package_identification:_identify(src/my_py_pkg) by extension 'ignore'
[0.881s] Level 1:colcon.colcon_core.package_identification:_identify(src/my_py_pkg) by extension 'ignore_ament_install'
[0.881s] Level 1:colcon.colcon_core.package_identification:_identify(src/my_py_pkg) by extensions ['colcon_pkg']
[0.881s] Level 1:colcon.colcon_core.package_identification:_identify(src/my_py_pkg) by extension 'colcon_pkg'
[0.881s] Level 1:colcon.colcon_core.package_identification:_identify(src/my_py_pkg) by extensions ['colcon_meta']
[0.881s] Level 1:colcon.colcon_core.package_identification:_identify(src/my_py_pkg) by extension 'colcon_meta'
[0.882s] Level 1:colcon.colcon_core.package_identification:_identify(src/my_py_pkg) by extensions ['ros']
[0.882s] Level 1:colcon.colcon_core.package_identification:_identify(src/my_py_pkg) by extension 'ros'
[0.884s] DEBUG:colcon.colcon_core.package_identification:Package 'src/my_py_pkg' with type 'ros.ament_python' and name 'my_py_pkg'
[0.884s] Level 1:colcon.colcon_core.package_identification:_identify(src/my_robot_interfaces) by extensions ['ignore', 'ignore_ament_install']
[0.885s] Level 1:colcon.colcon_core.package_identification:_identify(src/my_robot_interfaces) by extension 'ignore'
[0.885s] Level 1:colcon.colcon_core.package_identification:_identify(src/my_robot_interfaces) by extension 'ignore_ament_install'
[0.885s] Level 1:colcon.colcon_core.package_identification:_identify(src/my_robot_interfaces) by extensions ['colcon_pkg']
[0.885s] Level 1:colcon.colcon_core.package_identification:_identify(src/my_robot_interfaces) by extension 'colcon_pkg'
[0.885s] Level 1:colcon.colcon_core.package_identification:_identify(src/my_robot_interfaces) by extensions ['colcon_meta']
[0.885s] Level 1:colcon.colcon_core.package_identification:_identify(src/my_robot_interfaces) by extension 'colcon_meta'
[0.885s] Level 1:colcon.colcon_core.package_identification:_identify(src/my_robot_interfaces) by extensions ['ros']
[0.885s] Level 1:colcon.colcon_core.package_identification:_identify(src/my_robot_interfaces) by extension 'ros'
[0.887s] DEBUG:colcon.colcon_core.package_identification:Package 'src/my_robot_interfaces' with type 'ros.ament_cmake' and name 'my_robot_interfaces'
[0.887s] Level 1:colcon.colcon_core.package_discovery:discover_packages(recursive) using defaults
[0.888s] Level 1:colcon.colcon_core.package_discovery:discover_packages(ignore) discover
[0.888s] Level 1:colcon.colcon_core.package_discovery:discover_packages(ignore) using defaults
[0.888s] Level 1:colcon.colcon_core.package_discovery:discover_packages(path) discover
[0.888s] Level 1:colcon.colcon_core.package_discovery:discover_packages(path) using defaults
[0.942s] Level 1:colcon.colcon_core.package_discovery:discover_packages(prefix_path) check parameters
[0.942s] Level 1:colcon.colcon_core.package_discovery:discover_packages(prefix_path) discover
[0.950s] DEBUG:colcon.colcon_installed_package_information.package_discovery:Found 3 installed packages in /home/joergen/ros2_udemy/install
[0.953s] DEBUG:colcon.colcon_installed_package_information.package_discovery:Found 270 installed packages in /opt/ros/humble
[0.957s] Level 1:colcon.colcon_core.package_discovery:discover_packages(prefix_path) using defaults
[1.107s] Level 5:colcon.colcon_core.verb:set package 'my_cpp_pkg' build argument 'cmake_args' from command line to 'None'
[1.107s] Level 5:colcon.colcon_core.verb:set package 'my_cpp_pkg' build argument 'cmake_target' from command line to 'None'
[1.107s] Level 5:colcon.colcon_core.verb:set package 'my_cpp_pkg' build argument 'cmake_target_skip_unavailable' from command line to 'False'
[1.107s] Level 5:colcon.colcon_core.verb:set package 'my_cpp_pkg' build argument 'cmake_clean_cache' from command line to 'False'
[1.107s] Level 5:colcon.colcon_core.verb:set package 'my_cpp_pkg' build argument 'cmake_clean_first' from command line to 'False'
[1.107s] Level 5:colcon.colcon_core.verb:set package 'my_cpp_pkg' build argument 'cmake_force_configure' from command line to 'False'
[1.107s] Level 5:colcon.colcon_core.verb:set package 'my_cpp_pkg' build argument 'ament_cmake_args' from command line to 'None'
[1.107s] Level 5:colcon.colcon_core.verb:set package 'my_cpp_pkg' build argument 'catkin_cmake_args' from command line to 'None'
[1.107s] Level 5:colcon.colcon_core.verb:set package 'my_cpp_pkg' build argument 'catkin_skip_building_tests' from command line to 'False'
[1.107s] DEBUG:colcon.colcon_core.verb:Building package 'my_cpp_pkg' with the following arguments: {'ament_cmake_args': None, 'build_base': '/home/joergen/ros2_udemy/build/my_cpp_pkg', 'catkin_cmake_args': None, 'catkin_skip_building_tests': False, 'cmake_args': None, 'cmake_clean_cache': False, 'cmake_clean_first': False, 'cmake_force_configure': False, 'cmake_target': None, 'cmake_target_skip_unavailable': False, 'install_base': '/home/joergen/ros2_udemy/install/my_cpp_pkg', 'merge_install': False, 'path': '/home/joergen/ros2_udemy/src/my_cpp_pkg', 'symlink_install': True, 'test_result_base': None}
[1.109s] Level 5:colcon.colcon_core.verb:set package 'my_robot_interfaces' build argument 'cmake_args' from command line to 'None'
[1.109s] Level 5:colcon.colcon_core.verb:set package 'my_robot_interfaces' build argument 'cmake_target' from command line to 'None'
[1.110s] Level 5:colcon.colcon_core.verb:set package 'my_robot_interfaces' build argument 'cmake_target_skip_unavailable' from command line to 'False'
[1.110s] Level 5:colcon.colcon_core.verb:set package 'my_robot_interfaces' build argument 'cmake_clean_cache' from command line to 'False'
[1.110s] Level 5:colcon.colcon_core.verb:set package 'my_robot_interfaces' build argument 'cmake_clean_first' from command line to 'False'
[1.110s] Level 5:colcon.colcon_core.verb:set package 'my_robot_interfaces' build argument 'cmake_force_configure' from command line to 'False'
[1.110s] Level 5:colcon.colcon_core.verb:set package 'my_robot_interfaces' build argument 'ament_cmake_args' from command line to 'None'
[1.110s] Level 5:colcon.colcon_core.verb:set package 'my_robot_interfaces' build argument 'catkin_cmake_args' from command line to 'None'
[1.110s] Level 5:colcon.colcon_core.verb:set package 'my_robot_interfaces' build argument 'catkin_skip_building_tests' from command line to 'False'
[1.110s] DEBUG:colcon.colcon_core.verb:Building package 'my_robot_interfaces' with the following arguments: {'ament_cmake_args': None, 'build_base': '/home/joergen/ros2_udemy/build/my_robot_interfaces', 'catkin_cmake_args': None, 'catkin_skip_building_tests': False, 'cmake_args': None, 'cmake_clean_cache': False, 'cmake_clean_first': False, 'cmake_force_configure': False, 'cmake_target': None, 'cmake_target_skip_unavailable': False, 'install_base': '/home/joergen/ros2_udemy/install/my_robot_interfaces', 'merge_install': False, 'path': '/home/joergen/ros2_udemy/src/my_robot_interfaces', 'symlink_install': True, 'test_result_base': None}
[1.114s] Level 5:colcon.colcon_core.verb:set package 'my_py_pkg' build argument 'cmake_args' from command line to 'None'
[1.114s] Level 5:colcon.colcon_core.verb:set package 'my_py_pkg' build argument 'cmake_target' from command line to 'None'
[1.114s] Level 5:colcon.colcon_core.verb:set package 'my_py_pkg' build argument 'cmake_target_skip_unavailable' from command line to 'False'
[1.114s] Level 5:colcon.colcon_core.verb:set package 'my_py_pkg' build argument 'cmake_clean_cache' from command line to 'False'
[1.114s] Level 5:colcon.colcon_core.verb:set package 'my_py_pkg' build argument 'cmake_clean_first' from command line to 'False'
[1.114s] Level 5:colcon.colcon_core.verb:set package 'my_py_pkg' build argument 'cmake_force_configure' from command line to 'False'
[1.114s] Level 5:colcon.colcon_core.verb:set package 'my_py_pkg' build argument 'ament_cmake_args' from command line to 'None'
[1.114s] Level 5:colcon.colcon_core.verb:set package 'my_py_pkg' build argument 'catkin_cmake_args' from command line to 'None'
[1.114s] Level 5:colcon.colcon_core.verb:set package 'my_py_pkg' build argument 'catkin_skip_building_tests' from command line to 'False'
[1.115s] DEBUG:colcon.colcon_core.verb:Building package 'my_py_pkg' with the following arguments: {'ament_cmake_args': None, 'build_base': '/home/joergen/ros2_udemy/build/my_py_pkg', 'catkin_cmake_args': None, 'catkin_skip_building_tests': False, 'cmake_args': None, 'cmake_clean_cache': False, 'cmake_clean_first': False, 'cmake_force_configure': False, 'cmake_target': None, 'cmake_target_skip_unavailable': False, 'install_base': '/home/joergen/ros2_udemy/install/my_py_pkg', 'merge_install': False, 'path': '/home/joergen/ros2_udemy/src/my_py_pkg', 'symlink_install': True, 'test_result_base': None}
[1.117s] INFO:colcon.colcon_core.executor:Executing jobs using 'parallel' executor
[1.126s] DEBUG:colcon.colcon_parallel_executor.executor.parallel:run_until_complete
[1.126s] INFO:colcon.colcon_ros.task.ament_cmake.build:Building ROS package in '/home/joergen/ros2_udemy/src/my_robot_interfaces' with build type 'ament_cmake'
[1.127s] INFO:colcon.colcon_cmake.task.cmake.build:Building CMake package in '/home/joergen/ros2_udemy/src/my_robot_interfaces'
[1.137s] INFO:colcon.colcon_core.plugin_system:Skipping extension 'colcon_core.shell.bat': Not used on non-Windows systems
[1.138s] INFO:colcon.colcon_core.shell:Skip shell extension 'powershell' for command environment: Not usable outside of PowerShell
[1.138s] DEBUG:colcon.colcon_core.shell:Skip shell extension 'dsv' for command environment
[1.155s] INFO:colcon.colcon_ros.task.ament_cmake.build:Building ROS package in '/home/joergen/ros2_udemy/src/my_cpp_pkg' with build type 'ament_cmake'
[1.156s] INFO:colcon.colcon_cmake.task.cmake.build:Building CMake package in '/home/joergen/ros2_udemy/src/my_cpp_pkg'
[1.159s] INFO:colcon.colcon_core.shell:Skip shell extension 'powershell' for command environment: Not usable outside of PowerShell
[1.160s] DEBUG:colcon.colcon_core.shell:Skip shell extension 'dsv' for command environment
[1.202s] DEBUG:colcon.colcon_core.event_handler.log_command:Invoking command in '/home/joergen/ros2_udemy/build/my_robot_interfaces': CMAKE_PREFIX_PATH=${CMAKE_PREFIX_PATH}:/home/joergen/ros2_udemy/install/my_py_pkg:/opt/ros/humble /home/joergen/.local/bin/cmake /home/joergen/ros2_udemy/src/my_robot_interfaces -DAMENT_CMAKE_SYMLINK_INSTALL=1 -DCMAKE_INSTALL_PREFIX=/home/joergen/ros2_udemy/install/my_robot_interfaces
[1.221s] DEBUG:colcon.colcon_core.event_handler.log_command:Invoking command in '/home/joergen/ros2_udemy/build/my_cpp_pkg': CMAKE_PREFIX_PATH=${CMAKE_PREFIX_PATH}:/home/joergen/ros2_udemy/install/my_py_pkg:/opt/ros/humble /home/joergen/.local/bin/cmake /home/joergen/ros2_udemy/src/my_cpp_pkg -DAMENT_CMAKE_SYMLINK_INSTALL=1 -DCMAKE_INSTALL_PREFIX=/home/joergen/ros2_udemy/install/my_cpp_pkg
[2.508s] DEBUG:colcon.colcon_core.event_handler.log_command:Invoked command in '/home/joergen/ros2_udemy/build/my_robot_interfaces' returned '0': CMAKE_PREFIX_PATH=${CMAKE_PREFIX_PATH}:/home/joergen/ros2_udemy/install/my_py_pkg:/opt/ros/humble /home/joergen/.local/bin/cmake /home/joergen/ros2_udemy/src/my_robot_interfaces -DAMENT_CMAKE_SYMLINK_INSTALL=1 -DCMAKE_INSTALL_PREFIX=/home/joergen/ros2_udemy/install/my_robot_interfaces
[2.509s] DEBUG:colcon.colcon_core.event_handler.log_command:Invoking command in '/home/joergen/ros2_udemy/build/my_robot_interfaces': CMAKE_PREFIX_PATH=${CMAKE_PREFIX_PATH}:/home/joergen/ros2_udemy/install/my_py_pkg:/opt/ros/humble /home/joergen/.local/bin/cmake --build /home/joergen/ros2_udemy/build/my_robot_interfaces -- -j8 -l8
[2.773s] DEBUG:colcon.colcon_core.event_handler.log_command:Invoked command in '/home/joergen/ros2_udemy/build/my_cpp_pkg' returned '0': CMAKE_PREFIX_PATH=${CMAKE_PREFIX_PATH}:/home/joergen/ros2_udemy/install/my_py_pkg:/opt/ros/humble /home/joergen/.local/bin/cmake /home/joergen/ros2_udemy/src/my_cpp_pkg -DAMENT_CMAKE_SYMLINK_INSTALL=1 -DCMAKE_INSTALL_PREFIX=/home/joergen/ros2_udemy/install/my_cpp_pkg
[2.780s] DEBUG:colcon.colcon_core.event_handler.log_command:Invoking command in '/home/joergen/ros2_udemy/build/my_cpp_pkg': CMAKE_PREFIX_PATH=${CMAKE_PREFIX_PATH}:/home/joergen/ros2_udemy/install/my_py_pkg:/opt/ros/humble /home/joergen/.local/bin/cmake --build /home/joergen/ros2_udemy/build/my_cpp_pkg -- -j8 -l8
[2.917s] DEBUG:colcon.colcon_core.event_handler.log_command:Invoked command in '/home/joergen/ros2_udemy/build/my_cpp_pkg' returned '0': CMAKE_PREFIX_PATH=${CMAKE_PREFIX_PATH}:/home/joergen/ros2_udemy/install/my_py_pkg:/opt/ros/humble /home/joergen/.local/bin/cmake --build /home/joergen/ros2_udemy/build/my_cpp_pkg -- -j8 -l8
[3.126s] DEBUG:colcon.colcon_core.event_handler.log_command:Invoking command in '/home/joergen/ros2_udemy/build/my_cpp_pkg': CMAKE_PREFIX_PATH=${CMAKE_PREFIX_PATH}:/home/joergen/ros2_udemy/install/my_py_pkg:/opt/ros/humble /home/joergen/.local/bin/cmake --install /home/joergen/ros2_udemy/build/my_cpp_pkg
[3.200s] Level 1:colcon.colcon_core.environment:create_environment_scripts_only(my_cpp_pkg)
[3.203s] DEBUG:colcon.colcon_core.event_handler.log_command:Invoked command in '/home/joergen/ros2_udemy/build/my_cpp_pkg' returned '0': CMAKE_PREFIX_PATH=${CMAKE_PREFIX_PATH}:/home/joergen/ros2_udemy/install/my_py_pkg:/opt/ros/humble /home/joergen/.local/bin/cmake --install /home/joergen/ros2_udemy/build/my_cpp_pkg
[3.207s] Level 1:colcon.colcon_core.environment:checking '/home/joergen/ros2_udemy/install/my_cpp_pkg' for CMake module files
[3.207s] Level 1:colcon.colcon_core.environment:checking '/home/joergen/ros2_udemy/install/my_cpp_pkg' for CMake config files
[3.207s] Level 1:colcon.colcon_core.shell:create_environment_hook('my_cpp_pkg', 'cmake_prefix_path')
[3.212s] INFO:colcon.colcon_core.shell:Creating environment hook '/home/joergen/ros2_udemy/install/my_cpp_pkg/share/my_cpp_pkg/hook/cmake_prefix_path.ps1'
[3.213s] INFO:colcon.colcon_core.shell:Creating environment descriptor '/home/joergen/ros2_udemy/install/my_cpp_pkg/share/my_cpp_pkg/hook/cmake_prefix_path.dsv'
[3.214s] INFO:colcon.colcon_core.shell:Creating environment hook '/home/joergen/ros2_udemy/install/my_cpp_pkg/share/my_cpp_pkg/hook/cmake_prefix_path.sh'
[3.216s] Level 1:colcon.colcon_core.environment:checking '/home/joergen/ros2_udemy/install/my_cpp_pkg/lib'
[3.216s] Level 1:colcon.colcon_core.environment:checking '/home/joergen/ros2_udemy/install/my_cpp_pkg/bin'
[3.216s] Level 1:colcon.colcon_core.environment:checking '/home/joergen/ros2_udemy/install/my_cpp_pkg/lib/pkgconfig/my_cpp_pkg.pc'
[3.217s] Level 1:colcon.colcon_core.environment:checking '/home/joergen/ros2_udemy/install/my_cpp_pkg/lib/python3.10/site-packages'
[3.217s] Level 1:colcon.colcon_core.environment:checking '/home/joergen/ros2_udemy/install/my_cpp_pkg/bin'
[3.219s] INFO:colcon.colcon_core.shell:Creating package script '/home/joergen/ros2_udemy/install/my_cpp_pkg/share/my_cpp_pkg/package.ps1'
[3.222s] INFO:colcon.colcon_core.shell:Creating package descriptor '/home/joergen/ros2_udemy/install/my_cpp_pkg/share/my_cpp_pkg/package.dsv'
[3.223s] INFO:colcon.colcon_core.shell:Creating package script '/home/joergen/ros2_udemy/install/my_cpp_pkg/share/my_cpp_pkg/package.sh'
[3.224s] INFO:colcon.colcon_core.shell:Creating package script '/home/joergen/ros2_udemy/install/my_cpp_pkg/share/my_cpp_pkg/package.bash'
[3.225s] INFO:colcon.colcon_core.shell:Creating package script '/home/joergen/ros2_udemy/install/my_cpp_pkg/share/my_cpp_pkg/package.zsh'
[3.226s] Level 1:colcon.colcon_core.environment:create_file_with_runtime_dependencies(/home/joergen/ros2_udemy/install/my_cpp_pkg/share/colcon-core/packages/my_cpp_pkg)
[3.307s] Level 1:colcon.colcon_core.environment:create_environment_scripts_only(my_cpp_pkg)
[3.313s] Level 1:colcon.colcon_core.environment:checking '/home/joergen/ros2_udemy/install/my_cpp_pkg' for CMake module files
[3.314s] Level 1:colcon.colcon_core.environment:checking '/home/joergen/ros2_udemy/install/my_cpp_pkg' for CMake config files
[3.315s] Level 1:colcon.colcon_core.shell:create_environment_hook('my_cpp_pkg', 'cmake_prefix_path')
[3.317s] INFO:colcon.colcon_core.shell:Creating environment hook '/home/joergen/ros2_udemy/install/my_cpp_pkg/share/my_cpp_pkg/hook/cmake_prefix_path.ps1'
[3.318s] INFO:colcon.colcon_core.shell:Creating environment descriptor '/home/joergen/ros2_udemy/install/my_cpp_pkg/share/my_cpp_pkg/hook/cmake_prefix_path.dsv'
[3.319s] INFO:colcon.colcon_core.shell:Creating environment hook '/home/joergen/ros2_udemy/install/my_cpp_pkg/share/my_cpp_pkg/hook/cmake_prefix_path.sh'
[3.319s] Level 1:colcon.colcon_core.environment:checking '/home/joergen/ros2_udemy/install/my_cpp_pkg/lib'
[3.319s] Level 1:colcon.colcon_core.environment:checking '/home/joergen/ros2_udemy/install/my_cpp_pkg/bin'
[3.319s] Level 1:colcon.colcon_core.environment:checking '/home/joergen/ros2_udemy/install/my_cpp_pkg/lib/pkgconfig/my_cpp_pkg.pc'
[3.320s] Level 1:colcon.colcon_core.environment:checking '/home/joergen/ros2_udemy/install/my_cpp_pkg/lib/python3.10/site-packages'
[3.320s] Level 1:colcon.colcon_core.environment:checking '/home/joergen/ros2_udemy/install/my_cpp_pkg/bin'
[3.322s] INFO:colcon.colcon_core.shell:Creating package script '/home/joergen/ros2_udemy/install/my_cpp_pkg/share/my_cpp_pkg/package.ps1'
[3.323s] INFO:colcon.colcon_core.shell:Creating package descriptor '/home/joergen/ros2_udemy/install/my_cpp_pkg/share/my_cpp_pkg/package.dsv'
[3.324s] INFO:colcon.colcon_core.shell:Creating package script '/home/joergen/ros2_udemy/install/my_cpp_pkg/share/my_cpp_pkg/package.sh'
[3.325s] INFO:colcon.colcon_core.shell:Creating package script '/home/joergen/ros2_udemy/install/my_cpp_pkg/share/my_cpp_pkg/package.bash'
[3.325s] INFO:colcon.colcon_core.shell:Creating package script '/home/joergen/ros2_udemy/install/my_cpp_pkg/share/my_cpp_pkg/package.zsh'
[3.326s] Level 1:colcon.colcon_core.environment:create_file_with_runtime_dependencies(/home/joergen/ros2_udemy/install/my_cpp_pkg/share/colcon-core/packages/my_cpp_pkg)
[3.329s] DEBUG:colcon.colcon_core.event_handler.log_command:Invoked command in '/home/joergen/ros2_udemy/build/my_robot_interfaces' returned '2': CMAKE_PREFIX_PATH=${CMAKE_PREFIX_PATH}:/home/joergen/ros2_udemy/install/my_py_pkg:/opt/ros/humble /home/joergen/.local/bin/cmake --build /home/joergen/ros2_udemy/build/my_robot_interfaces -- -j8 -l8
[3.500s] Level 1:colcon.colcon_core.environment:create_environment_scripts_only(my_robot_interfaces)
[3.502s] Level 1:colcon.colcon_core.environment:checking '/home/joergen/ros2_udemy/install/my_robot_interfaces' for CMake module files
[3.503s] Level 1:colcon.colcon_core.environment:checking '/home/joergen/ros2_udemy/install/my_robot_interfaces' for CMake config files
[3.503s] Level 1:colcon.colcon_core.shell:create_environment_hook('my_robot_interfaces', 'cmake_prefix_path')
[3.505s] INFO:colcon.colcon_core.shell:Creating environment hook '/home/joergen/ros2_udemy/install/my_robot_interfaces/share/my_robot_interfaces/hook/cmake_prefix_path.ps1'
[3.505s] INFO:colcon.colcon_core.shell:Creating environment descriptor '/home/joergen/ros2_udemy/install/my_robot_interfaces/share/my_robot_interfaces/hook/cmake_prefix_path.dsv'
[3.506s] INFO:colcon.colcon_core.shell:Creating environment hook '/home/joergen/ros2_udemy/install/my_robot_interfaces/share/my_robot_interfaces/hook/cmake_prefix_path.sh'
[3.506s] Level 1:colcon.colcon_core.environment:checking '/home/joergen/ros2_udemy/install/my_robot_interfaces/lib'
[3.506s] Level 1:colcon.colcon_core.shell:create_environment_hook('my_robot_interfaces', 'ld_library_path_lib')
[3.509s] INFO:colcon.colcon_core.shell:Creating environment hook '/home/joergen/ros2_udemy/install/my_robot_interfaces/share/my_robot_interfaces/hook/ld_library_path_lib.ps1'
[3.510s] INFO:colcon.colcon_core.shell:Creating environment descriptor '/home/joergen/ros2_udemy/install/my_robot_interfaces/share/my_robot_interfaces/hook/ld_library_path_lib.dsv'
[3.511s] INFO:colcon.colcon_core.shell:Creating environment hook '/home/joergen/ros2_udemy/install/my_robot_interfaces/share/my_robot_interfaces/hook/ld_library_path_lib.sh'
[3.512s] Level 1:colcon.colcon_core.environment:checking '/home/joergen/ros2_udemy/install/my_robot_interfaces/bin'
[3.512s] Level 1:colcon.colcon_core.environment:checking '/home/joergen/ros2_udemy/install/my_robot_interfaces/lib/pkgconfig/my_robot_interfaces.pc'
[3.512s] Level 1:colcon.colcon_core.environment:checking '/home/joergen/ros2_udemy/install/my_robot_interfaces/lib/python3.10/site-packages'
[3.513s] Level 1:colcon.colcon_core.environment:checking '/home/joergen/ros2_udemy/install/my_robot_interfaces/bin'
[3.515s] INFO:colcon.colcon_core.shell:Creating package script '/home/joergen/ros2_udemy/install/my_robot_interfaces/share/my_robot_interfaces/package.ps1'
[3.516s] INFO:colcon.colcon_core.shell:Creating package descriptor '/home/joergen/ros2_udemy/install/my_robot_interfaces/share/my_robot_interfaces/package.dsv'
[3.517s] INFO:colcon.colcon_core.shell:Creating package script '/home/joergen/ros2_udemy/install/my_robot_interfaces/share/my_robot_interfaces/package.sh'
[3.518s] INFO:colcon.colcon_core.shell:Creating package script '/home/joergen/ros2_udemy/install/my_robot_interfaces/share/my_robot_interfaces/package.bash'
[3.519s] INFO:colcon.colcon_core.shell:Creating package script '/home/joergen/ros2_udemy/install/my_robot_interfaces/share/my_robot_interfaces/package.zsh'
[3.519s] Level 1:colcon.colcon_core.environment:create_file_with_runtime_dependencies(/home/joergen/ros2_udemy/install/my_robot_interfaces/share/colcon-core/packages/my_robot_interfaces)
[3.530s] DEBUG:colcon.colcon_parallel_executor.executor.parallel:closing loop
[3.531s] DEBUG:colcon.colcon_parallel_executor.executor.parallel:loop closed
[3.531s] DEBUG:colcon.colcon_parallel_executor.executor.parallel:run_until_complete finished with '2'
[3.532s] DEBUG:colcon.colcon_core.event_reactor:joining thread
[3.541s] INFO:colcon.colcon_core.plugin_system:Skipping extension 'colcon_notification.desktop_notification.terminal_notifier': Not used on non-Darwin systems
[3.541s] INFO:colcon.colcon_core.plugin_system:Skipping extension 'colcon_notification.desktop_notification.win32': Not used on non-Windows systems
[3.541s] INFO:colcon.colcon_notification.desktop_notification:Sending desktop notification using 'notify2'
[3.566s] DEBUG:colcon.colcon_core.event_reactor:joined thread
[3.568s] INFO:colcon.colcon_core.shell:Creating prefix script '/home/joergen/ros2_udemy/install/local_setup.ps1'
[3.569s] INFO:colcon.colcon_core.shell:Creating prefix util module '/home/joergen/ros2_udemy/install/_local_setup_util_ps1.py'
[3.571s] INFO:colcon.colcon_core.shell:Creating prefix chain script '/home/joergen/ros2_udemy/install/setup.ps1'
[3.573s] INFO:colcon.colcon_core.shell:Creating prefix script '/home/joergen/ros2_udemy/install/local_setup.sh'
[3.574s] INFO:colcon.colcon_core.shell:Creating prefix util module '/home/joergen/ros2_udemy/install/_local_setup_util_sh.py'
[3.575s] INFO:colcon.colcon_core.shell:Creating prefix chain script '/home/joergen/ros2_udemy/install/setup.sh'
[3.576s] INFO:colcon.colcon_core.shell:Creating prefix script '/home/joergen/ros2_udemy/install/local_setup.bash'
[3.577s] INFO:colcon.colcon_core.shell:Creating prefix chain script '/home/joergen/ros2_udemy/install/setup.bash'
[3.578s] INFO:colcon.colcon_core.shell:Creating prefix script '/home/joergen/ros2_udemy/install/local_setup.zsh'
[3.578s] INFO:colcon.colcon_core.shell:Creating prefix chain script '/home/joergen/ros2_udemy/install/setup.zsh'
