[0.492s] DEBUG:colcon:Command line arguments: ['/usr/bin/colcon', 'build']
[0.492s] DEBUG:colcon:Parsed command line arguments: Namespace(log_base=None, log_level=None, verb_name='build', build_base='build', install_base='install', merge_install=False, symlink_install=False, test_result_base=None, continue_on_error=False, executor='parallel', parallel_workers=8, event_handlers=None, ignore_user_meta=False, metas=['./colcon.meta'], base_paths=['.'], packages_ignore=None, packages_ignore_regex=None, paths=None, packages_up_to=None, packages_up_to_regex=None, packages_above=None, packages_above_and_dependencies=None, packages_above_depth=None, packages_select_by_dep=None, packages_skip_by_dep=None, packages_skip_up_to=None, packages_select_build_failed=False, packages_skip_build_finished=False, packages_select_test_failures=False, packages_skip_test_passed=False, packages_select=None, packages_skip=None, packages_select_regex=None, packages_skip_regex=None, packages_start=None, packages_end=None, allow_overriding=[], cmake_args=None, cmake_target=None, cmake_target_skip_unavailable=False, cmake_clean_cache=False, cmake_clean_first=False, cmake_force_configure=False, ament_cmake_args=None, catkin_cmake_args=None, catkin_skip_building_tests=False, verb_parser=<colcon_defaults.argument_parser.defaults.DefaultArgumentsDecorator object at 0x7fd30053dc90>, verb_extension=<colcon_core.verb.build.BuildVerb object at 0x7fd30053d720>, main=<bound method BuildVerb.main of <colcon_core.verb.build.BuildVerb object at 0x7fd30053d720>>)
[0.539s] Level 1:colcon.colcon_core.package_discovery:discover_packages(colcon_meta) check parameters
[0.539s] Level 1:colcon.colcon_core.package_discovery:discover_packages(recursive) check parameters
[0.540s] Level 1:colcon.colcon_core.package_discovery:discover_packages(ignore) check parameters
[0.540s] Level 1:colcon.colcon_core.package_discovery:discover_packages(path) check parameters
[0.540s] Level 1:colcon.colcon_core.package_discovery:discover_packages(colcon_meta) discover
[0.540s] Level 1:colcon.colcon_core.package_discovery:discover_packages(recursive) discover
[0.540s] INFO:colcon.colcon_core.package_discovery:Crawling recursively for packages in '/home/joergen/ros2_udemy'
[0.540s] Level 1:colcon.colcon_core.package_identification:_identify(.) by extensions ['ignore', 'ignore_ament_install']
[0.541s] Level 1:colcon.colcon_core.package_identification:_identify(.) by extension 'ignore'
[0.541s] Level 1:colcon.colcon_core.package_identification:_identify(.) by extension 'ignore_ament_install'
[0.541s] Level 1:colcon.colcon_core.package_identification:_identify(.) by extensions ['colcon_pkg']
[0.541s] Level 1:colcon.colcon_core.package_identification:_identify(.) by extension 'colcon_pkg'
[0.541s] Level 1:colcon.colcon_core.package_identification:_identify(.) by extensions ['colcon_meta']
[0.541s] Level 1:colcon.colcon_core.package_identification:_identify(.) by extension 'colcon_meta'
[0.541s] Level 1:colcon.colcon_core.package_identification:_identify(.) by extensions ['ros']
[0.541s] Level 1:colcon.colcon_core.package_identification:_identify(.) by extension 'ros'
[0.562s] Level 1:colcon.colcon_core.package_identification:_identify(.) by extensions ['cmake', 'python']
[0.562s] Level 1:colcon.colcon_core.package_identification:_identify(.) by extension 'cmake'
[0.562s] Level 1:colcon.colcon_core.package_identification:_identify(.) by extension 'python'
[0.562s] Level 1:colcon.colcon_core.package_identification:_identify(.) by extensions ['python_setup_py']
[0.562s] Level 1:colcon.colcon_core.package_identification:_identify(.) by extension 'python_setup_py'
[0.562s] Level 1:colcon.colcon_core.package_identification:_identify(build) by extensions ['ignore', 'ignore_ament_install']
[0.563s] Level 1:colcon.colcon_core.package_identification:_identify(build) by extension 'ignore'
[0.563s] Level 1:colcon.colcon_core.package_identification:_identify(build) ignored
[0.563s] Level 1:colcon.colcon_core.package_identification:_identify(install) by extensions ['ignore', 'ignore_ament_install']
[0.563s] Level 1:colcon.colcon_core.package_identification:_identify(install) by extension 'ignore'
[0.563s] Level 1:colcon.colcon_core.package_identification:_identify(install) ignored
[0.564s] Level 1:colcon.colcon_core.package_identification:_identify(log) by extensions ['ignore', 'ignore_ament_install']
[0.564s] Level 1:colcon.colcon_core.package_identification:_identify(log) by extension 'ignore'
[0.564s] Level 1:colcon.colcon_core.package_identification:_identify(log) ignored
[0.564s] Level 1:colcon.colcon_core.package_identification:_identify(src) by extensions ['ignore', 'ignore_ament_install']
[0.564s] Level 1:colcon.colcon_core.package_identification:_identify(src) by extension 'ignore'
[0.565s] Level 1:colcon.colcon_core.package_identification:_identify(src) by extension 'ignore_ament_install'
[0.565s] Level 1:colcon.colcon_core.package_identification:_identify(src) by extensions ['colcon_pkg']
[0.565s] Level 1:colcon.colcon_core.package_identification:_identify(src) by extension 'colcon_pkg'
[0.565s] Level 1:colcon.colcon_core.package_identification:_identify(src) by extensions ['colcon_meta']
[0.565s] Level 1:colcon.colcon_core.package_identification:_identify(src) by extension 'colcon_meta'
[0.565s] Level 1:colcon.colcon_core.package_identification:_identify(src) by extensions ['ros']
[0.565s] Level 1:colcon.colcon_core.package_identification:_identify(src) by extension 'ros'
[0.565s] Level 1:colcon.colcon_core.package_identification:_identify(src) by extensions ['cmake', 'python']
[0.565s] Level 1:colcon.colcon_core.package_identification:_identify(src) by extension 'cmake'
[0.565s] Level 1:colcon.colcon_core.package_identification:_identify(src) by extension 'python'
[0.566s] Level 1:colcon.colcon_core.package_identification:_identify(src) by extensions ['python_setup_py']
[0.566s] Level 1:colcon.colcon_core.package_identification:_identify(src) by extension 'python_setup_py'
[0.566s] Level 1:colcon.colcon_core.package_identification:_identify(src/my_cpp_pkg) by extensions ['ignore', 'ignore_ament_install']
[0.566s] Level 1:colcon.colcon_core.package_identification:_identify(src/my_cpp_pkg) by extension 'ignore'
[0.566s] Level 1:colcon.colcon_core.package_identification:_identify(src/my_cpp_pkg) by extension 'ignore_ament_install'
[0.566s] Level 1:colcon.colcon_core.package_identification:_identify(src/my_cpp_pkg) by extensions ['colcon_pkg']
[0.566s] Level 1:colcon.colcon_core.package_identification:_identify(src/my_cpp_pkg) by extension 'colcon_pkg'
[0.567s] Level 1:colcon.colcon_core.package_identification:_identify(src/my_cpp_pkg) by extensions ['colcon_meta']
[0.567s] Level 1:colcon.colcon_core.package_identification:_identify(src/my_cpp_pkg) by extension 'colcon_meta'
[0.567s] Level 1:colcon.colcon_core.package_identification:_identify(src/my_cpp_pkg) by extensions ['ros']
[0.567s] Level 1:colcon.colcon_core.package_identification:_identify(src/my_cpp_pkg) by extension 'ros'
[0.571s] DEBUG:colcon.colcon_core.package_identification:Package 'src/my_cpp_pkg' with type 'ros.ament_cmake' and name 'my_cpp_pkg'
[0.572s] Level 1:colcon.colcon_core.package_identification:_identify(src/my_py_pkg) by extensions ['ignore', 'ignore_ament_install']
[0.572s] Level 1:colcon.colcon_core.package_identification:_identify(src/my_py_pkg) by extension 'ignore'
[0.572s] Level 1:colcon.colcon_core.package_identification:_identify(src/my_py_pkg) by extension 'ignore_ament_install'
[0.572s] Level 1:colcon.colcon_core.package_identification:_identify(src/my_py_pkg) by extensions ['colcon_pkg']
[0.572s] Level 1:colcon.colcon_core.package_identification:_identify(src/my_py_pkg) by extension 'colcon_pkg'
[0.572s] Level 1:colcon.colcon_core.package_identification:_identify(src/my_py_pkg) by extensions ['colcon_meta']
[0.572s] Level 1:colcon.colcon_core.package_identification:_identify(src/my_py_pkg) by extension 'colcon_meta'
[0.573s] Level 1:colcon.colcon_core.package_identification:_identify(src/my_py_pkg) by extensions ['ros']
[0.573s] Level 1:colcon.colcon_core.package_identification:_identify(src/my_py_pkg) by extension 'ros'
[0.574s] DEBUG:colcon.colcon_core.package_identification:Package 'src/my_py_pkg' with type 'ros.ament_python' and name 'my_py_pkg'
[0.575s] Level 1:colcon.colcon_core.package_identification:_identify(src/my_robot_interfaces) by extensions ['ignore', 'ignore_ament_install']
[0.575s] Level 1:colcon.colcon_core.package_identification:_identify(src/my_robot_interfaces) by extension 'ignore'
[0.575s] Level 1:colcon.colcon_core.package_identification:_identify(src/my_robot_interfaces) by extension 'ignore_ament_install'
[0.575s] Level 1:colcon.colcon_core.package_identification:_identify(src/my_robot_interfaces) by extensions ['colcon_pkg']
[0.575s] Level 1:colcon.colcon_core.package_identification:_identify(src/my_robot_interfaces) by extension 'colcon_pkg'
[0.575s] Level 1:colcon.colcon_core.package_identification:_identify(src/my_robot_interfaces) by extensions ['colcon_meta']
[0.575s] Level 1:colcon.colcon_core.package_identification:_identify(src/my_robot_interfaces) by extension 'colcon_meta'
[0.575s] Level 1:colcon.colcon_core.package_identification:_identify(src/my_robot_interfaces) by extensions ['ros']
[0.575s] Level 1:colcon.colcon_core.package_identification:_identify(src/my_robot_interfaces) by extension 'ros'
[0.576s] DEBUG:colcon.colcon_core.package_identification:Package 'src/my_robot_interfaces' with type 'ros.ament_cmake' and name 'my_robot_interfaces'
[0.576s] Level 1:colcon.colcon_core.package_discovery:discover_packages(recursive) using defaults
[0.577s] Level 1:colcon.colcon_core.package_discovery:discover_packages(ignore) discover
[0.577s] Level 1:colcon.colcon_core.package_discovery:discover_packages(ignore) using defaults
[0.577s] Level 1:colcon.colcon_core.package_discovery:discover_packages(path) discover
[0.577s] Level 1:colcon.colcon_core.package_discovery:discover_packages(path) using defaults
[0.621s] Level 1:colcon.colcon_core.package_discovery:discover_packages(prefix_path) check parameters
[0.621s] Level 1:colcon.colcon_core.package_discovery:discover_packages(prefix_path) discover
[0.626s] DEBUG:colcon.colcon_installed_package_information.package_discovery:Found 3 installed packages in /home/joergen/ros2_udemy/install
[0.630s] DEBUG:colcon.colcon_installed_package_information.package_discovery:Found 270 installed packages in /opt/ros/humble
[0.632s] Level 1:colcon.colcon_core.package_discovery:discover_packages(prefix_path) using defaults
[0.748s] Level 5:colcon.colcon_core.verb:set package 'my_cpp_pkg' build argument 'cmake_args' from command line to 'None'
[0.748s] Level 5:colcon.colcon_core.verb:set package 'my_cpp_pkg' build argument 'cmake_target' from command line to 'None'
[0.748s] Level 5:colcon.colcon_core.verb:set package 'my_cpp_pkg' build argument 'cmake_target_skip_unavailable' from command line to 'False'
[0.748s] Level 5:colcon.colcon_core.verb:set package 'my_cpp_pkg' build argument 'cmake_clean_cache' from command line to 'False'
[0.748s] Level 5:colcon.colcon_core.verb:set package 'my_cpp_pkg' build argument 'cmake_clean_first' from command line to 'False'
[0.748s] Level 5:colcon.colcon_core.verb:set package 'my_cpp_pkg' build argument 'cmake_force_configure' from command line to 'False'
[0.748s] Level 5:colcon.colcon_core.verb:set package 'my_cpp_pkg' build argument 'ament_cmake_args' from command line to 'None'
[0.748s] Level 5:colcon.colcon_core.verb:set package 'my_cpp_pkg' build argument 'catkin_cmake_args' from command line to 'None'
[0.749s] Level 5:colcon.colcon_core.verb:set package 'my_cpp_pkg' build argument 'catkin_skip_building_tests' from command line to 'False'
[0.749s] DEBUG:colcon.colcon_core.verb:Building package 'my_cpp_pkg' with the following arguments: {'ament_cmake_args': None, 'build_base': '/home/joergen/ros2_udemy/build/my_cpp_pkg', 'catkin_cmake_args': None, 'catkin_skip_building_tests': False, 'cmake_args': None, 'cmake_clean_cache': False, 'cmake_clean_first': False, 'cmake_force_configure': False, 'cmake_target': None, 'cmake_target_skip_unavailable': False, 'install_base': '/home/joergen/ros2_udemy/install/my_cpp_pkg', 'merge_install': False, 'path': '/home/joergen/ros2_udemy/src/my_cpp_pkg', 'symlink_install': False, 'test_result_base': None}
[0.751s] Level 5:colcon.colcon_core.verb:set package 'my_robot_interfaces' build argument 'cmake_args' from command line to 'None'
[0.751s] Level 5:colcon.colcon_core.verb:set package 'my_robot_interfaces' build argument 'cmake_target' from command line to 'None'
[0.751s] Level 5:colcon.colcon_core.verb:set package 'my_robot_interfaces' build argument 'cmake_target_skip_unavailable' from command line to 'False'
[0.751s] Level 5:colcon.colcon_core.verb:set package 'my_robot_interfaces' build argument 'cmake_clean_cache' from command line to 'False'
[0.751s] Level 5:colcon.colcon_core.verb:set package 'my_robot_interfaces' build argument 'cmake_clean_first' from command line to 'False'
[0.751s] Level 5:colcon.colcon_core.verb:set package 'my_robot_interfaces' build argument 'cmake_force_configure' from command line to 'False'
[0.751s] Level 5:colcon.colcon_core.verb:set package 'my_robot_interfaces' build argument 'ament_cmake_args' from command line to 'None'
[0.751s] Level 5:colcon.colcon_core.verb:set package 'my_robot_interfaces' build argument 'catkin_cmake_args' from command line to 'None'
[0.751s] Level 5:colcon.colcon_core.verb:set package 'my_robot_interfaces' build argument 'catkin_skip_building_tests' from command line to 'False'
[0.752s] DEBUG:colcon.colcon_core.verb:Building package 'my_robot_interfaces' with the following arguments: {'ament_cmake_args': None, 'build_base': '/home/joergen/ros2_udemy/build/my_robot_interfaces', 'catkin_cmake_args': None, 'catkin_skip_building_tests': False, 'cmake_args': None, 'cmake_clean_cache': False, 'cmake_clean_first': False, 'cmake_force_configure': False, 'cmake_target': None, 'cmake_target_skip_unavailable': False, 'install_base': '/home/joergen/ros2_udemy/install/my_robot_interfaces', 'merge_install': False, 'path': '/home/joergen/ros2_udemy/src/my_robot_interfaces', 'symlink_install': False, 'test_result_base': None}
[0.754s] Level 5:colcon.colcon_core.verb:set package 'my_py_pkg' build argument 'cmake_args' from command line to 'None'
[0.754s] Level 5:colcon.colcon_core.verb:set package 'my_py_pkg' build argument 'cmake_target' from command line to 'None'
[0.754s] Level 5:colcon.colcon_core.verb:set package 'my_py_pkg' build argument 'cmake_target_skip_unavailable' from command line to 'False'
[0.754s] Level 5:colcon.colcon_core.verb:set package 'my_py_pkg' build argument 'cmake_clean_cache' from command line to 'False'
[0.754s] Level 5:colcon.colcon_core.verb:set package 'my_py_pkg' build argument 'cmake_clean_first' from command line to 'False'
[0.754s] Level 5:colcon.colcon_core.verb:set package 'my_py_pkg' build argument 'cmake_force_configure' from command line to 'False'
[0.754s] Level 5:colcon.colcon_core.verb:set package 'my_py_pkg' build argument 'ament_cmake_args' from command line to 'None'
[0.754s] Level 5:colcon.colcon_core.verb:set package 'my_py_pkg' build argument 'catkin_cmake_args' from command line to 'None'
[0.754s] Level 5:colcon.colcon_core.verb:set package 'my_py_pkg' build argument 'catkin_skip_building_tests' from command line to 'False'
[0.754s] DEBUG:colcon.colcon_core.verb:Building package 'my_py_pkg' with the following arguments: {'ament_cmake_args': None, 'build_base': '/home/joergen/ros2_udemy/build/my_py_pkg', 'catkin_cmake_args': None, 'catkin_skip_building_tests': False, 'cmake_args': None, 'cmake_clean_cache': False, 'cmake_clean_first': False, 'cmake_force_configure': False, 'cmake_target': None, 'cmake_target_skip_unavailable': False, 'install_base': '/home/joergen/ros2_udemy/install/my_py_pkg', 'merge_install': False, 'path': '/home/joergen/ros2_udemy/src/my_py_pkg', 'symlink_install': False, 'test_result_base': None}
[0.756s] INFO:colcon.colcon_core.executor:Executing jobs using 'parallel' executor
[0.763s] DEBUG:colcon.colcon_parallel_executor.executor.parallel:run_until_complete
[0.763s] INFO:colcon.colcon_ros.task.ament_cmake.build:Building ROS package in '/home/joergen/ros2_udemy/src/my_robot_interfaces' with build type 'ament_cmake'
[0.763s] INFO:colcon.colcon_cmake.task.cmake.build:Building CMake package in '/home/joergen/ros2_udemy/src/my_robot_interfaces'
[0.772s] INFO:colcon.colcon_core.plugin_system:Skipping extension 'colcon_core.shell.bat': Not used on non-Windows systems
[0.772s] INFO:colcon.colcon_core.shell:Skip shell extension 'powershell' for command environment: Not usable outside of PowerShell
[0.772s] DEBUG:colcon.colcon_core.shell:Skip shell extension 'dsv' for command environment
[0.780s] INFO:colcon.colcon_ros.task.ament_cmake.build:Building ROS package in '/home/joergen/ros2_udemy/src/my_cpp_pkg' with build type 'ament_cmake'
[0.781s] INFO:colcon.colcon_cmake.task.cmake.build:Building CMake package in '/home/joergen/ros2_udemy/src/my_cpp_pkg'
[0.784s] INFO:colcon.colcon_core.shell:Skip shell extension 'powershell' for command environment: Not usable outside of PowerShell
[0.785s] DEBUG:colcon.colcon_core.shell:Skip shell extension 'dsv' for command environment
[0.821s] DEBUG:colcon.colcon_core.event_handler.log_command:Invoking command in '/home/joergen/ros2_udemy/build/my_robot_interfaces': CMAKE_PREFIX_PATH=${CMAKE_PREFIX_PATH}:/home/joergen/ros2_udemy/install/my_py_pkg:/opt/ros/humble /home/joergen/.local/bin/cmake --build /home/joergen/ros2_udemy/build/my_robot_interfaces -- -j8 -l8
[0.829s] DEBUG:colcon.colcon_core.event_handler.log_command:Invoking command in '/home/joergen/ros2_udemy/build/my_cpp_pkg': CMAKE_PREFIX_PATH=${CMAKE_PREFIX_PATH}:/home/joergen/ros2_udemy/install/my_py_pkg:/opt/ros/humble /home/joergen/.local/bin/cmake --build /home/joergen/ros2_udemy/build/my_cpp_pkg -- -j8 -l8
[0.995s] DEBUG:colcon.colcon_core.event_handler.log_command:Invoked command in '/home/joergen/ros2_udemy/build/my_cpp_pkg' returned '0': CMAKE_PREFIX_PATH=${CMAKE_PREFIX_PATH}:/home/joergen/ros2_udemy/install/my_py_pkg:/opt/ros/humble /home/joergen/.local/bin/cmake --build /home/joergen/ros2_udemy/build/my_cpp_pkg -- -j8 -l8
[1.178s] DEBUG:colcon.colcon_core.event_handler.log_command:Invoking command in '/home/joergen/ros2_udemy/build/my_cpp_pkg': CMAKE_PREFIX_PATH=${CMAKE_PREFIX_PATH}:/home/joergen/ros2_udemy/install/my_py_pkg:/opt/ros/humble /home/joergen/.local/bin/cmake --install /home/joergen/ros2_udemy/build/my_cpp_pkg
[1.235s] Level 1:colcon.colcon_core.environment:create_environment_scripts_only(my_cpp_pkg)
[1.236s] DEBUG:colcon.colcon_core.event_handler.log_command:Invoked command in '/home/joergen/ros2_udemy/build/my_cpp_pkg' returned '0': CMAKE_PREFIX_PATH=${CMAKE_PREFIX_PATH}:/home/joergen/ros2_udemy/install/my_py_pkg:/opt/ros/humble /home/joergen/.local/bin/cmake --install /home/joergen/ros2_udemy/build/my_cpp_pkg
[1.244s] Level 1:colcon.colcon_core.environment:checking '/home/joergen/ros2_udemy/install/my_cpp_pkg' for CMake module files
[1.245s] Level 1:colcon.colcon_core.environment:checking '/home/joergen/ros2_udemy/install/my_cpp_pkg' for CMake config files
[1.245s] Level 1:colcon.colcon_core.shell:create_environment_hook('my_cpp_pkg', 'cmake_prefix_path')
[1.248s] INFO:colcon.colcon_core.shell:Creating environment hook '/home/joergen/ros2_udemy/install/my_cpp_pkg/share/my_cpp_pkg/hook/cmake_prefix_path.ps1'
[1.249s] INFO:colcon.colcon_core.shell:Creating environment descriptor '/home/joergen/ros2_udemy/install/my_cpp_pkg/share/my_cpp_pkg/hook/cmake_prefix_path.dsv'
[1.250s] INFO:colcon.colcon_core.shell:Creating environment hook '/home/joergen/ros2_udemy/install/my_cpp_pkg/share/my_cpp_pkg/hook/cmake_prefix_path.sh'
[1.251s] Level 1:colcon.colcon_core.environment:checking '/home/joergen/ros2_udemy/install/my_cpp_pkg/lib'
[1.252s] Level 1:colcon.colcon_core.environment:checking '/home/joergen/ros2_udemy/install/my_cpp_pkg/bin'
[1.252s] Level 1:colcon.colcon_core.environment:checking '/home/joergen/ros2_udemy/install/my_cpp_pkg/lib/pkgconfig/my_cpp_pkg.pc'
[1.252s] Level 1:colcon.colcon_core.environment:checking '/home/joergen/ros2_udemy/install/my_cpp_pkg/lib/python3.10/site-packages'
[1.253s] Level 1:colcon.colcon_core.environment:checking '/home/joergen/ros2_udemy/install/my_cpp_pkg/bin'
[1.255s] INFO:colcon.colcon_core.shell:Creating package script '/home/joergen/ros2_udemy/install/my_cpp_pkg/share/my_cpp_pkg/package.ps1'
[1.257s] INFO:colcon.colcon_core.shell:Creating package descriptor '/home/joergen/ros2_udemy/install/my_cpp_pkg/share/my_cpp_pkg/package.dsv'
[1.258s] INFO:colcon.colcon_core.shell:Creating package script '/home/joergen/ros2_udemy/install/my_cpp_pkg/share/my_cpp_pkg/package.sh'
[1.259s] INFO:colcon.colcon_core.shell:Creating package script '/home/joergen/ros2_udemy/install/my_cpp_pkg/share/my_cpp_pkg/package.bash'
[1.260s] INFO:colcon.colcon_core.shell:Creating package script '/home/joergen/ros2_udemy/install/my_cpp_pkg/share/my_cpp_pkg/package.zsh'
[1.261s] Level 1:colcon.colcon_core.environment:create_file_with_runtime_dependencies(/home/joergen/ros2_udemy/install/my_cpp_pkg/share/colcon-core/packages/my_cpp_pkg)
[1.344s] Level 1:colcon.colcon_core.environment:create_environment_scripts_only(my_cpp_pkg)
[1.348s] Level 1:colcon.colcon_core.environment:checking '/home/joergen/ros2_udemy/install/my_cpp_pkg' for CMake module files
[1.349s] Level 1:colcon.colcon_core.environment:checking '/home/joergen/ros2_udemy/install/my_cpp_pkg' for CMake config files
[1.349s] Level 1:colcon.colcon_core.shell:create_environment_hook('my_cpp_pkg', 'cmake_prefix_path')
[1.352s] INFO:colcon.colcon_core.shell:Creating environment hook '/home/joergen/ros2_udemy/install/my_cpp_pkg/share/my_cpp_pkg/hook/cmake_prefix_path.ps1'
[1.353s] INFO:colcon.colcon_core.shell:Creating environment descriptor '/home/joergen/ros2_udemy/install/my_cpp_pkg/share/my_cpp_pkg/hook/cmake_prefix_path.dsv'
[1.353s] INFO:colcon.colcon_core.shell:Creating environment hook '/home/joergen/ros2_udemy/install/my_cpp_pkg/share/my_cpp_pkg/hook/cmake_prefix_path.sh'
[1.354s] Level 1:colcon.colcon_core.environment:checking '/home/joergen/ros2_udemy/install/my_cpp_pkg/lib'
[1.355s] Level 1:colcon.colcon_core.environment:checking '/home/joergen/ros2_udemy/install/my_cpp_pkg/bin'
[1.355s] Level 1:colcon.colcon_core.environment:checking '/home/joergen/ros2_udemy/install/my_cpp_pkg/lib/pkgconfig/my_cpp_pkg.pc'
[1.356s] Level 1:colcon.colcon_core.environment:checking '/home/joergen/ros2_udemy/install/my_cpp_pkg/lib/python3.10/site-packages'
[1.357s] Level 1:colcon.colcon_core.environment:checking '/home/joergen/ros2_udemy/install/my_cpp_pkg/bin'
[1.362s] INFO:colcon.colcon_core.shell:Creating package script '/home/joergen/ros2_udemy/install/my_cpp_pkg/share/my_cpp_pkg/package.ps1'
[1.363s] INFO:colcon.colcon_core.shell:Creating package descriptor '/home/joergen/ros2_udemy/install/my_cpp_pkg/share/my_cpp_pkg/package.dsv'
[1.364s] INFO:colcon.colcon_core.shell:Creating package script '/home/joergen/ros2_udemy/install/my_cpp_pkg/share/my_cpp_pkg/package.sh'
[1.364s] INFO:colcon.colcon_core.shell:Creating package script '/home/joergen/ros2_udemy/install/my_cpp_pkg/share/my_cpp_pkg/package.bash'
[1.365s] INFO:colcon.colcon_core.shell:Creating package script '/home/joergen/ros2_udemy/install/my_cpp_pkg/share/my_cpp_pkg/package.zsh'
[1.367s] Level 1:colcon.colcon_core.environment:create_file_with_runtime_dependencies(/home/joergen/ros2_udemy/install/my_cpp_pkg/share/colcon-core/packages/my_cpp_pkg)
[1.558s] DEBUG:colcon.colcon_core.event_handler.log_command:Invoked command in '/home/joergen/ros2_udemy/build/my_robot_interfaces' returned '0': CMAKE_PREFIX_PATH=${CMAKE_PREFIX_PATH}:/home/joergen/ros2_udemy/install/my_py_pkg:/opt/ros/humble /home/joergen/.local/bin/cmake --build /home/joergen/ros2_udemy/build/my_robot_interfaces -- -j8 -l8
[1.725s] DEBUG:colcon.colcon_core.event_handler.log_command:Invoking command in '/home/joergen/ros2_udemy/build/my_robot_interfaces': CMAKE_PREFIX_PATH=${CMAKE_PREFIX_PATH}:/home/joergen/ros2_udemy/install/my_py_pkg:/opt/ros/humble /home/joergen/.local/bin/cmake --install /home/joergen/ros2_udemy/build/my_robot_interfaces
[1.872s] Level 1:colcon.colcon_core.environment:create_environment_scripts_only(my_robot_interfaces)
[1.872s] DEBUG:colcon.colcon_core.event_handler.log_command:Invoked command in '/home/joergen/ros2_udemy/build/my_robot_interfaces' returned '0': CMAKE_PREFIX_PATH=${CMAKE_PREFIX_PATH}:/home/joergen/ros2_udemy/install/my_py_pkg:/opt/ros/humble /home/joergen/.local/bin/cmake --install /home/joergen/ros2_udemy/build/my_robot_interfaces
[1.876s] Level 1:colcon.colcon_core.environment:checking '/home/joergen/ros2_udemy/install/my_robot_interfaces' for CMake module files
[1.878s] Level 1:colcon.colcon_core.environment:checking '/home/joergen/ros2_udemy/install/my_robot_interfaces' for CMake config files
[1.879s] Level 1:colcon.colcon_core.shell:create_environment_hook('my_robot_interfaces', 'cmake_prefix_path')
[1.882s] INFO:colcon.colcon_core.shell:Creating environment hook '/home/joergen/ros2_udemy/install/my_robot_interfaces/share/my_robot_interfaces/hook/cmake_prefix_path.ps1'
[1.882s] INFO:colcon.colcon_core.shell:Creating environment descriptor '/home/joergen/ros2_udemy/install/my_robot_interfaces/share/my_robot_interfaces/hook/cmake_prefix_path.dsv'
[1.883s] INFO:colcon.colcon_core.shell:Creating environment hook '/home/joergen/ros2_udemy/install/my_robot_interfaces/share/my_robot_interfaces/hook/cmake_prefix_path.sh'
[1.884s] Level 1:colcon.colcon_core.environment:checking '/home/joergen/ros2_udemy/install/my_robot_interfaces/lib'
[1.884s] Level 1:colcon.colcon_core.shell:create_environment_hook('my_robot_interfaces', 'ld_library_path_lib')
[1.887s] INFO:colcon.colcon_core.shell:Creating environment hook '/home/joergen/ros2_udemy/install/my_robot_interfaces/share/my_robot_interfaces/hook/ld_library_path_lib.ps1'
[1.887s] INFO:colcon.colcon_core.shell:Creating environment descriptor '/home/joergen/ros2_udemy/install/my_robot_interfaces/share/my_robot_interfaces/hook/ld_library_path_lib.dsv'
[1.888s] INFO:colcon.colcon_core.shell:Creating environment hook '/home/joergen/ros2_udemy/install/my_robot_interfaces/share/my_robot_interfaces/hook/ld_library_path_lib.sh'
[1.888s] Level 1:colcon.colcon_core.environment:checking '/home/joergen/ros2_udemy/install/my_robot_interfaces/bin'
[1.889s] Level 1:colcon.colcon_core.environment:checking '/home/joergen/ros2_udemy/install/my_robot_interfaces/lib/pkgconfig/my_robot_interfaces.pc'
[1.889s] Level 1:colcon.colcon_core.environment:checking '/home/joergen/ros2_udemy/install/my_robot_interfaces/lib/python3.10/site-packages'
[1.889s] Level 1:colcon.colcon_core.environment:checking '/home/joergen/ros2_udemy/install/my_robot_interfaces/bin'
[1.892s] INFO:colcon.colcon_core.shell:Creating package script '/home/joergen/ros2_udemy/install/my_robot_interfaces/share/my_robot_interfaces/package.ps1'
[1.893s] INFO:colcon.colcon_core.shell:Creating package descriptor '/home/joergen/ros2_udemy/install/my_robot_interfaces/share/my_robot_interfaces/package.dsv'
[1.894s] INFO:colcon.colcon_core.shell:Creating package script '/home/joergen/ros2_udemy/install/my_robot_interfaces/share/my_robot_interfaces/package.sh'
[1.894s] INFO:colcon.colcon_core.shell:Creating package script '/home/joergen/ros2_udemy/install/my_robot_interfaces/share/my_robot_interfaces/package.bash'
[1.895s] INFO:colcon.colcon_core.shell:Creating package script '/home/joergen/ros2_udemy/install/my_robot_interfaces/share/my_robot_interfaces/package.zsh'
[1.896s] Level 1:colcon.colcon_core.environment:create_file_with_runtime_dependencies(/home/joergen/ros2_udemy/install/my_robot_interfaces/share/colcon-core/packages/my_robot_interfaces)
[2.057s] Level 1:colcon.colcon_core.environment:create_environment_scripts_only(my_robot_interfaces)
[2.060s] Level 1:colcon.colcon_core.environment:checking '/home/joergen/ros2_udemy/install/my_robot_interfaces' for CMake module files
[2.061s] Level 1:colcon.colcon_core.environment:checking '/home/joergen/ros2_udemy/install/my_robot_interfaces' for CMake config files
[2.063s] Level 1:colcon.colcon_core.shell:create_environment_hook('my_robot_interfaces', 'cmake_prefix_path')
[2.065s] INFO:colcon.colcon_core.shell:Creating environment hook '/home/joergen/ros2_udemy/install/my_robot_interfaces/share/my_robot_interfaces/hook/cmake_prefix_path.ps1'
[2.066s] INFO:colcon.colcon_core.shell:Creating environment descriptor '/home/joergen/ros2_udemy/install/my_robot_interfaces/share/my_robot_interfaces/hook/cmake_prefix_path.dsv'
[2.066s] INFO:colcon.colcon_core.shell:Creating environment hook '/home/joergen/ros2_udemy/install/my_robot_interfaces/share/my_robot_interfaces/hook/cmake_prefix_path.sh'
[2.068s] Level 1:colcon.colcon_core.environment:checking '/home/joergen/ros2_udemy/install/my_robot_interfaces/lib'
[2.068s] Level 1:colcon.colcon_core.shell:create_environment_hook('my_robot_interfaces', 'ld_library_path_lib')
[2.071s] INFO:colcon.colcon_core.shell:Creating environment hook '/home/joergen/ros2_udemy/install/my_robot_interfaces/share/my_robot_interfaces/hook/ld_library_path_lib.ps1'
[2.071s] INFO:colcon.colcon_core.shell:Creating environment descriptor '/home/joergen/ros2_udemy/install/my_robot_interfaces/share/my_robot_interfaces/hook/ld_library_path_lib.dsv'
[2.072s] INFO:colcon.colcon_core.shell:Creating environment hook '/home/joergen/ros2_udemy/install/my_robot_interfaces/share/my_robot_interfaces/hook/ld_library_path_lib.sh'
[2.073s] Level 1:colcon.colcon_core.environment:checking '/home/joergen/ros2_udemy/install/my_robot_interfaces/bin'
[2.073s] Level 1:colcon.colcon_core.environment:checking '/home/joergen/ros2_udemy/install/my_robot_interfaces/lib/pkgconfig/my_robot_interfaces.pc'
[2.073s] Level 1:colcon.colcon_core.environment:checking '/home/joergen/ros2_udemy/install/my_robot_interfaces/lib/python3.10/site-packages'
[2.073s] Level 1:colcon.colcon_core.environment:checking '/home/joergen/ros2_udemy/install/my_robot_interfaces/bin'
[2.076s] INFO:colcon.colcon_core.shell:Creating package script '/home/joergen/ros2_udemy/install/my_robot_interfaces/share/my_robot_interfaces/package.ps1'
[2.077s] INFO:colcon.colcon_core.shell:Creating package descriptor '/home/joergen/ros2_udemy/install/my_robot_interfaces/share/my_robot_interfaces/package.dsv'
[2.078s] INFO:colcon.colcon_core.shell:Creating package script '/home/joergen/ros2_udemy/install/my_robot_interfaces/share/my_robot_interfaces/package.sh'
[2.079s] INFO:colcon.colcon_core.shell:Creating package script '/home/joergen/ros2_udemy/install/my_robot_interfaces/share/my_robot_interfaces/package.bash'
[2.080s] INFO:colcon.colcon_core.shell:Creating package script '/home/joergen/ros2_udemy/install/my_robot_interfaces/share/my_robot_interfaces/package.zsh'
[2.081s] Level 1:colcon.colcon_core.environment:create_file_with_runtime_dependencies(/home/joergen/ros2_udemy/install/my_robot_interfaces/share/colcon-core/packages/my_robot_interfaces)
[2.082s] INFO:colcon.colcon_ros.task.ament_python.build:Building ROS package in '/home/joergen/ros2_udemy/src/my_py_pkg' with build type 'ament_python'
[2.082s] Level 1:colcon.colcon_core.shell:create_environment_hook('my_py_pkg', 'ament_prefix_path')
[2.085s] INFO:colcon.colcon_core.shell:Creating environment hook '/home/joergen/ros2_udemy/install/my_py_pkg/share/my_py_pkg/hook/ament_prefix_path.ps1'
[2.086s] INFO:colcon.colcon_core.shell:Creating environment descriptor '/home/joergen/ros2_udemy/install/my_py_pkg/share/my_py_pkg/hook/ament_prefix_path.dsv'
[2.087s] INFO:colcon.colcon_core.shell:Creating environment hook '/home/joergen/ros2_udemy/install/my_py_pkg/share/my_py_pkg/hook/ament_prefix_path.sh'
[2.090s] INFO:colcon.colcon_core.shell:Skip shell extension 'powershell' for command environment: Not usable outside of PowerShell
[2.090s] DEBUG:colcon.colcon_core.shell:Skip shell extension 'dsv' for command environment
[2.651s] INFO:colcon.colcon_core.task.python.build:Building Python package in '/home/joergen/ros2_udemy/src/my_py_pkg'
[2.653s] INFO:colcon.colcon_core.shell:Skip shell extension 'powershell' for command environment: Not usable outside of PowerShell
[2.654s] DEBUG:colcon.colcon_core.shell:Skip shell extension 'dsv' for command environment
[3.280s] DEBUG:colcon.colcon_core.event_handler.log_command:Invoking command in '/home/joergen/ros2_udemy/src/my_py_pkg': PYTHONPATH=/home/joergen/ros2_udemy/build/my_py_pkg/prefix_override:/home/joergen/ros2_udemy/install/my_py_pkg/lib/python3.10/site-packages:${PYTHONPATH} /usr/bin/python3 setup.py egg_info --egg-base ../../build/my_py_pkg build --build-base /home/joergen/ros2_udemy/build/my_py_pkg/build install --record /home/joergen/ros2_udemy/build/my_py_pkg/install.log --single-version-externally-managed
[3.878s] Level 1:colcon.colcon_core.environment:checking '/home/joergen/ros2_udemy/install/my_py_pkg' for CMake module files
[3.879s] DEBUG:colcon.colcon_core.event_handler.log_command:Invoked command in '/home/joergen/ros2_udemy/src/my_py_pkg' returned '0': PYTHONPATH=/home/joergen/ros2_udemy/build/my_py_pkg/prefix_override:/home/joergen/ros2_udemy/install/my_py_pkg/lib/python3.10/site-packages:${PYTHONPATH} /usr/bin/python3 setup.py egg_info --egg-base ../../build/my_py_pkg build --build-base /home/joergen/ros2_udemy/build/my_py_pkg/build install --record /home/joergen/ros2_udemy/build/my_py_pkg/install.log --single-version-externally-managed
[3.879s] Level 1:colcon.colcon_core.environment:checking '/home/joergen/ros2_udemy/install/my_py_pkg' for CMake config files
[3.880s] Level 1:colcon.colcon_core.environment:checking '/home/joergen/ros2_udemy/install/my_py_pkg/lib'
[3.880s] Level 1:colcon.colcon_core.environment:checking '/home/joergen/ros2_udemy/install/my_py_pkg/bin'
[3.880s] Level 1:colcon.colcon_core.environment:checking '/home/joergen/ros2_udemy/install/my_py_pkg/lib/pkgconfig/my_py_pkg.pc'
[3.880s] Level 1:colcon.colcon_core.environment:checking '/home/joergen/ros2_udemy/install/my_py_pkg/lib/python3.10/site-packages'
[3.880s] Level 1:colcon.colcon_core.shell:create_environment_hook('my_py_pkg', 'pythonpath')
[3.882s] INFO:colcon.colcon_core.shell:Creating environment hook '/home/joergen/ros2_udemy/install/my_py_pkg/share/my_py_pkg/hook/pythonpath.ps1'
[3.882s] INFO:colcon.colcon_core.shell:Creating environment descriptor '/home/joergen/ros2_udemy/install/my_py_pkg/share/my_py_pkg/hook/pythonpath.dsv'
[3.883s] INFO:colcon.colcon_core.shell:Creating environment hook '/home/joergen/ros2_udemy/install/my_py_pkg/share/my_py_pkg/hook/pythonpath.sh'
[3.883s] Level 1:colcon.colcon_core.environment:checking '/home/joergen/ros2_udemy/install/my_py_pkg/bin'
[3.883s] Level 1:colcon.colcon_core.environment:create_environment_scripts_only(my_py_pkg)
[3.885s] INFO:colcon.colcon_core.shell:Creating package script '/home/joergen/ros2_udemy/install/my_py_pkg/share/my_py_pkg/package.ps1'
[3.885s] INFO:colcon.colcon_core.shell:Creating package descriptor '/home/joergen/ros2_udemy/install/my_py_pkg/share/my_py_pkg/package.dsv'
[3.886s] INFO:colcon.colcon_core.shell:Creating package script '/home/joergen/ros2_udemy/install/my_py_pkg/share/my_py_pkg/package.sh'
[3.886s] INFO:colcon.colcon_core.shell:Creating package script '/home/joergen/ros2_udemy/install/my_py_pkg/share/my_py_pkg/package.bash'
[3.887s] INFO:colcon.colcon_core.shell:Creating package script '/home/joergen/ros2_udemy/install/my_py_pkg/share/my_py_pkg/package.zsh'
[3.887s] Level 1:colcon.colcon_core.environment:create_file_with_runtime_dependencies(/home/joergen/ros2_udemy/install/my_py_pkg/share/colcon-core/packages/my_py_pkg)
[3.888s] DEBUG:colcon.colcon_parallel_executor.executor.parallel:closing loop
[3.888s] DEBUG:colcon.colcon_parallel_executor.executor.parallel:loop closed
[3.888s] DEBUG:colcon.colcon_parallel_executor.executor.parallel:run_until_complete finished with '0'
[3.888s] DEBUG:colcon.colcon_core.event_reactor:joining thread
[3.894s] INFO:colcon.colcon_core.plugin_system:Skipping extension 'colcon_notification.desktop_notification.terminal_notifier': Not used on non-Darwin systems
[3.894s] INFO:colcon.colcon_core.plugin_system:Skipping extension 'colcon_notification.desktop_notification.win32': Not used on non-Windows systems
[3.894s] INFO:colcon.colcon_notification.desktop_notification:Sending desktop notification using 'notify2'
[3.915s] DEBUG:colcon.colcon_core.event_reactor:joined thread
[3.916s] INFO:colcon.colcon_core.shell:Creating prefix script '/home/joergen/ros2_udemy/install/local_setup.ps1'
[3.917s] INFO:colcon.colcon_core.shell:Creating prefix util module '/home/joergen/ros2_udemy/install/_local_setup_util_ps1.py'
[3.919s] INFO:colcon.colcon_core.shell:Creating prefix chain script '/home/joergen/ros2_udemy/install/setup.ps1'
[3.920s] INFO:colcon.colcon_core.shell:Creating prefix script '/home/joergen/ros2_udemy/install/local_setup.sh'
[3.921s] INFO:colcon.colcon_core.shell:Creating prefix util module '/home/joergen/ros2_udemy/install/_local_setup_util_sh.py'
[3.922s] INFO:colcon.colcon_core.shell:Creating prefix chain script '/home/joergen/ros2_udemy/install/setup.sh'
[3.924s] INFO:colcon.colcon_core.shell:Creating prefix script '/home/joergen/ros2_udemy/install/local_setup.bash'
[3.925s] INFO:colcon.colcon_core.shell:Creating prefix chain script '/home/joergen/ros2_udemy/install/setup.bash'
[3.926s] INFO:colcon.colcon_core.shell:Creating prefix script '/home/joergen/ros2_udemy/install/local_setup.zsh'
[3.927s] INFO:colcon.colcon_core.shell:Creating prefix chain script '/home/joergen/ros2_udemy/install/setup.zsh'
