[0.056s] Invoking command in '/home/joergen/ros2_udemy/build/my_robot_interfaces': CMAKE_PREFIX_PATH=${CMAKE_PREFIX_PATH}:/home/joergen/ros2_udemy/install/my_py_pkg:/opt/ros/humble /home/joergen/.local/bin/cmake --build /home/joergen/ros2_udemy/build/my_robot_interfaces -- -j8 -l8
[0.163s] [  2%] Built target my_robot_interfaces__cpp
[0.175s] [ 12%] Built target my_robot_interfaces__rosidl_generator_c
[0.177s] [ 12%] Built target ament_cmake_python_copy_my_robot_interfaces
[0.198s] [ 23%] Built target my_robot_interfaces__rosidl_typesupport_cpp
[0.204s] [ 43%] Built target my_robot_interfaces__rosidl_typesupport_fastrtps_cpp
[0.204s] [ 43%] Built target my_robot_interfaces__rosidl_typesupport_c
[0.212s] [ 53%] Built target my_robot_interfaces__rosidl_typesupport_fastrtps_c
[0.212s] [ 64%] Built target my_robot_interfaces__rosidl_typesupport_introspection_cpp
[0.217s] [ 74%] Built target my_robot_interfaces__rosidl_typesupport_introspection_c
[0.232s] [ 74%] Built target my_robot_interfaces
[0.255s] [ 76%] Built target my_robot_interfaces__py
[0.285s] [ 84%] Built target my_robot_interfaces__rosidl_generator_py
[0.317s] [ 89%] Built target my_robot_interfaces__rosidl_typesupport_introspection_c__pyext
[0.319s] [ 94%] Built target my_robot_interfaces__rosidl_typesupport_c__pyext
[0.329s] [100%] Built target my_robot_interfaces__rosidl_typesupport_fastrtps_c__pyext
[0.731s] running egg_info
[0.733s] writing my_robot_interfaces.egg-info/PKG-INFO
[0.734s] writing dependency_links to my_robot_interfaces.egg-info/dependency_links.txt
[0.734s] writing top-level names to my_robot_interfaces.egg-info/top_level.txt
[0.740s] reading manifest file 'my_robot_interfaces.egg-info/SOURCES.txt'
[0.741s] writing manifest file 'my_robot_interfaces.egg-info/SOURCES.txt'
[0.778s] [100%] Built target ament_cmake_python_build_my_robot_interfaces_egg
[0.793s] Invoked command in '/home/joergen/ros2_udemy/build/my_robot_interfaces' returned '0': CMAKE_PREFIX_PATH=${CMAKE_PREFIX_PATH}:/home/joergen/ros2_udemy/install/my_py_pkg:/opt/ros/humble /home/joergen/.local/bin/cmake --build /home/joergen/ros2_udemy/build/my_robot_interfaces -- -j8 -l8
[0.960s] Invoking command in '/home/joergen/ros2_udemy/build/my_robot_interfaces': CMAKE_PREFIX_PATH=${CMAKE_PREFIX_PATH}:/home/joergen/ros2_udemy/install/my_py_pkg:/opt/ros/humble /home/joergen/.local/bin/cmake --install /home/joergen/ros2_udemy/build/my_robot_interfaces
[1.012s] -- Install configuration: ""
[1.012s] -- Up-to-date: /home/joergen/ros2_udemy/install/my_robot_interfaces/share/ament_index/resource_index/rosidl_interfaces/my_robot_interfaces
[1.013s] -- Up-to-date: /home/joergen/ros2_udemy/install/my_robot_interfaces/include/my_robot_interfaces/my_robot_interfaces
[1.013s] -- Up-to-date: /home/joergen/ros2_udemy/install/my_robot_interfaces/include/my_robot_interfaces/my_robot_interfaces/msg
[1.013s] -- Up-to-date: /home/joergen/ros2_udemy/install/my_robot_interfaces/include/my_robot_interfaces/my_robot_interfaces/msg/detail
[1.013s] -- Up-to-date: /home/joergen/ros2_udemy/install/my_robot_interfaces/include/my_robot_interfaces/my_robot_interfaces/msg/detail/hardware_status__functions.c
[1.014s] -- Up-to-date: /home/joergen/ros2_udemy/install/my_robot_interfaces/include/my_robot_interfaces/my_robot_interfaces/msg/detail/hardware_status__functions.h
[1.014s] -- Up-to-date: /home/joergen/ros2_udemy/install/my_robot_interfaces/include/my_robot_interfaces/my_robot_interfaces/msg/detail/hardware_status__type_support.h
[1.014s] -- Up-to-date: /home/joergen/ros2_udemy/install/my_robot_interfaces/include/my_robot_interfaces/my_robot_interfaces/msg/detail/hardware_status__struct.h
[1.015s] -- Up-to-date: /home/joergen/ros2_udemy/install/my_robot_interfaces/include/my_robot_interfaces/my_robot_interfaces/msg/rosidl_generator_c__visibility_control.h
[1.015s] -- Up-to-date: /home/joergen/ros2_udemy/install/my_robot_interfaces/include/my_robot_interfaces/my_robot_interfaces/msg/hardware_status.h
[1.016s] -- Up-to-date: /home/joergen/ros2_udemy/install/my_robot_interfaces/include/my_robot_interfaces/my_robot_interfaces/srv
[1.016s] -- Up-to-date: /home/joergen/ros2_udemy/install/my_robot_interfaces/include/my_robot_interfaces/my_robot_interfaces/srv/compute_rectangle_area.h
[1.016s] -- Up-to-date: /home/joergen/ros2_udemy/install/my_robot_interfaces/include/my_robot_interfaces/my_robot_interfaces/srv/detail
[1.017s] -- Up-to-date: /home/joergen/ros2_udemy/install/my_robot_interfaces/include/my_robot_interfaces/my_robot_interfaces/srv/detail/compute_rectangle_area__struct.h
[1.017s] -- Up-to-date: /home/joergen/ros2_udemy/install/my_robot_interfaces/include/my_robot_interfaces/my_robot_interfaces/srv/detail/compute_rectangle_area__functions.h
[1.017s] -- Up-to-date: /home/joergen/ros2_udemy/install/my_robot_interfaces/include/my_robot_interfaces/my_robot_interfaces/srv/detail/compute_rectangle_area__type_support.h
[1.018s] -- Up-to-date: /home/joergen/ros2_udemy/install/my_robot_interfaces/include/my_robot_interfaces/my_robot_interfaces/srv/detail/compute_rectangle_area__functions.c
[1.018s] -- Up-to-date: /home/joergen/ros2_udemy/install/my_robot_interfaces/share/my_robot_interfaces/environment/library_path.sh
[1.019s] -- Up-to-date: /home/joergen/ros2_udemy/install/my_robot_interfaces/share/my_robot_interfaces/environment/library_path.dsv
[1.019s] -- Up-to-date: /home/joergen/ros2_udemy/install/my_robot_interfaces/lib/libmy_robot_interfaces__rosidl_generator_c.so
[1.019s] -- Up-to-date: /home/joergen/ros2_udemy/install/my_robot_interfaces/include/my_robot_interfaces/my_robot_interfaces
[1.020s] -- Up-to-date: /home/joergen/ros2_udemy/install/my_robot_interfaces/include/my_robot_interfaces/my_robot_interfaces/msg
[1.020s] -- Up-to-date: /home/joergen/ros2_udemy/install/my_robot_interfaces/include/my_robot_interfaces/my_robot_interfaces/msg/rosidl_typesupport_fastrtps_c__visibility_control.h
[1.020s] -- Up-to-date: /home/joergen/ros2_udemy/install/my_robot_interfaces/include/my_robot_interfaces/my_robot_interfaces/msg/detail
[1.021s] -- Up-to-date: /home/joergen/ros2_udemy/install/my_robot_interfaces/include/my_robot_interfaces/my_robot_interfaces/msg/detail/hardware_status__rosidl_typesupport_fastrtps_c.h
[1.021s] -- Up-to-date: /home/joergen/ros2_udemy/install/my_robot_interfaces/include/my_robot_interfaces/my_robot_interfaces/srv
[1.021s] -- Up-to-date: /home/joergen/ros2_udemy/install/my_robot_interfaces/include/my_robot_interfaces/my_robot_interfaces/srv/detail
[1.022s] -- Up-to-date: /home/joergen/ros2_udemy/install/my_robot_interfaces/include/my_robot_interfaces/my_robot_interfaces/srv/detail/compute_rectangle_area__rosidl_typesupport_fastrtps_c.h
[1.022s] -- Up-to-date: /home/joergen/ros2_udemy/install/my_robot_interfaces/lib/libmy_robot_interfaces__rosidl_typesupport_fastrtps_c.so
[1.022s] -- Up-to-date: /home/joergen/ros2_udemy/install/my_robot_interfaces/include/my_robot_interfaces/my_robot_interfaces
[1.023s] -- Up-to-date: /home/joergen/ros2_udemy/install/my_robot_interfaces/include/my_robot_interfaces/my_robot_interfaces/msg
[1.023s] -- Up-to-date: /home/joergen/ros2_udemy/install/my_robot_interfaces/include/my_robot_interfaces/my_robot_interfaces/msg/detail
[1.023s] -- Up-to-date: /home/joergen/ros2_udemy/install/my_robot_interfaces/include/my_robot_interfaces/my_robot_interfaces/msg/detail/hardware_status__type_support.c
[1.024s] -- Up-to-date: /home/joergen/ros2_udemy/install/my_robot_interfaces/include/my_robot_interfaces/my_robot_interfaces/msg/detail/hardware_status__rosidl_typesupport_introspection_c.h
[1.024s] -- Up-to-date: /home/joergen/ros2_udemy/install/my_robot_interfaces/include/my_robot_interfaces/my_robot_interfaces/msg/rosidl_typesupport_introspection_c__visibility_control.h
[1.024s] -- Up-to-date: /home/joergen/ros2_udemy/install/my_robot_interfaces/include/my_robot_interfaces/my_robot_interfaces/srv
[1.024s] -- Up-to-date: /home/joergen/ros2_udemy/install/my_robot_interfaces/include/my_robot_interfaces/my_robot_interfaces/srv/detail
[1.025s] -- Up-to-date: /home/joergen/ros2_udemy/install/my_robot_interfaces/include/my_robot_interfaces/my_robot_interfaces/srv/detail/compute_rectangle_area__rosidl_typesupport_introspection_c.h
[1.025s] -- Up-to-date: /home/joergen/ros2_udemy/install/my_robot_interfaces/include/my_robot_interfaces/my_robot_interfaces/srv/detail/compute_rectangle_area__type_support.c
[1.025s] -- Up-to-date: /home/joergen/ros2_udemy/install/my_robot_interfaces/lib/libmy_robot_interfaces__rosidl_typesupport_introspection_c.so
[1.025s] -- Up-to-date: /home/joergen/ros2_udemy/install/my_robot_interfaces/lib/libmy_robot_interfaces__rosidl_typesupport_c.so
[1.025s] -- Up-to-date: /home/joergen/ros2_udemy/install/my_robot_interfaces/include/my_robot_interfaces/my_robot_interfaces
[1.025s] -- Up-to-date: /home/joergen/ros2_udemy/install/my_robot_interfaces/include/my_robot_interfaces/my_robot_interfaces/msg
[1.026s] -- Up-to-date: /home/joergen/ros2_udemy/install/my_robot_interfaces/include/my_robot_interfaces/my_robot_interfaces/msg/detail
[1.026s] -- Up-to-date: /home/joergen/ros2_udemy/install/my_robot_interfaces/include/my_robot_interfaces/my_robot_interfaces/msg/detail/hardware_status__struct.hpp
[1.026s] -- Up-to-date: /home/joergen/ros2_udemy/install/my_robot_interfaces/include/my_robot_interfaces/my_robot_interfaces/msg/detail/hardware_status__traits.hpp
[1.026s] -- Up-to-date: /home/joergen/ros2_udemy/install/my_robot_interfaces/include/my_robot_interfaces/my_robot_interfaces/msg/detail/hardware_status__builder.hpp
[1.026s] -- Up-to-date: /home/joergen/ros2_udemy/install/my_robot_interfaces/include/my_robot_interfaces/my_robot_interfaces/msg/hardware_status.hpp
[1.026s] -- Up-to-date: /home/joergen/ros2_udemy/install/my_robot_interfaces/include/my_robot_interfaces/my_robot_interfaces/srv
[1.026s] -- Up-to-date: /home/joergen/ros2_udemy/install/my_robot_interfaces/include/my_robot_interfaces/my_robot_interfaces/srv/detail
[1.027s] -- Up-to-date: /home/joergen/ros2_udemy/install/my_robot_interfaces/include/my_robot_interfaces/my_robot_interfaces/srv/detail/compute_rectangle_area__traits.hpp
[1.027s] -- Up-to-date: /home/joergen/ros2_udemy/install/my_robot_interfaces/include/my_robot_interfaces/my_robot_interfaces/srv/detail/compute_rectangle_area__builder.hpp
[1.027s] -- Up-to-date: /home/joergen/ros2_udemy/install/my_robot_interfaces/include/my_robot_interfaces/my_robot_interfaces/srv/detail/compute_rectangle_area__struct.hpp
[1.027s] -- Up-to-date: /home/joergen/ros2_udemy/install/my_robot_interfaces/include/my_robot_interfaces/my_robot_interfaces/srv/compute_rectangle_area.hpp
[1.027s] -- Up-to-date: /home/joergen/ros2_udemy/install/my_robot_interfaces/include/my_robot_interfaces/my_robot_interfaces
[1.027s] -- Up-to-date: /home/joergen/ros2_udemy/install/my_robot_interfaces/include/my_robot_interfaces/my_robot_interfaces/msg
[1.027s] -- Up-to-date: /home/joergen/ros2_udemy/install/my_robot_interfaces/include/my_robot_interfaces/my_robot_interfaces/msg/detail
[1.028s] -- Up-to-date: /home/joergen/ros2_udemy/install/my_robot_interfaces/include/my_robot_interfaces/my_robot_interfaces/msg/detail/dds_fastrtps
[1.028s] -- Up-to-date: /home/joergen/ros2_udemy/install/my_robot_interfaces/include/my_robot_interfaces/my_robot_interfaces/msg/detail/hardware_status__rosidl_typesupport_fastrtps_cpp.hpp
[1.028s] -- Up-to-date: /home/joergen/ros2_udemy/install/my_robot_interfaces/include/my_robot_interfaces/my_robot_interfaces/msg/rosidl_typesupport_fastrtps_cpp__visibility_control.h
[1.028s] -- Up-to-date: /home/joergen/ros2_udemy/install/my_robot_interfaces/include/my_robot_interfaces/my_robot_interfaces/srv
[1.028s] -- Up-to-date: /home/joergen/ros2_udemy/install/my_robot_interfaces/include/my_robot_interfaces/my_robot_interfaces/srv/detail
[1.028s] -- Up-to-date: /home/joergen/ros2_udemy/install/my_robot_interfaces/include/my_robot_interfaces/my_robot_interfaces/srv/detail/dds_fastrtps
[1.028s] -- Up-to-date: /home/joergen/ros2_udemy/install/my_robot_interfaces/include/my_robot_interfaces/my_robot_interfaces/srv/detail/compute_rectangle_area__rosidl_typesupport_fastrtps_cpp.hpp
[1.029s] -- Up-to-date: /home/joergen/ros2_udemy/install/my_robot_interfaces/lib/libmy_robot_interfaces__rosidl_typesupport_fastrtps_cpp.so
[1.029s] -- Up-to-date: /home/joergen/ros2_udemy/install/my_robot_interfaces/include/my_robot_interfaces/my_robot_interfaces
[1.029s] -- Up-to-date: /home/joergen/ros2_udemy/install/my_robot_interfaces/include/my_robot_interfaces/my_robot_interfaces/msg
[1.029s] -- Up-to-date: /home/joergen/ros2_udemy/install/my_robot_interfaces/include/my_robot_interfaces/my_robot_interfaces/msg/detail
[1.029s] -- Up-to-date: /home/joergen/ros2_udemy/install/my_robot_interfaces/include/my_robot_interfaces/my_robot_interfaces/msg/detail/hardware_status__rosidl_typesupport_introspection_cpp.hpp
[1.029s] -- Up-to-date: /home/joergen/ros2_udemy/install/my_robot_interfaces/include/my_robot_interfaces/my_robot_interfaces/msg/detail/hardware_status__type_support.cpp
[1.029s] -- Up-to-date: /home/joergen/ros2_udemy/install/my_robot_interfaces/include/my_robot_interfaces/my_robot_interfaces/srv
[1.030s] -- Up-to-date: /home/joergen/ros2_udemy/install/my_robot_interfaces/include/my_robot_interfaces/my_robot_interfaces/srv/detail
[1.030s] -- Up-to-date: /home/joergen/ros2_udemy/install/my_robot_interfaces/include/my_robot_interfaces/my_robot_interfaces/srv/detail/compute_rectangle_area__type_support.cpp
[1.030s] -- Up-to-date: /home/joergen/ros2_udemy/install/my_robot_interfaces/include/my_robot_interfaces/my_robot_interfaces/srv/detail/compute_rectangle_area__rosidl_typesupport_introspection_cpp.hpp
[1.030s] -- Up-to-date: /home/joergen/ros2_udemy/install/my_robot_interfaces/lib/libmy_robot_interfaces__rosidl_typesupport_introspection_cpp.so
[1.031s] -- Up-to-date: /home/joergen/ros2_udemy/install/my_robot_interfaces/lib/libmy_robot_interfaces__rosidl_typesupport_cpp.so
[1.031s] -- Up-to-date: /home/joergen/ros2_udemy/install/my_robot_interfaces/share/my_robot_interfaces/environment/pythonpath.sh
[1.031s] -- Up-to-date: /home/joergen/ros2_udemy/install/my_robot_interfaces/share/my_robot_interfaces/environment/pythonpath.dsv
[1.031s] -- Up-to-date: /home/joergen/ros2_udemy/install/my_robot_interfaces/local/lib/python3.10/dist-packages/my_robot_interfaces-0.0.0-py3.10.egg-info
[1.032s] -- Installing: /home/joergen/ros2_udemy/install/my_robot_interfaces/local/lib/python3.10/dist-packages/my_robot_interfaces-0.0.0-py3.10.egg-info/dependency_links.txt
[1.032s] -- Installing: /home/joergen/ros2_udemy/install/my_robot_interfaces/local/lib/python3.10/dist-packages/my_robot_interfaces-0.0.0-py3.10.egg-info/SOURCES.txt
[1.032s] -- Installing: /home/joergen/ros2_udemy/install/my_robot_interfaces/local/lib/python3.10/dist-packages/my_robot_interfaces-0.0.0-py3.10.egg-info/PKG-INFO
[1.032s] -- Installing: /home/joergen/ros2_udemy/install/my_robot_interfaces/local/lib/python3.10/dist-packages/my_robot_interfaces-0.0.0-py3.10.egg-info/top_level.txt
[1.032s] -- Up-to-date: /home/joergen/ros2_udemy/install/my_robot_interfaces/local/lib/python3.10/dist-packages/my_robot_interfaces
[1.033s] -- Up-to-date: /home/joergen/ros2_udemy/install/my_robot_interfaces/local/lib/python3.10/dist-packages/my_robot_interfaces/_my_robot_interfaces_s.ep.rosidl_typesupport_c.c
[1.033s] -- Up-to-date: /home/joergen/ros2_udemy/install/my_robot_interfaces/local/lib/python3.10/dist-packages/my_robot_interfaces/msg
[1.033s] -- Up-to-date: /home/joergen/ros2_udemy/install/my_robot_interfaces/local/lib/python3.10/dist-packages/my_robot_interfaces/msg/_hardware_status.py
[1.033s] -- Up-to-date: /home/joergen/ros2_udemy/install/my_robot_interfaces/local/lib/python3.10/dist-packages/my_robot_interfaces/msg/__init__.py
[1.033s] -- Up-to-date: /home/joergen/ros2_udemy/install/my_robot_interfaces/local/lib/python3.10/dist-packages/my_robot_interfaces/msg/_hardware_status_s.c
[1.034s] -- Up-to-date: /home/joergen/ros2_udemy/install/my_robot_interfaces/local/lib/python3.10/dist-packages/my_robot_interfaces/my_robot_interfaces_s__rosidl_typesupport_c.cpython-310-x86_64-linux-gnu.so
[1.034s] -- Up-to-date: /home/joergen/ros2_udemy/install/my_robot_interfaces/local/lib/python3.10/dist-packages/my_robot_interfaces/my_robot_interfaces_s__rosidl_typesupport_fastrtps_c.cpython-310-x86_64-linux-gnu.so
[1.034s] -- Up-to-date: /home/joergen/ros2_udemy/install/my_robot_interfaces/local/lib/python3.10/dist-packages/my_robot_interfaces/srv
[1.034s] -- Up-to-date: /home/joergen/ros2_udemy/install/my_robot_interfaces/local/lib/python3.10/dist-packages/my_robot_interfaces/srv/_compute_rectangle_area_s.c
[1.035s] -- Up-to-date: /home/joergen/ros2_udemy/install/my_robot_interfaces/local/lib/python3.10/dist-packages/my_robot_interfaces/srv/__init__.py
[1.035s] -- Up-to-date: /home/joergen/ros2_udemy/install/my_robot_interfaces/local/lib/python3.10/dist-packages/my_robot_interfaces/srv/_compute_rectangle_area.py
[1.035s] -- Up-to-date: /home/joergen/ros2_udemy/install/my_robot_interfaces/local/lib/python3.10/dist-packages/my_robot_interfaces/libmy_robot_interfaces__rosidl_generator_py.so
[1.035s] -- Up-to-date: /home/joergen/ros2_udemy/install/my_robot_interfaces/local/lib/python3.10/dist-packages/my_robot_interfaces/my_robot_interfaces_s__rosidl_typesupport_introspection_c.cpython-310-x86_64-linux-gnu.so
[1.036s] -- Up-to-date: /home/joergen/ros2_udemy/install/my_robot_interfaces/local/lib/python3.10/dist-packages/my_robot_interfaces/__init__.py
[1.036s] -- Up-to-date: /home/joergen/ros2_udemy/install/my_robot_interfaces/local/lib/python3.10/dist-packages/my_robot_interfaces/_my_robot_interfaces_s.ep.rosidl_typesupport_fastrtps_c.c
[1.036s] -- Up-to-date: /home/joergen/ros2_udemy/install/my_robot_interfaces/local/lib/python3.10/dist-packages/my_robot_interfaces/_my_robot_interfaces_s.ep.rosidl_typesupport_introspection_c.c
[1.083s] Listing '/home/joergen/ros2_udemy/install/my_robot_interfaces/local/lib/python3.10/dist-packages/my_robot_interfaces'...
[1.083s] Listing '/home/joergen/ros2_udemy/install/my_robot_interfaces/local/lib/python3.10/dist-packages/my_robot_interfaces/msg'...
[1.083s] Listing '/home/joergen/ros2_udemy/install/my_robot_interfaces/local/lib/python3.10/dist-packages/my_robot_interfaces/srv'...
[1.090s] -- Up-to-date: /home/joergen/ros2_udemy/install/my_robot_interfaces/local/lib/python3.10/dist-packages/my_robot_interfaces/my_robot_interfaces_s__rosidl_typesupport_fastrtps_c.cpython-310-x86_64-linux-gnu.so
[1.090s] -- Up-to-date: /home/joergen/ros2_udemy/install/my_robot_interfaces/local/lib/python3.10/dist-packages/my_robot_interfaces/my_robot_interfaces_s__rosidl_typesupport_introspection_c.cpython-310-x86_64-linux-gnu.so
[1.091s] -- Up-to-date: /home/joergen/ros2_udemy/install/my_robot_interfaces/local/lib/python3.10/dist-packages/my_robot_interfaces/my_robot_interfaces_s__rosidl_typesupport_c.cpython-310-x86_64-linux-gnu.so
[1.091s] -- Up-to-date: /home/joergen/ros2_udemy/install/my_robot_interfaces/lib/libmy_robot_interfaces__rosidl_generator_py.so
[1.092s] -- Up-to-date: /home/joergen/ros2_udemy/install/my_robot_interfaces/share/my_robot_interfaces/msg/HardwareStatus.idl
[1.092s] -- Up-to-date: /home/joergen/ros2_udemy/install/my_robot_interfaces/share/my_robot_interfaces/srv/ComputeRectangleArea.idl
[1.093s] -- Up-to-date: /home/joergen/ros2_udemy/install/my_robot_interfaces/share/my_robot_interfaces/msg/HardwareStatus.msg
[1.093s] -- Up-to-date: /home/joergen/ros2_udemy/install/my_robot_interfaces/share/my_robot_interfaces/srv/ComputeRectangleArea.srv
[1.093s] -- Up-to-date: /home/joergen/ros2_udemy/install/my_robot_interfaces/share/my_robot_interfaces/srv/ComputeRectangleArea_Request.msg
[1.094s] -- Up-to-date: /home/joergen/ros2_udemy/install/my_robot_interfaces/share/my_robot_interfaces/srv/ComputeRectangleArea_Response.msg
[1.094s] -- Up-to-date: /home/joergen/ros2_udemy/install/my_robot_interfaces/share/ament_index/resource_index/package_run_dependencies/my_robot_interfaces
[1.094s] -- Up-to-date: /home/joergen/ros2_udemy/install/my_robot_interfaces/share/ament_index/resource_index/parent_prefix_path/my_robot_interfaces
[1.095s] -- Up-to-date: /home/joergen/ros2_udemy/install/my_robot_interfaces/share/my_robot_interfaces/environment/ament_prefix_path.sh
[1.095s] -- Up-to-date: /home/joergen/ros2_udemy/install/my_robot_interfaces/share/my_robot_interfaces/environment/ament_prefix_path.dsv
[1.095s] -- Up-to-date: /home/joergen/ros2_udemy/install/my_robot_interfaces/share/my_robot_interfaces/environment/path.sh
[1.096s] -- Up-to-date: /home/joergen/ros2_udemy/install/my_robot_interfaces/share/my_robot_interfaces/environment/path.dsv
[1.096s] -- Up-to-date: /home/joergen/ros2_udemy/install/my_robot_interfaces/share/my_robot_interfaces/local_setup.bash
[1.096s] -- Up-to-date: /home/joergen/ros2_udemy/install/my_robot_interfaces/share/my_robot_interfaces/local_setup.sh
[1.097s] -- Up-to-date: /home/joergen/ros2_udemy/install/my_robot_interfaces/share/my_robot_interfaces/local_setup.zsh
[1.097s] -- Up-to-date: /home/joergen/ros2_udemy/install/my_robot_interfaces/share/my_robot_interfaces/local_setup.dsv
[1.098s] -- Installing: /home/joergen/ros2_udemy/install/my_robot_interfaces/share/my_robot_interfaces/package.dsv
[1.098s] -- Up-to-date: /home/joergen/ros2_udemy/install/my_robot_interfaces/share/ament_index/resource_index/packages/my_robot_interfaces
[1.098s] -- Up-to-date: /home/joergen/ros2_udemy/install/my_robot_interfaces/share/my_robot_interfaces/cmake/export_my_robot_interfaces__rosidl_generator_cExport.cmake
[1.098s] -- Up-to-date: /home/joergen/ros2_udemy/install/my_robot_interfaces/share/my_robot_interfaces/cmake/export_my_robot_interfaces__rosidl_generator_cExport-noconfig.cmake
[1.099s] -- Up-to-date: /home/joergen/ros2_udemy/install/my_robot_interfaces/share/my_robot_interfaces/cmake/export_my_robot_interfaces__rosidl_typesupport_fastrtps_cExport.cmake
[1.099s] -- Up-to-date: /home/joergen/ros2_udemy/install/my_robot_interfaces/share/my_robot_interfaces/cmake/export_my_robot_interfaces__rosidl_typesupport_fastrtps_cExport-noconfig.cmake
[1.099s] -- Up-to-date: /home/joergen/ros2_udemy/install/my_robot_interfaces/share/my_robot_interfaces/cmake/my_robot_interfaces__rosidl_typesupport_introspection_cExport.cmake
[1.099s] -- Up-to-date: /home/joergen/ros2_udemy/install/my_robot_interfaces/share/my_robot_interfaces/cmake/my_robot_interfaces__rosidl_typesupport_introspection_cExport-noconfig.cmake
[1.099s] -- Up-to-date: /home/joergen/ros2_udemy/install/my_robot_interfaces/share/my_robot_interfaces/cmake/my_robot_interfaces__rosidl_typesupport_cExport.cmake
[1.099s] -- Up-to-date: /home/joergen/ros2_udemy/install/my_robot_interfaces/share/my_robot_interfaces/cmake/my_robot_interfaces__rosidl_typesupport_cExport-noconfig.cmake
[1.099s] -- Up-to-date: /home/joergen/ros2_udemy/install/my_robot_interfaces/share/my_robot_interfaces/cmake/export_my_robot_interfaces__rosidl_generator_cppExport.cmake
[1.100s] -- Up-to-date: /home/joergen/ros2_udemy/install/my_robot_interfaces/share/my_robot_interfaces/cmake/export_my_robot_interfaces__rosidl_typesupport_fastrtps_cppExport.cmake
[1.100s] -- Up-to-date: /home/joergen/ros2_udemy/install/my_robot_interfaces/share/my_robot_interfaces/cmake/export_my_robot_interfaces__rosidl_typesupport_fastrtps_cppExport-noconfig.cmake
[1.100s] -- Up-to-date: /home/joergen/ros2_udemy/install/my_robot_interfaces/share/my_robot_interfaces/cmake/my_robot_interfaces__rosidl_typesupport_introspection_cppExport.cmake
[1.100s] -- Up-to-date: /home/joergen/ros2_udemy/install/my_robot_interfaces/share/my_robot_interfaces/cmake/my_robot_interfaces__rosidl_typesupport_introspection_cppExport-noconfig.cmake
[1.100s] -- Up-to-date: /home/joergen/ros2_udemy/install/my_robot_interfaces/share/my_robot_interfaces/cmake/my_robot_interfaces__rosidl_typesupport_cppExport.cmake
[1.100s] -- Up-to-date: /home/joergen/ros2_udemy/install/my_robot_interfaces/share/my_robot_interfaces/cmake/my_robot_interfaces__rosidl_typesupport_cppExport-noconfig.cmake
[1.100s] -- Up-to-date: /home/joergen/ros2_udemy/install/my_robot_interfaces/share/my_robot_interfaces/cmake/export_my_robot_interfaces__rosidl_generator_pyExport.cmake
[1.101s] -- Up-to-date: /home/joergen/ros2_udemy/install/my_robot_interfaces/share/my_robot_interfaces/cmake/export_my_robot_interfaces__rosidl_generator_pyExport-noconfig.cmake
[1.101s] -- Up-to-date: /home/joergen/ros2_udemy/install/my_robot_interfaces/share/my_robot_interfaces/cmake/rosidl_cmake-extras.cmake
[1.101s] -- Up-to-date: /home/joergen/ros2_udemy/install/my_robot_interfaces/share/my_robot_interfaces/cmake/ament_cmake_export_include_directories-extras.cmake
[1.101s] -- Up-to-date: /home/joergen/ros2_udemy/install/my_robot_interfaces/share/my_robot_interfaces/cmake/ament_cmake_export_libraries-extras.cmake
[1.101s] -- Up-to-date: /home/joergen/ros2_udemy/install/my_robot_interfaces/share/my_robot_interfaces/cmake/ament_cmake_export_targets-extras.cmake
[1.101s] -- Up-to-date: /home/joergen/ros2_udemy/install/my_robot_interfaces/share/my_robot_interfaces/cmake/rosidl_cmake_export_typesupport_targets-extras.cmake
[1.102s] -- Up-to-date: /home/joergen/ros2_udemy/install/my_robot_interfaces/share/my_robot_interfaces/cmake/ament_cmake_export_dependencies-extras.cmake
[1.102s] -- Up-to-date: /home/joergen/ros2_udemy/install/my_robot_interfaces/share/my_robot_interfaces/cmake/rosidl_cmake_export_typesupport_libraries-extras.cmake
[1.102s] -- Up-to-date: /home/joergen/ros2_udemy/install/my_robot_interfaces/share/my_robot_interfaces/cmake/my_robot_interfacesConfig.cmake
[1.102s] -- Up-to-date: /home/joergen/ros2_udemy/install/my_robot_interfaces/share/my_robot_interfaces/cmake/my_robot_interfacesConfig-version.cmake
[1.103s] -- Up-to-date: /home/joergen/ros2_udemy/install/my_robot_interfaces/share/my_robot_interfaces/package.xml
[1.107s] Invoked command in '/home/joergen/ros2_udemy/build/my_robot_interfaces' returned '0': CMAKE_PREFIX_PATH=${CMAKE_PREFIX_PATH}:/home/joergen/ros2_udemy/install/my_py_pkg:/opt/ros/humble /home/joergen/.local/bin/cmake --install /home/joergen/ros2_udemy/build/my_robot_interfaces
