[0.037s] Invoking command in '/home/joergen/ros2_udemy/build/my_robot_interfaces': CMAKE_PREFIX_PATH=${CMAKE_PREFIX_PATH}:/home/joergen/ros2_udemy/install/my_py_pkg:/opt/ros/humble /home/joergen/.local/bin/cmake --build /home/joergen/ros2_udemy/build/my_robot_interfaces -- -j8 -l8
[0.123s] -- Found ament_cmake: 1.3.4 (/opt/ros/humble/share/ament_cmake/cmake)
[0.321s] -- Found rosidl_default_generators: 1.2.0 (/opt/ros/humble/share/rosidl_default_generators/cmake)
[0.326s] -- Using all available rosidl_typesupport_c: rosidl_typesupport_fastrtps_c;rosidl_typesupport_introspection_c
[0.334s] -- Found rosidl_adapter: 3.1.4 (/opt/ros/humble/share/rosidl_adapter/cmake)
[0.415s] -- Using all available rosidl_typesupport_cpp: rosidl_typesupport_fastrtps_cpp;rosidl_typesupport_introspection_cpp
[0.877s] -- Found ament_cmake_ros: 0.10.0 (/opt/ros/humble/share/ament_cmake_ros/cmake)
[1.033s] -- Using all available rosidl_typesupport_c: rosidl_typesupport_fastrtps_c;rosidl_typesupport_introspection_c
[1.236s] -- Using all available rosidl_typesupport_cpp: rosidl_typesupport_fastrtps_cpp;rosidl_typesupport_introspection_cpp
[1.276s] -- Found python_cmake_module: 0.10.0 (/opt/ros/humble/share/python_cmake_module/cmake)
[1.315s] -- Using PYTHON_EXECUTABLE: /usr/bin/python3
[1.315s] -- Using PYTHON_INCLUDE_DIRS: /usr/include/python3.10
[1.315s] -- Using PYTHON_LIBRARIES: /usr/lib/x86_64-linux-gnu/libpython3.10.so
[1.354s] -- Configuring done
[1.438s] -- Generating done
[1.447s] -- Build files have been written to: /home/joergen/ros2_udemy/build/my_robot_interfaces
[1.470s] [  1%] [34m[1mGenerating C code for ROS interfaces[0m
[1.480s] [  3%] [34m[1mGenerating C++ code for ROS interfaces[0m
[1.486s] [  3%] Built target ament_cmake_python_copy_my_robot_interfaces
[2.001s] running egg_info
[2.003s] writing my_robot_interfaces.egg-info/PKG-INFO
[2.004s] writing dependency_links to my_robot_interfaces.egg-info/dependency_links.txt
[2.004s] writing top-level names to my_robot_interfaces.egg-info/top_level.txt
[2.008s] reading manifest file 'my_robot_interfaces.egg-info/SOURCES.txt'
[2.009s] writing manifest file 'my_robot_interfaces.egg-info/SOURCES.txt'
[2.047s] [  3%] Built target ament_cmake_python_build_my_robot_interfaces_egg
[2.319s] [  3%] Built target my_robot_interfaces__cpp
[2.327s] [  5%] [34m[1mGenerating C++ type support for eProsima Fast-RTPS[0m
[2.328s] [  9%] [34m[1mGenerating C++ introspection for ROS interfaces[0m
[2.328s] [  9%] [34m[1mGenerating C++ type support dispatch for ROS interfaces[0m
[2.389s] [ 10%] [32mBuilding C object CMakeFiles/my_robot_interfaces__rosidl_generator_c.dir/rosidl_generator_c/my_robot_interfaces/msg/detail/hardware_status__functions.c.o[0m
[2.390s] [ 12%] [32mBuilding C object CMakeFiles/my_robot_interfaces__rosidl_generator_c.dir/rosidl_generator_c/my_robot_interfaces/msg/detail/led_states__functions.c.o[0m
[2.390s] [ 14%] [32mBuilding C object CMakeFiles/my_robot_interfaces__rosidl_generator_c.dir/rosidl_generator_c/my_robot_interfaces/srv/detail/set_led__functions.c.o[0m
[2.391s] [ 16%] [32mBuilding C object CMakeFiles/my_robot_interfaces__rosidl_generator_c.dir/rosidl_generator_c/my_robot_interfaces/srv/detail/compute_rectangle_area__functions.c.o[0m
[2.516s] [ 18%] [32m[1mLinking C shared library libmy_robot_interfaces__rosidl_generator_c.so[0m
[2.562s] [ 18%] Built target my_robot_interfaces__rosidl_generator_c
[2.576s] [ 21%] [34m[1mGenerating C type support dispatch for ROS interfaces[0m
[2.576s] [ 21%] [34m[1mGenerating C type support for eProsima Fast-RTPS[0m
[2.577s] [ 23%] [34m[1mGenerating C introspection for ROS interfaces[0m
[3.058s] [ 25%] [32mBuilding CXX object CMakeFiles/my_robot_interfaces__rosidl_typesupport_cpp.dir/rosidl_typesupport_cpp/my_robot_interfaces/srv/compute_rectangle_area__type_support.cpp.o[0m
[3.059s] [ 27%] [32mBuilding CXX object CMakeFiles/my_robot_interfaces__rosidl_typesupport_cpp.dir/rosidl_typesupport_cpp/my_robot_interfaces/msg/hardware_status__type_support.cpp.o[0m
[3.065s] [ 29%] [32mBuilding CXX object CMakeFiles/my_robot_interfaces__rosidl_typesupport_cpp.dir/rosidl_typesupport_cpp/my_robot_interfaces/msg/led_states__type_support.cpp.o[0m
[3.254s] [ 30%] [32mBuilding CXX object CMakeFiles/my_robot_interfaces__rosidl_typesupport_c.dir/rosidl_typesupport_c/my_robot_interfaces/msg/hardware_status__type_support.cpp.o[0m
[3.294s] [ 32%] [32mBuilding CXX object CMakeFiles/my_robot_interfaces__rosidl_typesupport_c.dir/rosidl_typesupport_c/my_robot_interfaces/srv/compute_rectangle_area__type_support.cpp.o[0m
[3.317s] [ 34%] [32mBuilding CXX object CMakeFiles/my_robot_interfaces__rosidl_typesupport_introspection_cpp.dir/rosidl_typesupport_introspection_cpp/my_robot_interfaces/msg/detail/hardware_status__type_support.cpp.o[0m
[3.346s] [ 36%] [32mBuilding CXX object CMakeFiles/my_robot_interfaces__rosidl_typesupport_fastrtps_cpp.dir/rosidl_typesupport_fastrtps_cpp/my_robot_interfaces/msg/detail/dds_fastrtps/hardware_status__type_support.cpp.o[0m
[3.374s] [ 38%] [32mBuilding CXX object CMakeFiles/my_robot_interfaces__rosidl_typesupport_c.dir/rosidl_typesupport_c/my_robot_interfaces/msg/led_states__type_support.cpp.o[0m
[3.437s] [ 40%] [32mBuilding CXX object CMakeFiles/my_robot_interfaces__rosidl_typesupport_c.dir/rosidl_typesupport_c/my_robot_interfaces/srv/set_led__type_support.cpp.o[0m
[3.489s] [ 41%] [32m[1mLinking CXX shared library libmy_robot_interfaces__rosidl_typesupport_c.so[0m
[3.510s] [ 43%] [32mBuilding C object CMakeFiles/my_robot_interfaces__rosidl_typesupport_introspection_c.dir/rosidl_typesupport_introspection_c/my_robot_interfaces/msg/detail/hardware_status__type_support.c.o[0m
[3.532s] [ 43%] Built target my_robot_interfaces__rosidl_typesupport_c
[3.532s] [ 45%] [32mBuilding CXX object CMakeFiles/my_robot_interfaces__rosidl_typesupport_fastrtps_c.dir/rosidl_typesupport_fastrtps_c/my_robot_interfaces/msg/detail/hardware_status__type_support_c.cpp.o[0m
[3.537s] [ 47%] [32mBuilding CXX object CMakeFiles/my_robot_interfaces__rosidl_typesupport_fastrtps_c.dir/rosidl_typesupport_fastrtps_c/my_robot_interfaces/srv/detail/compute_rectangle_area__type_support_c.cpp.o[0m
[3.539s] [ 49%] [32mBuilding CXX object CMakeFiles/my_robot_interfaces__rosidl_typesupport_cpp.dir/rosidl_typesupport_cpp/my_robot_interfaces/srv/set_led__type_support.cpp.o[0m
[3.544s] [ 50%] [32mBuilding C object CMakeFiles/my_robot_interfaces__rosidl_typesupport_introspection_c.dir/rosidl_typesupport_introspection_c/my_robot_interfaces/srv/detail/compute_rectangle_area__type_support.c.o[0m
[3.557s] [ 52%] [32mBuilding CXX object CMakeFiles/my_robot_interfaces__rosidl_typesupport_fastrtps_c.dir/rosidl_typesupport_fastrtps_c/my_robot_interfaces/msg/detail/led_states__type_support_c.cpp.o[0m
[3.627s] [ 54%] [32mBuilding C object CMakeFiles/my_robot_interfaces__rosidl_typesupport_introspection_c.dir/rosidl_typesupport_introspection_c/my_robot_interfaces/srv/detail/set_led__type_support.c.o[0m
[3.634s] [ 56%] [32mBuilding C object CMakeFiles/my_robot_interfaces__rosidl_typesupport_introspection_c.dir/rosidl_typesupport_introspection_c/my_robot_interfaces/msg/detail/led_states__type_support.c.o[0m
[3.670s] [ 58%] [32mBuilding CXX object CMakeFiles/my_robot_interfaces__rosidl_typesupport_fastrtps_c.dir/rosidl_typesupport_fastrtps_c/my_robot_interfaces/srv/detail/set_led__type_support_c.cpp.o[0m
[3.758s] [ 60%] [32m[1mLinking C shared library libmy_robot_interfaces__rosidl_typesupport_introspection_c.so[0m
[3.883s] [ 60%] Built target my_robot_interfaces__rosidl_typesupport_introspection_c
[3.922s] [ 61%] [32mBuilding CXX object CMakeFiles/my_robot_interfaces__rosidl_typesupport_fastrtps_cpp.dir/rosidl_typesupport_fastrtps_cpp/my_robot_interfaces/srv/detail/dds_fastrtps/compute_rectangle_area__type_support.cpp.o[0m
[3.942s] [ 63%] [32mBuilding CXX object CMakeFiles/my_robot_interfaces__rosidl_typesupport_introspection_cpp.dir/rosidl_typesupport_introspection_cpp/my_robot_interfaces/srv/detail/compute_rectangle_area__type_support.cpp.o[0m
[3.950s] [ 65%] [32mBuilding CXX object CMakeFiles/my_robot_interfaces__rosidl_typesupport_fastrtps_cpp.dir/rosidl_typesupport_fastrtps_cpp/my_robot_interfaces/msg/detail/dds_fastrtps/led_states__type_support.cpp.o[0m
[3.957s] [ 67%] [32m[1mLinking CXX shared library libmy_robot_interfaces__rosidl_typesupport_cpp.so[0m
[4.059s] [ 69%] [32mBuilding CXX object CMakeFiles/my_robot_interfaces__rosidl_typesupport_introspection_cpp.dir/rosidl_typesupport_introspection_cpp/my_robot_interfaces/msg/detail/led_states__type_support.cpp.o[0m
[4.092s] [ 69%] Built target my_robot_interfaces__rosidl_typesupport_cpp
[4.095s] [ 70%] [32mBuilding CXX object CMakeFiles/my_robot_interfaces__rosidl_typesupport_introspection_cpp.dir/rosidl_typesupport_introspection_cpp/my_robot_interfaces/srv/detail/set_led__type_support.cpp.o[0m
[4.101s] [ 72%] [32mBuilding CXX object CMakeFiles/my_robot_interfaces__rosidl_typesupport_fastrtps_cpp.dir/rosidl_typesupport_fastrtps_cpp/my_robot_interfaces/srv/detail/dds_fastrtps/set_led__type_support.cpp.o[0m
[4.241s] [ 74%] [32m[1mLinking CXX shared library libmy_robot_interfaces__rosidl_typesupport_fastrtps_c.so[0m
[4.370s] [ 74%] Built target my_robot_interfaces__rosidl_typesupport_fastrtps_c
[4.655s] [ 76%] [32m[1mLinking CXX shared library libmy_robot_interfaces__rosidl_typesupport_introspection_cpp.so[0m
[4.665s] [ 78%] [32m[1mLinking CXX shared library libmy_robot_interfaces__rosidl_typesupport_fastrtps_cpp.so[0m
[4.712s] [ 78%] Built target my_robot_interfaces__rosidl_typesupport_introspection_cpp
[4.739s] [ 78%] Built target my_robot_interfaces__rosidl_typesupport_fastrtps_cpp
[4.747s] [ 78%] Built target my_robot_interfaces
[4.755s] [ 80%] [34m[1mGenerating Python code for ROS interfaces[0m
[6.105s] [ 80%] Built target my_robot_interfaces__py
[6.133s] [ 81%] [32mBuilding C object CMakeFiles/my_robot_interfaces__rosidl_generator_py.dir/rosidl_generator_py/my_robot_interfaces/srv/_set_led_s.c.o[0m
[6.134s] [ 83%] [32mBuilding C object CMakeFiles/my_robot_interfaces__rosidl_generator_py.dir/rosidl_generator_py/my_robot_interfaces/msg/_led_states_s.c.o[0m
[6.136s] [ 85%] [32mBuilding C object CMakeFiles/my_robot_interfaces__rosidl_generator_py.dir/rosidl_generator_py/my_robot_interfaces/msg/_hardware_status_s.c.o[0m
[6.137s] [ 87%] [32mBuilding C object CMakeFiles/my_robot_interfaces__rosidl_generator_py.dir/rosidl_generator_py/my_robot_interfaces/srv/_compute_rectangle_area_s.c.o[0m
[6.366s] [ 89%] [32m[1mLinking C shared library rosidl_generator_py/my_robot_interfaces/libmy_robot_interfaces__rosidl_generator_py.so[0m
[6.417s] [ 89%] Built target my_robot_interfaces__rosidl_generator_py
[6.440s] [ 90%] [32mBuilding C object CMakeFiles/my_robot_interfaces__rosidl_typesupport_fastrtps_c__pyext.dir/rosidl_generator_py/my_robot_interfaces/_my_robot_interfaces_s.ep.rosidl_typesupport_fastrtps_c.c.o[0m
[6.440s] [ 92%] [32mBuilding C object CMakeFiles/my_robot_interfaces__rosidl_typesupport_c__pyext.dir/rosidl_generator_py/my_robot_interfaces/_my_robot_interfaces_s.ep.rosidl_typesupport_c.c.o[0m
[6.441s] [ 94%] [32mBuilding C object CMakeFiles/my_robot_interfaces__rosidl_typesupport_introspection_c__pyext.dir/rosidl_generator_py/my_robot_interfaces/_my_robot_interfaces_s.ep.rosidl_typesupport_introspection_c.c.o[0m
[6.645s] [ 96%] [32m[1mLinking C shared library rosidl_generator_py/my_robot_interfaces/my_robot_interfaces_s__rosidl_typesupport_c.cpython-310-x86_64-linux-gnu.so[0m
[6.652s] [ 98%] [32m[1mLinking C shared library rosidl_generator_py/my_robot_interfaces/my_robot_interfaces_s__rosidl_typesupport_introspection_c.cpython-310-x86_64-linux-gnu.so[0m
[6.679s] [100%] [32m[1mLinking C shared library rosidl_generator_py/my_robot_interfaces/my_robot_interfaces_s__rosidl_typesupport_fastrtps_c.cpython-310-x86_64-linux-gnu.so[0m
[6.686s] [100%] Built target my_robot_interfaces__rosidl_typesupport_c__pyext
[6.689s] [100%] Built target my_robot_interfaces__rosidl_typesupport_introspection_c__pyext
[6.723s] [100%] Built target my_robot_interfaces__rosidl_typesupport_fastrtps_c__pyext
[6.740s] Invoked command in '/home/joergen/ros2_udemy/build/my_robot_interfaces' returned '0': CMAKE_PREFIX_PATH=${CMAKE_PREFIX_PATH}:/home/joergen/ros2_udemy/install/my_py_pkg:/opt/ros/humble /home/joergen/.local/bin/cmake --build /home/joergen/ros2_udemy/build/my_robot_interfaces -- -j8 -l8
[7.044s] Invoking command in '/home/joergen/ros2_udemy/build/my_robot_interfaces': CMAKE_PREFIX_PATH=${CMAKE_PREFIX_PATH}:/home/joergen/ros2_udemy/install/my_py_pkg:/opt/ros/humble /home/joergen/.local/bin/cmake --install /home/joergen/ros2_udemy/build/my_robot_interfaces
[7.092s] -- Install configuration: ""
[7.093s] -- Installing: /home/joergen/ros2_udemy/install/my_robot_interfaces/share/ament_index/resource_index/rosidl_interfaces/my_robot_interfaces
[7.093s] -- Up-to-date: /home/joergen/ros2_udemy/install/my_robot_interfaces/include/my_robot_interfaces/my_robot_interfaces
[7.093s] -- Up-to-date: /home/joergen/ros2_udemy/install/my_robot_interfaces/include/my_robot_interfaces/my_robot_interfaces/msg
[7.094s] -- Up-to-date: /home/joergen/ros2_udemy/install/my_robot_interfaces/include/my_robot_interfaces/my_robot_interfaces/msg/detail
[7.094s] -- Installing: /home/joergen/ros2_udemy/install/my_robot_interfaces/include/my_robot_interfaces/my_robot_interfaces/msg/detail/led_states__struct.h
[7.094s] -- Installing: /home/joergen/ros2_udemy/install/my_robot_interfaces/include/my_robot_interfaces/my_robot_interfaces/msg/detail/led_states__type_support.h
[7.095s] -- Installing: /home/joergen/ros2_udemy/install/my_robot_interfaces/include/my_robot_interfaces/my_robot_interfaces/msg/detail/hardware_status__functions.c
[7.095s] -- Installing: /home/joergen/ros2_udemy/install/my_robot_interfaces/include/my_robot_interfaces/my_robot_interfaces/msg/detail/led_states__functions.c
[7.095s] -- Installing: /home/joergen/ros2_udemy/install/my_robot_interfaces/include/my_robot_interfaces/my_robot_interfaces/msg/detail/hardware_status__functions.h
[7.096s] -- Installing: /home/joergen/ros2_udemy/install/my_robot_interfaces/include/my_robot_interfaces/my_robot_interfaces/msg/detail/hardware_status__type_support.h
[7.096s] -- Installing: /home/joergen/ros2_udemy/install/my_robot_interfaces/include/my_robot_interfaces/my_robot_interfaces/msg/detail/led_states__functions.h
[7.096s] -- Installing: /home/joergen/ros2_udemy/install/my_robot_interfaces/include/my_robot_interfaces/my_robot_interfaces/msg/detail/hardware_status__struct.h
[7.097s] -- Installing: /home/joergen/ros2_udemy/install/my_robot_interfaces/include/my_robot_interfaces/my_robot_interfaces/msg/led_states.h
[7.097s] -- Up-to-date: /home/joergen/ros2_udemy/install/my_robot_interfaces/include/my_robot_interfaces/my_robot_interfaces/msg/rosidl_generator_c__visibility_control.h
[7.097s] -- Installing: /home/joergen/ros2_udemy/install/my_robot_interfaces/include/my_robot_interfaces/my_robot_interfaces/msg/hardware_status.h
[7.097s] -- Up-to-date: /home/joergen/ros2_udemy/install/my_robot_interfaces/include/my_robot_interfaces/my_robot_interfaces/srv
[7.098s] -- Installing: /home/joergen/ros2_udemy/install/my_robot_interfaces/include/my_robot_interfaces/my_robot_interfaces/srv/compute_rectangle_area.h
[7.098s] -- Up-to-date: /home/joergen/ros2_udemy/install/my_robot_interfaces/include/my_robot_interfaces/my_robot_interfaces/srv/detail
[7.098s] -- Installing: /home/joergen/ros2_udemy/install/my_robot_interfaces/include/my_robot_interfaces/my_robot_interfaces/srv/detail/set_led__struct.h
[7.098s] -- Installing: /home/joergen/ros2_udemy/install/my_robot_interfaces/include/my_robot_interfaces/my_robot_interfaces/srv/detail/set_led__functions.h
[7.098s] -- Installing: /home/joergen/ros2_udemy/install/my_robot_interfaces/include/my_robot_interfaces/my_robot_interfaces/srv/detail/compute_rectangle_area__struct.h
[7.099s] -- Installing: /home/joergen/ros2_udemy/install/my_robot_interfaces/include/my_robot_interfaces/my_robot_interfaces/srv/detail/compute_rectangle_area__functions.h
[7.099s] -- Installing: /home/joergen/ros2_udemy/install/my_robot_interfaces/include/my_robot_interfaces/my_robot_interfaces/srv/detail/compute_rectangle_area__type_support.h
[7.099s] -- Installing: /home/joergen/ros2_udemy/install/my_robot_interfaces/include/my_robot_interfaces/my_robot_interfaces/srv/detail/set_led__functions.c
[7.100s] -- Installing: /home/joergen/ros2_udemy/install/my_robot_interfaces/include/my_robot_interfaces/my_robot_interfaces/srv/detail/set_led__type_support.h
[7.100s] -- Installing: /home/joergen/ros2_udemy/install/my_robot_interfaces/include/my_robot_interfaces/my_robot_interfaces/srv/detail/compute_rectangle_area__functions.c
[7.100s] -- Installing: /home/joergen/ros2_udemy/install/my_robot_interfaces/include/my_robot_interfaces/my_robot_interfaces/srv/set_led.h
[7.101s] -- Up-to-date: /home/joergen/ros2_udemy/install/my_robot_interfaces/share/my_robot_interfaces/environment/library_path.sh
[7.101s] -- Installing: /home/joergen/ros2_udemy/install/my_robot_interfaces/share/my_robot_interfaces/environment/library_path.dsv
[7.101s] -- Installing: /home/joergen/ros2_udemy/install/my_robot_interfaces/lib/libmy_robot_interfaces__rosidl_generator_c.so
[7.110s] -- Set runtime path of "/home/joergen/ros2_udemy/install/my_robot_interfaces/lib/libmy_robot_interfaces__rosidl_generator_c.so" to ""
[7.111s] -- Up-to-date: /home/joergen/ros2_udemy/install/my_robot_interfaces/include/my_robot_interfaces/my_robot_interfaces
[7.111s] -- Up-to-date: /home/joergen/ros2_udemy/install/my_robot_interfaces/include/my_robot_interfaces/my_robot_interfaces/msg
[7.112s] -- Up-to-date: /home/joergen/ros2_udemy/install/my_robot_interfaces/include/my_robot_interfaces/my_robot_interfaces/msg/rosidl_typesupport_fastrtps_c__visibility_control.h
[7.112s] -- Up-to-date: /home/joergen/ros2_udemy/install/my_robot_interfaces/include/my_robot_interfaces/my_robot_interfaces/msg/detail
[7.112s] -- Installing: /home/joergen/ros2_udemy/install/my_robot_interfaces/include/my_robot_interfaces/my_robot_interfaces/msg/detail/led_states__rosidl_typesupport_fastrtps_c.h
[7.113s] -- Installing: /home/joergen/ros2_udemy/install/my_robot_interfaces/include/my_robot_interfaces/my_robot_interfaces/msg/detail/hardware_status__rosidl_typesupport_fastrtps_c.h
[7.113s] -- Up-to-date: /home/joergen/ros2_udemy/install/my_robot_interfaces/include/my_robot_interfaces/my_robot_interfaces/srv
[7.114s] -- Up-to-date: /home/joergen/ros2_udemy/install/my_robot_interfaces/include/my_robot_interfaces/my_robot_interfaces/srv/detail
[7.114s] -- Installing: /home/joergen/ros2_udemy/install/my_robot_interfaces/include/my_robot_interfaces/my_robot_interfaces/srv/detail/set_led__rosidl_typesupport_fastrtps_c.h
[7.114s] -- Installing: /home/joergen/ros2_udemy/install/my_robot_interfaces/include/my_robot_interfaces/my_robot_interfaces/srv/detail/compute_rectangle_area__rosidl_typesupport_fastrtps_c.h
[7.115s] -- Installing: /home/joergen/ros2_udemy/install/my_robot_interfaces/lib/libmy_robot_interfaces__rosidl_typesupport_fastrtps_c.so
[7.115s] -- Set runtime path of "/home/joergen/ros2_udemy/install/my_robot_interfaces/lib/libmy_robot_interfaces__rosidl_typesupport_fastrtps_c.so" to ""
[7.115s] -- Up-to-date: /home/joergen/ros2_udemy/install/my_robot_interfaces/include/my_robot_interfaces/my_robot_interfaces
[7.116s] -- Up-to-date: /home/joergen/ros2_udemy/install/my_robot_interfaces/include/my_robot_interfaces/my_robot_interfaces/msg
[7.116s] -- Up-to-date: /home/joergen/ros2_udemy/install/my_robot_interfaces/include/my_robot_interfaces/my_robot_interfaces/msg/detail
[7.116s] -- Installing: /home/joergen/ros2_udemy/install/my_robot_interfaces/include/my_robot_interfaces/my_robot_interfaces/msg/detail/led_states__type_support.c
[7.116s] -- Installing: /home/joergen/ros2_udemy/install/my_robot_interfaces/include/my_robot_interfaces/my_robot_interfaces/msg/detail/hardware_status__type_support.c
[7.116s] -- Installing: /home/joergen/ros2_udemy/install/my_robot_interfaces/include/my_robot_interfaces/my_robot_interfaces/msg/detail/led_states__rosidl_typesupport_introspection_c.h
[7.117s] -- Installing: /home/joergen/ros2_udemy/install/my_robot_interfaces/include/my_robot_interfaces/my_robot_interfaces/msg/detail/hardware_status__rosidl_typesupport_introspection_c.h
[7.117s] -- Up-to-date: /home/joergen/ros2_udemy/install/my_robot_interfaces/include/my_robot_interfaces/my_robot_interfaces/msg/rosidl_typesupport_introspection_c__visibility_control.h
[7.117s] -- Up-to-date: /home/joergen/ros2_udemy/install/my_robot_interfaces/include/my_robot_interfaces/my_robot_interfaces/srv
[7.117s] -- Up-to-date: /home/joergen/ros2_udemy/install/my_robot_interfaces/include/my_robot_interfaces/my_robot_interfaces/srv/detail
[7.118s] -- Installing: /home/joergen/ros2_udemy/install/my_robot_interfaces/include/my_robot_interfaces/my_robot_interfaces/srv/detail/compute_rectangle_area__rosidl_typesupport_introspection_c.h
[7.118s] -- Installing: /home/joergen/ros2_udemy/install/my_robot_interfaces/include/my_robot_interfaces/my_robot_interfaces/srv/detail/set_led__rosidl_typesupport_introspection_c.h
[7.118s] -- Installing: /home/joergen/ros2_udemy/install/my_robot_interfaces/include/my_robot_interfaces/my_robot_interfaces/srv/detail/set_led__type_support.c
[7.119s] -- Installing: /home/joergen/ros2_udemy/install/my_robot_interfaces/include/my_robot_interfaces/my_robot_interfaces/srv/detail/compute_rectangle_area__type_support.c
[7.119s] -- Installing: /home/joergen/ros2_udemy/install/my_robot_interfaces/lib/libmy_robot_interfaces__rosidl_typesupport_introspection_c.so
[7.119s] -- Set runtime path of "/home/joergen/ros2_udemy/install/my_robot_interfaces/lib/libmy_robot_interfaces__rosidl_typesupport_introspection_c.so" to ""
[7.119s] -- Installing: /home/joergen/ros2_udemy/install/my_robot_interfaces/lib/libmy_robot_interfaces__rosidl_typesupport_c.so
[7.119s] -- Set runtime path of "/home/joergen/ros2_udemy/install/my_robot_interfaces/lib/libmy_robot_interfaces__rosidl_typesupport_c.so" to ""
[7.120s] -- Up-to-date: /home/joergen/ros2_udemy/install/my_robot_interfaces/include/my_robot_interfaces/my_robot_interfaces
[7.120s] -- Up-to-date: /home/joergen/ros2_udemy/install/my_robot_interfaces/include/my_robot_interfaces/my_robot_interfaces/msg
[7.120s] -- Installing: /home/joergen/ros2_udemy/install/my_robot_interfaces/include/my_robot_interfaces/my_robot_interfaces/msg/led_states.hpp
[7.121s] -- Up-to-date: /home/joergen/ros2_udemy/install/my_robot_interfaces/include/my_robot_interfaces/my_robot_interfaces/msg/detail
[7.121s] -- Installing: /home/joergen/ros2_udemy/install/my_robot_interfaces/include/my_robot_interfaces/my_robot_interfaces/msg/detail/hardware_status__struct.hpp
[7.121s] -- Installing: /home/joergen/ros2_udemy/install/my_robot_interfaces/include/my_robot_interfaces/my_robot_interfaces/msg/detail/led_states__struct.hpp
[7.121s] -- Installing: /home/joergen/ros2_udemy/install/my_robot_interfaces/include/my_robot_interfaces/my_robot_interfaces/msg/detail/led_states__traits.hpp
[7.122s] -- Installing: /home/joergen/ros2_udemy/install/my_robot_interfaces/include/my_robot_interfaces/my_robot_interfaces/msg/detail/hardware_status__traits.hpp
[7.122s] -- Installing: /home/joergen/ros2_udemy/install/my_robot_interfaces/include/my_robot_interfaces/my_robot_interfaces/msg/detail/led_states__builder.hpp
[7.122s] -- Installing: /home/joergen/ros2_udemy/install/my_robot_interfaces/include/my_robot_interfaces/my_robot_interfaces/msg/detail/hardware_status__builder.hpp
[7.122s] -- Installing: /home/joergen/ros2_udemy/install/my_robot_interfaces/include/my_robot_interfaces/my_robot_interfaces/msg/hardware_status.hpp
[7.123s] -- Up-to-date: /home/joergen/ros2_udemy/install/my_robot_interfaces/include/my_robot_interfaces/my_robot_interfaces/srv
[7.123s] -- Up-to-date: /home/joergen/ros2_udemy/install/my_robot_interfaces/include/my_robot_interfaces/my_robot_interfaces/srv/detail
[7.123s] -- Installing: /home/joergen/ros2_udemy/install/my_robot_interfaces/include/my_robot_interfaces/my_robot_interfaces/srv/detail/compute_rectangle_area__traits.hpp
[7.124s] -- Installing: /home/joergen/ros2_udemy/install/my_robot_interfaces/include/my_robot_interfaces/my_robot_interfaces/srv/detail/set_led__struct.hpp
[7.124s] -- Installing: /home/joergen/ros2_udemy/install/my_robot_interfaces/include/my_robot_interfaces/my_robot_interfaces/srv/detail/compute_rectangle_area__builder.hpp
[7.125s] -- Installing: /home/joergen/ros2_udemy/install/my_robot_interfaces/include/my_robot_interfaces/my_robot_interfaces/srv/detail/compute_rectangle_area__struct.hpp
[7.125s] -- Installing: /home/joergen/ros2_udemy/install/my_robot_interfaces/include/my_robot_interfaces/my_robot_interfaces/srv/detail/set_led__builder.hpp
[7.125s] -- Installing: /home/joergen/ros2_udemy/install/my_robot_interfaces/include/my_robot_interfaces/my_robot_interfaces/srv/detail/set_led__traits.hpp
[7.125s] -- Installing: /home/joergen/ros2_udemy/install/my_robot_interfaces/include/my_robot_interfaces/my_robot_interfaces/srv/set_led.hpp
[7.125s] -- Installing: /home/joergen/ros2_udemy/install/my_robot_interfaces/include/my_robot_interfaces/my_robot_interfaces/srv/compute_rectangle_area.hpp
[7.126s] -- Up-to-date: /home/joergen/ros2_udemy/install/my_robot_interfaces/include/my_robot_interfaces/my_robot_interfaces
[7.126s] -- Up-to-date: /home/joergen/ros2_udemy/install/my_robot_interfaces/include/my_robot_interfaces/my_robot_interfaces/msg
[7.126s] -- Up-to-date: /home/joergen/ros2_udemy/install/my_robot_interfaces/include/my_robot_interfaces/my_robot_interfaces/msg/detail
[7.126s] -- Up-to-date: /home/joergen/ros2_udemy/install/my_robot_interfaces/include/my_robot_interfaces/my_robot_interfaces/msg/detail/dds_fastrtps
[7.126s] -- Installing: /home/joergen/ros2_udemy/install/my_robot_interfaces/include/my_robot_interfaces/my_robot_interfaces/msg/detail/led_states__rosidl_typesupport_fastrtps_cpp.hpp
[7.126s] -- Installing: /home/joergen/ros2_udemy/install/my_robot_interfaces/include/my_robot_interfaces/my_robot_interfaces/msg/detail/hardware_status__rosidl_typesupport_fastrtps_cpp.hpp
[7.127s] -- Up-to-date: /home/joergen/ros2_udemy/install/my_robot_interfaces/include/my_robot_interfaces/my_robot_interfaces/msg/rosidl_typesupport_fastrtps_cpp__visibility_control.h
[7.127s] -- Up-to-date: /home/joergen/ros2_udemy/install/my_robot_interfaces/include/my_robot_interfaces/my_robot_interfaces/srv
[7.127s] -- Up-to-date: /home/joergen/ros2_udemy/install/my_robot_interfaces/include/my_robot_interfaces/my_robot_interfaces/srv/detail
[7.127s] -- Up-to-date: /home/joergen/ros2_udemy/install/my_robot_interfaces/include/my_robot_interfaces/my_robot_interfaces/srv/detail/dds_fastrtps
[7.127s] -- Installing: /home/joergen/ros2_udemy/install/my_robot_interfaces/include/my_robot_interfaces/my_robot_interfaces/srv/detail/compute_rectangle_area__rosidl_typesupport_fastrtps_cpp.hpp
[7.128s] -- Installing: /home/joergen/ros2_udemy/install/my_robot_interfaces/include/my_robot_interfaces/my_robot_interfaces/srv/detail/set_led__rosidl_typesupport_fastrtps_cpp.hpp
[7.128s] -- Installing: /home/joergen/ros2_udemy/install/my_robot_interfaces/lib/libmy_robot_interfaces__rosidl_typesupport_fastrtps_cpp.so
[7.128s] -- Set runtime path of "/home/joergen/ros2_udemy/install/my_robot_interfaces/lib/libmy_robot_interfaces__rosidl_typesupport_fastrtps_cpp.so" to ""
[7.128s] -- Up-to-date: /home/joergen/ros2_udemy/install/my_robot_interfaces/include/my_robot_interfaces/my_robot_interfaces
[7.128s] -- Up-to-date: /home/joergen/ros2_udemy/install/my_robot_interfaces/include/my_robot_interfaces/my_robot_interfaces/msg
[7.128s] -- Up-to-date: /home/joergen/ros2_udemy/install/my_robot_interfaces/include/my_robot_interfaces/my_robot_interfaces/msg/detail
[7.129s] -- Installing: /home/joergen/ros2_udemy/install/my_robot_interfaces/include/my_robot_interfaces/my_robot_interfaces/msg/detail/hardware_status__rosidl_typesupport_introspection_cpp.hpp
[7.129s] -- Installing: /home/joergen/ros2_udemy/install/my_robot_interfaces/include/my_robot_interfaces/my_robot_interfaces/msg/detail/hardware_status__type_support.cpp
[7.129s] -- Installing: /home/joergen/ros2_udemy/install/my_robot_interfaces/include/my_robot_interfaces/my_robot_interfaces/msg/detail/led_states__type_support.cpp
[7.129s] -- Installing: /home/joergen/ros2_udemy/install/my_robot_interfaces/include/my_robot_interfaces/my_robot_interfaces/msg/detail/led_states__rosidl_typesupport_introspection_cpp.hpp
[7.130s] -- Up-to-date: /home/joergen/ros2_udemy/install/my_robot_interfaces/include/my_robot_interfaces/my_robot_interfaces/srv
[7.130s] -- Up-to-date: /home/joergen/ros2_udemy/install/my_robot_interfaces/include/my_robot_interfaces/my_robot_interfaces/srv/detail
[7.130s] -- Installing: /home/joergen/ros2_udemy/install/my_robot_interfaces/include/my_robot_interfaces/my_robot_interfaces/srv/detail/set_led__type_support.cpp
[7.130s] -- Installing: /home/joergen/ros2_udemy/install/my_robot_interfaces/include/my_robot_interfaces/my_robot_interfaces/srv/detail/set_led__rosidl_typesupport_introspection_cpp.hpp
[7.131s] -- Installing: /home/joergen/ros2_udemy/install/my_robot_interfaces/include/my_robot_interfaces/my_robot_interfaces/srv/detail/compute_rectangle_area__type_support.cpp
[7.131s] -- Installing: /home/joergen/ros2_udemy/install/my_robot_interfaces/include/my_robot_interfaces/my_robot_interfaces/srv/detail/compute_rectangle_area__rosidl_typesupport_introspection_cpp.hpp
[7.131s] -- Installing: /home/joergen/ros2_udemy/install/my_robot_interfaces/lib/libmy_robot_interfaces__rosidl_typesupport_introspection_cpp.so
[7.132s] -- Set runtime path of "/home/joergen/ros2_udemy/install/my_robot_interfaces/lib/libmy_robot_interfaces__rosidl_typesupport_introspection_cpp.so" to ""
[7.132s] -- Installing: /home/joergen/ros2_udemy/install/my_robot_interfaces/lib/libmy_robot_interfaces__rosidl_typesupport_cpp.so
[7.132s] -- Set runtime path of "/home/joergen/ros2_udemy/install/my_robot_interfaces/lib/libmy_robot_interfaces__rosidl_typesupport_cpp.so" to ""
[7.132s] -- Up-to-date: /home/joergen/ros2_udemy/install/my_robot_interfaces/share/my_robot_interfaces/environment/pythonpath.sh
[7.132s] -- Installing: /home/joergen/ros2_udemy/install/my_robot_interfaces/share/my_robot_interfaces/environment/pythonpath.dsv
[7.132s] -- Up-to-date: /home/joergen/ros2_udemy/install/my_robot_interfaces/local/lib/python3.10/dist-packages/my_robot_interfaces-0.0.0-py3.10.egg-info
[7.133s] -- Installing: /home/joergen/ros2_udemy/install/my_robot_interfaces/local/lib/python3.10/dist-packages/my_robot_interfaces-0.0.0-py3.10.egg-info/dependency_links.txt
[7.133s] -- Installing: /home/joergen/ros2_udemy/install/my_robot_interfaces/local/lib/python3.10/dist-packages/my_robot_interfaces-0.0.0-py3.10.egg-info/SOURCES.txt
[7.133s] -- Installing: /home/joergen/ros2_udemy/install/my_robot_interfaces/local/lib/python3.10/dist-packages/my_robot_interfaces-0.0.0-py3.10.egg-info/PKG-INFO
[7.133s] -- Installing: /home/joergen/ros2_udemy/install/my_robot_interfaces/local/lib/python3.10/dist-packages/my_robot_interfaces-0.0.0-py3.10.egg-info/top_level.txt
[7.133s] -- Up-to-date: /home/joergen/ros2_udemy/install/my_robot_interfaces/local/lib/python3.10/dist-packages/my_robot_interfaces
[7.133s] -- Installing: /home/joergen/ros2_udemy/install/my_robot_interfaces/local/lib/python3.10/dist-packages/my_robot_interfaces/_my_robot_interfaces_s.ep.rosidl_typesupport_c.c
[7.133s] -- Up-to-date: /home/joergen/ros2_udemy/install/my_robot_interfaces/local/lib/python3.10/dist-packages/my_robot_interfaces/msg
[7.134s] -- Installing: /home/joergen/ros2_udemy/install/my_robot_interfaces/local/lib/python3.10/dist-packages/my_robot_interfaces/msg/_hardware_status.py
[7.134s] -- Installing: /home/joergen/ros2_udemy/install/my_robot_interfaces/local/lib/python3.10/dist-packages/my_robot_interfaces/msg/__init__.py
[7.134s] -- Installing: /home/joergen/ros2_udemy/install/my_robot_interfaces/local/lib/python3.10/dist-packages/my_robot_interfaces/msg/_led_states_s.c
[7.134s] -- Installing: /home/joergen/ros2_udemy/install/my_robot_interfaces/local/lib/python3.10/dist-packages/my_robot_interfaces/msg/_hardware_status_s.c
[7.135s] -- Installing: /home/joergen/ros2_udemy/install/my_robot_interfaces/local/lib/python3.10/dist-packages/my_robot_interfaces/msg/_led_states.py
[7.135s] -- Installing: /home/joergen/ros2_udemy/install/my_robot_interfaces/local/lib/python3.10/dist-packages/my_robot_interfaces/my_robot_interfaces_s__rosidl_typesupport_c.cpython-310-x86_64-linux-gnu.so
[7.135s] -- Installing: /home/joergen/ros2_udemy/install/my_robot_interfaces/local/lib/python3.10/dist-packages/my_robot_interfaces/my_robot_interfaces_s__rosidl_typesupport_fastrtps_c.cpython-310-x86_64-linux-gnu.so
[7.135s] -- Up-to-date: /home/joergen/ros2_udemy/install/my_robot_interfaces/local/lib/python3.10/dist-packages/my_robot_interfaces/srv
[7.135s] -- Installing: /home/joergen/ros2_udemy/install/my_robot_interfaces/local/lib/python3.10/dist-packages/my_robot_interfaces/srv/_compute_rectangle_area_s.c
[7.135s] -- Installing: /home/joergen/ros2_udemy/install/my_robot_interfaces/local/lib/python3.10/dist-packages/my_robot_interfaces/srv/_set_led.py
[7.136s] -- Installing: /home/joergen/ros2_udemy/install/my_robot_interfaces/local/lib/python3.10/dist-packages/my_robot_interfaces/srv/__init__.py
[7.136s] -- Installing: /home/joergen/ros2_udemy/install/my_robot_interfaces/local/lib/python3.10/dist-packages/my_robot_interfaces/srv/_compute_rectangle_area.py
[7.136s] -- Installing: /home/joergen/ros2_udemy/install/my_robot_interfaces/local/lib/python3.10/dist-packages/my_robot_interfaces/srv/_set_led_s.c
[7.136s] -- Installing: /home/joergen/ros2_udemy/install/my_robot_interfaces/local/lib/python3.10/dist-packages/my_robot_interfaces/libmy_robot_interfaces__rosidl_generator_py.so
[7.136s] -- Installing: /home/joergen/ros2_udemy/install/my_robot_interfaces/local/lib/python3.10/dist-packages/my_robot_interfaces/my_robot_interfaces_s__rosidl_typesupport_introspection_c.cpython-310-x86_64-linux-gnu.so
[7.136s] -- Installing: /home/joergen/ros2_udemy/install/my_robot_interfaces/local/lib/python3.10/dist-packages/my_robot_interfaces/__init__.py
[7.137s] -- Installing: /home/joergen/ros2_udemy/install/my_robot_interfaces/local/lib/python3.10/dist-packages/my_robot_interfaces/_my_robot_interfaces_s.ep.rosidl_typesupport_fastrtps_c.c
[7.137s] -- Installing: /home/joergen/ros2_udemy/install/my_robot_interfaces/local/lib/python3.10/dist-packages/my_robot_interfaces/_my_robot_interfaces_s.ep.rosidl_typesupport_introspection_c.c
[7.201s] Listing '/home/joergen/ros2_udemy/install/my_robot_interfaces/local/lib/python3.10/dist-packages/my_robot_interfaces'...
[7.201s] Compiling '/home/joergen/ros2_udemy/install/my_robot_interfaces/local/lib/python3.10/dist-packages/my_robot_interfaces/__init__.py'...
[7.201s] Listing '/home/joergen/ros2_udemy/install/my_robot_interfaces/local/lib/python3.10/dist-packages/my_robot_interfaces/msg'...
[7.201s] Compiling '/home/joergen/ros2_udemy/install/my_robot_interfaces/local/lib/python3.10/dist-packages/my_robot_interfaces/msg/__init__.py'...
[7.202s] Compiling '/home/joergen/ros2_udemy/install/my_robot_interfaces/local/lib/python3.10/dist-packages/my_robot_interfaces/msg/_hardware_status.py'...
[7.202s] Compiling '/home/joergen/ros2_udemy/install/my_robot_interfaces/local/lib/python3.10/dist-packages/my_robot_interfaces/msg/_led_states.py'...
[7.202s] Listing '/home/joergen/ros2_udemy/install/my_robot_interfaces/local/lib/python3.10/dist-packages/my_robot_interfaces/srv'...
[7.202s] Compiling '/home/joergen/ros2_udemy/install/my_robot_interfaces/local/lib/python3.10/dist-packages/my_robot_interfaces/srv/__init__.py'...
[7.203s] Compiling '/home/joergen/ros2_udemy/install/my_robot_interfaces/local/lib/python3.10/dist-packages/my_robot_interfaces/srv/_compute_rectangle_area.py'...
[7.203s] Compiling '/home/joergen/ros2_udemy/install/my_robot_interfaces/local/lib/python3.10/dist-packages/my_robot_interfaces/srv/_set_led.py'...
[7.210s] -- Installing: /home/joergen/ros2_udemy/install/my_robot_interfaces/local/lib/python3.10/dist-packages/my_robot_interfaces/my_robot_interfaces_s__rosidl_typesupport_fastrtps_c.cpython-310-x86_64-linux-gnu.so
[7.211s] -- Set runtime path of "/home/joergen/ros2_udemy/install/my_robot_interfaces/local/lib/python3.10/dist-packages/my_robot_interfaces/my_robot_interfaces_s__rosidl_typesupport_fastrtps_c.cpython-310-x86_64-linux-gnu.so" to ""
[7.212s] -- Installing: /home/joergen/ros2_udemy/install/my_robot_interfaces/local/lib/python3.10/dist-packages/my_robot_interfaces/my_robot_interfaces_s__rosidl_typesupport_introspection_c.cpython-310-x86_64-linux-gnu.so
[7.212s] -- Set runtime path of "/home/joergen/ros2_udemy/install/my_robot_interfaces/local/lib/python3.10/dist-packages/my_robot_interfaces/my_robot_interfaces_s__rosidl_typesupport_introspection_c.cpython-310-x86_64-linux-gnu.so" to ""
[7.213s] -- Installing: /home/joergen/ros2_udemy/install/my_robot_interfaces/local/lib/python3.10/dist-packages/my_robot_interfaces/my_robot_interfaces_s__rosidl_typesupport_c.cpython-310-x86_64-linux-gnu.so
[7.214s] -- Set runtime path of "/home/joergen/ros2_udemy/install/my_robot_interfaces/local/lib/python3.10/dist-packages/my_robot_interfaces/my_robot_interfaces_s__rosidl_typesupport_c.cpython-310-x86_64-linux-gnu.so" to ""
[7.215s] -- Installing: /home/joergen/ros2_udemy/install/my_robot_interfaces/lib/libmy_robot_interfaces__rosidl_generator_py.so
[7.216s] -- Set runtime path of "/home/joergen/ros2_udemy/install/my_robot_interfaces/lib/libmy_robot_interfaces__rosidl_generator_py.so" to ""
[7.216s] -- Up-to-date: /home/joergen/ros2_udemy/install/my_robot_interfaces/share/my_robot_interfaces/msg/HardwareStatus.idl
[7.216s] -- Up-to-date: /home/joergen/ros2_udemy/install/my_robot_interfaces/share/my_robot_interfaces/srv/ComputeRectangleArea.idl
[7.217s] -- Installing: /home/joergen/ros2_udemy/install/my_robot_interfaces/share/my_robot_interfaces/msg/LedStates.idl
[7.217s] -- Installing: /home/joergen/ros2_udemy/install/my_robot_interfaces/share/my_robot_interfaces/srv/SetLed.idl
[7.217s] -- Up-to-date: /home/joergen/ros2_udemy/install/my_robot_interfaces/share/my_robot_interfaces/msg/HardwareStatus.msg
[7.218s] -- Installing: /home/joergen/ros2_udemy/install/my_robot_interfaces/share/my_robot_interfaces/srv/ComputeRectangleArea.srv
[7.218s] -- Up-to-date: /home/joergen/ros2_udemy/install/my_robot_interfaces/share/my_robot_interfaces/srv/ComputeRectangleArea_Request.msg
[7.218s] -- Up-to-date: /home/joergen/ros2_udemy/install/my_robot_interfaces/share/my_robot_interfaces/srv/ComputeRectangleArea_Response.msg
[7.218s] -- Installing: /home/joergen/ros2_udemy/install/my_robot_interfaces/share/my_robot_interfaces/msg/LedStates.msg
[7.218s] -- Installing: /home/joergen/ros2_udemy/install/my_robot_interfaces/share/my_robot_interfaces/srv/SetLed.srv
[7.219s] -- Installing: /home/joergen/ros2_udemy/install/my_robot_interfaces/share/my_robot_interfaces/srv/SetLed_Request.msg
[7.219s] -- Installing: /home/joergen/ros2_udemy/install/my_robot_interfaces/share/my_robot_interfaces/srv/SetLed_Response.msg
[7.220s] -- Up-to-date: /home/joergen/ros2_udemy/install/my_robot_interfaces/share/ament_index/resource_index/package_run_dependencies/my_robot_interfaces
[7.220s] -- Installing: /home/joergen/ros2_udemy/install/my_robot_interfaces/share/ament_index/resource_index/parent_prefix_path/my_robot_interfaces
[7.221s] -- Up-to-date: /home/joergen/ros2_udemy/install/my_robot_interfaces/share/my_robot_interfaces/environment/ament_prefix_path.sh
[7.221s] -- Installing: /home/joergen/ros2_udemy/install/my_robot_interfaces/share/my_robot_interfaces/environment/ament_prefix_path.dsv
[7.221s] -- Up-to-date: /home/joergen/ros2_udemy/install/my_robot_interfaces/share/my_robot_interfaces/environment/path.sh
[7.222s] -- Installing: /home/joergen/ros2_udemy/install/my_robot_interfaces/share/my_robot_interfaces/environment/path.dsv
[7.222s] -- Up-to-date: /home/joergen/ros2_udemy/install/my_robot_interfaces/share/my_robot_interfaces/local_setup.bash
[7.222s] -- Up-to-date: /home/joergen/ros2_udemy/install/my_robot_interfaces/share/my_robot_interfaces/local_setup.sh
[7.223s] -- Up-to-date: /home/joergen/ros2_udemy/install/my_robot_interfaces/share/my_robot_interfaces/local_setup.zsh
[7.223s] -- Installing: /home/joergen/ros2_udemy/install/my_robot_interfaces/share/my_robot_interfaces/local_setup.dsv
[7.223s] -- Installing: /home/joergen/ros2_udemy/install/my_robot_interfaces/share/my_robot_interfaces/package.dsv
[7.223s] -- Up-to-date: /home/joergen/ros2_udemy/install/my_robot_interfaces/share/ament_index/resource_index/packages/my_robot_interfaces
[7.224s] -- Up-to-date: /home/joergen/ros2_udemy/install/my_robot_interfaces/share/my_robot_interfaces/cmake/export_my_robot_interfaces__rosidl_generator_cExport.cmake
[7.224s] -- Up-to-date: /home/joergen/ros2_udemy/install/my_robot_interfaces/share/my_robot_interfaces/cmake/export_my_robot_interfaces__rosidl_generator_cExport-noconfig.cmake
[7.224s] -- Up-to-date: /home/joergen/ros2_udemy/install/my_robot_interfaces/share/my_robot_interfaces/cmake/export_my_robot_interfaces__rosidl_typesupport_fastrtps_cExport.cmake
[7.225s] -- Up-to-date: /home/joergen/ros2_udemy/install/my_robot_interfaces/share/my_robot_interfaces/cmake/export_my_robot_interfaces__rosidl_typesupport_fastrtps_cExport-noconfig.cmake
[7.225s] -- Up-to-date: /home/joergen/ros2_udemy/install/my_robot_interfaces/share/my_robot_interfaces/cmake/my_robot_interfaces__rosidl_typesupport_introspection_cExport.cmake
[7.225s] -- Up-to-date: /home/joergen/ros2_udemy/install/my_robot_interfaces/share/my_robot_interfaces/cmake/my_robot_interfaces__rosidl_typesupport_introspection_cExport-noconfig.cmake
[7.226s] -- Up-to-date: /home/joergen/ros2_udemy/install/my_robot_interfaces/share/my_robot_interfaces/cmake/my_robot_interfaces__rosidl_typesupport_cExport.cmake
[7.226s] -- Up-to-date: /home/joergen/ros2_udemy/install/my_robot_interfaces/share/my_robot_interfaces/cmake/my_robot_interfaces__rosidl_typesupport_cExport-noconfig.cmake
[7.226s] -- Up-to-date: /home/joergen/ros2_udemy/install/my_robot_interfaces/share/my_robot_interfaces/cmake/export_my_robot_interfaces__rosidl_generator_cppExport.cmake
[7.227s] -- Up-to-date: /home/joergen/ros2_udemy/install/my_robot_interfaces/share/my_robot_interfaces/cmake/export_my_robot_interfaces__rosidl_typesupport_fastrtps_cppExport.cmake
[7.227s] -- Up-to-date: /home/joergen/ros2_udemy/install/my_robot_interfaces/share/my_robot_interfaces/cmake/export_my_robot_interfaces__rosidl_typesupport_fastrtps_cppExport-noconfig.cmake
[7.227s] -- Up-to-date: /home/joergen/ros2_udemy/install/my_robot_interfaces/share/my_robot_interfaces/cmake/my_robot_interfaces__rosidl_typesupport_introspection_cppExport.cmake
[7.228s] -- Up-to-date: /home/joergen/ros2_udemy/install/my_robot_interfaces/share/my_robot_interfaces/cmake/my_robot_interfaces__rosidl_typesupport_introspection_cppExport-noconfig.cmake
[7.228s] -- Up-to-date: /home/joergen/ros2_udemy/install/my_robot_interfaces/share/my_robot_interfaces/cmake/my_robot_interfaces__rosidl_typesupport_cppExport.cmake
[7.228s] -- Up-to-date: /home/joergen/ros2_udemy/install/my_robot_interfaces/share/my_robot_interfaces/cmake/my_robot_interfaces__rosidl_typesupport_cppExport-noconfig.cmake
[7.229s] -- Up-to-date: /home/joergen/ros2_udemy/install/my_robot_interfaces/share/my_robot_interfaces/cmake/export_my_robot_interfaces__rosidl_generator_pyExport.cmake
[7.229s] -- Up-to-date: /home/joergen/ros2_udemy/install/my_robot_interfaces/share/my_robot_interfaces/cmake/export_my_robot_interfaces__rosidl_generator_pyExport-noconfig.cmake
[7.229s] -- Installing: /home/joergen/ros2_udemy/install/my_robot_interfaces/share/my_robot_interfaces/cmake/rosidl_cmake-extras.cmake
[7.229s] -- Up-to-date: /home/joergen/ros2_udemy/install/my_robot_interfaces/share/my_robot_interfaces/cmake/ament_cmake_export_include_directories-extras.cmake
[7.229s] -- Up-to-date: /home/joergen/ros2_udemy/install/my_robot_interfaces/share/my_robot_interfaces/cmake/ament_cmake_export_libraries-extras.cmake
[7.229s] -- Up-to-date: /home/joergen/ros2_udemy/install/my_robot_interfaces/share/my_robot_interfaces/cmake/ament_cmake_export_targets-extras.cmake
[7.230s] -- Up-to-date: /home/joergen/ros2_udemy/install/my_robot_interfaces/share/my_robot_interfaces/cmake/rosidl_cmake_export_typesupport_targets-extras.cmake
[7.230s] -- Up-to-date: /home/joergen/ros2_udemy/install/my_robot_interfaces/share/my_robot_interfaces/cmake/ament_cmake_export_dependencies-extras.cmake
[7.230s] -- Up-to-date: /home/joergen/ros2_udemy/install/my_robot_interfaces/share/my_robot_interfaces/cmake/rosidl_cmake_export_typesupport_libraries-extras.cmake
[7.230s] -- Up-to-date: /home/joergen/ros2_udemy/install/my_robot_interfaces/share/my_robot_interfaces/cmake/my_robot_interfacesConfig.cmake
[7.230s] -- Up-to-date: /home/joergen/ros2_udemy/install/my_robot_interfaces/share/my_robot_interfaces/cmake/my_robot_interfacesConfig-version.cmake
[7.230s] -- Up-to-date: /home/joergen/ros2_udemy/install/my_robot_interfaces/share/my_robot_interfaces/package.xml
[7.238s] Invoked command in '/home/joergen/ros2_udemy/build/my_robot_interfaces' returned '0': CMAKE_PREFIX_PATH=${CMAKE_PREFIX_PATH}:/home/joergen/ros2_udemy/install/my_py_pkg:/opt/ros/humble /home/joergen/.local/bin/cmake --install /home/joergen/ros2_udemy/build/my_robot_interfaces
