[0.569s] DEBUG:colcon:Command line arguments: ['/usr/bin/colcon', 'list', '-p', '--base-paths', '/home/joergen/ros2_udemy']
[0.570s] DEBUG:colcon:Parsed command line arguments: Namespace(log_base=None, log_level=None, verb_name='list', build_base='build', ignore_user_meta=False, metas=['./colcon.meta'], base_paths=['/home/joergen/ros2_udemy'], packages_ignore=None, packages_ignore_regex=None, paths=None, packages_up_to=None, packages_up_to_regex=None, packages_above=None, packages_above_and_dependencies=None, packages_above_depth=None, packages_select_by_dep=None, packages_skip_by_dep=None, packages_skip_up_to=None, packages_select_build_failed=False, packages_skip_build_finished=False, packages_select_test_failures=False, packages_skip_test_passed=False, packages_select=None, packages_skip=None, packages_select_regex=None, packages_skip_regex=None, packages_start=None, packages_end=None, allow_overriding=[], topological_order=False, names_only=False, paths_only=True, topological_graph=False, topological_graph_dot=False, topological_graph_density=False, topological_graph_legend=False, topological_graph_dot_cluster=False, topological_graph_dot_include_skipped=False, verb_parser=<colcon_defaults.argument_parser.defaults.DefaultArgumentsDecorator object at 0x7fd2acdb6e90>, verb_extension=<colcon_package_information.verb.list.ListVerb object at 0x7fd2acfb1ba0>, main=<bound method ListVerb.main of <colcon_package_information.verb.list.ListVerb object at 0x7fd2acfb1ba0>>)
[0.643s] Level 1:colcon.colcon_core.package_discovery:discover_packages(colcon_meta) check parameters
[0.643s] Level 1:colcon.colcon_core.package_discovery:discover_packages(recursive) check parameters
[0.643s] Level 1:colcon.colcon_core.package_discovery:discover_packages(ignore) check parameters
[0.643s] Level 1:colcon.colcon_core.package_discovery:discover_packages(path) check parameters
[0.643s] Level 1:colcon.colcon_core.package_discovery:discover_packages(recursive) discover
[0.643s] INFO:colcon.colcon_core.package_discovery:Crawling recursively for packages in '/home/joergen/ros2_udemy'
[0.643s] Level 1:colcon.colcon_core.package_identification:_identify(/home/joergen/ros2_udemy) by extensions ['ignore', 'ignore_ament_install']
[0.643s] Level 1:colcon.colcon_core.package_identification:_identify(/home/joergen/ros2_udemy) by extension 'ignore'
[0.643s] Level 1:colcon.colcon_core.package_identification:_identify(/home/joergen/ros2_udemy) by extension 'ignore_ament_install'
[0.643s] Level 1:colcon.colcon_core.package_identification:_identify(/home/joergen/ros2_udemy) by extensions ['colcon_pkg']
[0.643s] Level 1:colcon.colcon_core.package_identification:_identify(/home/joergen/ros2_udemy) by extension 'colcon_pkg'
[0.643s] Level 1:colcon.colcon_core.package_identification:_identify(/home/joergen/ros2_udemy) by extensions ['colcon_meta']
[0.643s] Level 1:colcon.colcon_core.package_identification:_identify(/home/joergen/ros2_udemy) by extension 'colcon_meta'
[0.643s] Level 1:colcon.colcon_core.package_identification:_identify(/home/joergen/ros2_udemy) by extensions ['ros']
[0.644s] Level 1:colcon.colcon_core.package_identification:_identify(/home/joergen/ros2_udemy) by extension 'ros'
[0.660s] Level 1:colcon.colcon_core.package_identification:_identify(/home/joergen/ros2_udemy) by extensions ['cmake', 'python']
[0.660s] Level 1:colcon.colcon_core.package_identification:_identify(/home/joergen/ros2_udemy) by extension 'cmake'
[0.660s] Level 1:colcon.colcon_core.package_identification:_identify(/home/joergen/ros2_udemy) by extension 'python'
[0.661s] Level 1:colcon.colcon_core.package_identification:_identify(/home/joergen/ros2_udemy) by extensions ['python_setup_py']
[0.661s] Level 1:colcon.colcon_core.package_identification:_identify(/home/joergen/ros2_udemy) by extension 'python_setup_py'
[0.661s] Level 1:colcon.colcon_core.package_identification:_identify(/home/joergen/ros2_udemy/build) by extensions ['ignore', 'ignore_ament_install']
[0.661s] Level 1:colcon.colcon_core.package_identification:_identify(/home/joergen/ros2_udemy/build) by extension 'ignore'
[0.661s] Level 1:colcon.colcon_core.package_identification:_identify(/home/joergen/ros2_udemy/build) ignored
[0.661s] Level 1:colcon.colcon_core.package_identification:_identify(/home/joergen/ros2_udemy/install) by extensions ['ignore', 'ignore_ament_install']
[0.661s] Level 1:colcon.colcon_core.package_identification:_identify(/home/joergen/ros2_udemy/install) by extension 'ignore'
[0.661s] Level 1:colcon.colcon_core.package_identification:_identify(/home/joergen/ros2_udemy/install) ignored
[0.662s] Level 1:colcon.colcon_core.package_identification:_identify(/home/joergen/ros2_udemy/log) by extensions ['ignore', 'ignore_ament_install']
[0.662s] Level 1:colcon.colcon_core.package_identification:_identify(/home/joergen/ros2_udemy/log) by extension 'ignore'
[0.662s] Level 1:colcon.colcon_core.package_identification:_identify(/home/joergen/ros2_udemy/log) ignored
[0.662s] Level 1:colcon.colcon_core.package_identification:_identify(/home/joergen/ros2_udemy/src) by extensions ['ignore', 'ignore_ament_install']
[0.662s] Level 1:colcon.colcon_core.package_identification:_identify(/home/joergen/ros2_udemy/src) by extension 'ignore'
[0.662s] Level 1:colcon.colcon_core.package_identification:_identify(/home/joergen/ros2_udemy/src) by extension 'ignore_ament_install'
[0.662s] Level 1:colcon.colcon_core.package_identification:_identify(/home/joergen/ros2_udemy/src) by extensions ['colcon_pkg']
[0.662s] Level 1:colcon.colcon_core.package_identification:_identify(/home/joergen/ros2_udemy/src) by extension 'colcon_pkg'
[0.662s] Level 1:colcon.colcon_core.package_identification:_identify(/home/joergen/ros2_udemy/src) by extensions ['colcon_meta']
[0.662s] Level 1:colcon.colcon_core.package_identification:_identify(/home/joergen/ros2_udemy/src) by extension 'colcon_meta'
[0.662s] Level 1:colcon.colcon_core.package_identification:_identify(/home/joergen/ros2_udemy/src) by extensions ['ros']
[0.662s] Level 1:colcon.colcon_core.package_identification:_identify(/home/joergen/ros2_udemy/src) by extension 'ros'
[0.662s] Level 1:colcon.colcon_core.package_identification:_identify(/home/joergen/ros2_udemy/src) by extensions ['cmake', 'python']
[0.662s] Level 1:colcon.colcon_core.package_identification:_identify(/home/joergen/ros2_udemy/src) by extension 'cmake'
[0.663s] Level 1:colcon.colcon_core.package_identification:_identify(/home/joergen/ros2_udemy/src) by extension 'python'
[0.663s] Level 1:colcon.colcon_core.package_identification:_identify(/home/joergen/ros2_udemy/src) by extensions ['python_setup_py']
[0.663s] Level 1:colcon.colcon_core.package_identification:_identify(/home/joergen/ros2_udemy/src) by extension 'python_setup_py'
[0.663s] Level 1:colcon.colcon_core.package_identification:_identify(/home/joergen/ros2_udemy/src/my_cpp_pkg) by extensions ['ignore', 'ignore_ament_install']
[0.663s] Level 1:colcon.colcon_core.package_identification:_identify(/home/joergen/ros2_udemy/src/my_cpp_pkg) by extension 'ignore'
[0.663s] Level 1:colcon.colcon_core.package_identification:_identify(/home/joergen/ros2_udemy/src/my_cpp_pkg) by extension 'ignore_ament_install'
[0.663s] Level 1:colcon.colcon_core.package_identification:_identify(/home/joergen/ros2_udemy/src/my_cpp_pkg) by extensions ['colcon_pkg']
[0.663s] Level 1:colcon.colcon_core.package_identification:_identify(/home/joergen/ros2_udemy/src/my_cpp_pkg) by extension 'colcon_pkg'
[0.663s] Level 1:colcon.colcon_core.package_identification:_identify(/home/joergen/ros2_udemy/src/my_cpp_pkg) by extensions ['colcon_meta']
[0.663s] Level 1:colcon.colcon_core.package_identification:_identify(/home/joergen/ros2_udemy/src/my_cpp_pkg) by extension 'colcon_meta'
[0.663s] Level 1:colcon.colcon_core.package_identification:_identify(/home/joergen/ros2_udemy/src/my_cpp_pkg) by extensions ['ros']
[0.663s] Level 1:colcon.colcon_core.package_identification:_identify(/home/joergen/ros2_udemy/src/my_cpp_pkg) by extension 'ros'
[0.667s] DEBUG:colcon.colcon_core.package_identification:Package '/home/joergen/ros2_udemy/src/my_cpp_pkg' with type 'ros.ament_cmake' and name 'my_cpp_pkg'
[0.667s] Level 1:colcon.colcon_core.package_identification:_identify(/home/joergen/ros2_udemy/src/my_py_pkg) by extensions ['ignore', 'ignore_ament_install']
[0.667s] Level 1:colcon.colcon_core.package_identification:_identify(/home/joergen/ros2_udemy/src/my_py_pkg) by extension 'ignore'
[0.667s] Level 1:colcon.colcon_core.package_identification:_identify(/home/joergen/ros2_udemy/src/my_py_pkg) by extension 'ignore_ament_install'
[0.668s] Level 1:colcon.colcon_core.package_identification:_identify(/home/joergen/ros2_udemy/src/my_py_pkg) by extensions ['colcon_pkg']
[0.668s] Level 1:colcon.colcon_core.package_identification:_identify(/home/joergen/ros2_udemy/src/my_py_pkg) by extension 'colcon_pkg'
[0.668s] Level 1:colcon.colcon_core.package_identification:_identify(/home/joergen/ros2_udemy/src/my_py_pkg) by extensions ['colcon_meta']
[0.668s] Level 1:colcon.colcon_core.package_identification:_identify(/home/joergen/ros2_udemy/src/my_py_pkg) by extension 'colcon_meta'
[0.668s] Level 1:colcon.colcon_core.package_identification:_identify(/home/joergen/ros2_udemy/src/my_py_pkg) by extensions ['ros']
[0.668s] Level 1:colcon.colcon_core.package_identification:_identify(/home/joergen/ros2_udemy/src/my_py_pkg) by extension 'ros'
[0.669s] DEBUG:colcon.colcon_core.package_identification:Package '/home/joergen/ros2_udemy/src/my_py_pkg' with type 'ros.ament_python' and name 'my_py_pkg'
[0.669s] Level 1:colcon.colcon_core.package_discovery:discover_packages(recursive) using defaults
