[1.279s] Invoking command in '/home/joergen/ros2_udemy/build/my_py_pkg': PYTHONPATH=/home/joergen/ros2_udemy/build/my_py_pkg/prefix_override:/home/joergen/ros2_udemy/install/my_py_pkg/lib/python3.10/site-packages:${PYTHONPATH} /usr/bin/python3 setup.py develop --editable --build-directory /home/joergen/ros2_udemy/build/my_py_pkg/build --no-deps install_data
[1.802s] running develop
[2.129s] running egg_info
[2.129s] writing my_py_pkg.egg-info/PKG-INFO
[2.130s] writing dependency_links to my_py_pkg.egg-info/dependency_links.txt
[2.130s] writing entry points to my_py_pkg.egg-info/entry_points.txt
[2.131s] writing requirements to my_py_pkg.egg-info/requires.txt
[2.131s] writing top-level names to my_py_pkg.egg-info/top_level.txt
[2.136s] reading manifest file 'my_py_pkg.egg-info/SOURCES.txt'
[2.138s] writing manifest file 'my_py_pkg.egg-info/SOURCES.txt'
[2.142s] running build_ext
[2.142s] Creating /home/joergen/ros2_udemy/install/my_py_pkg/lib/python3.10/site-packages/my-py-pkg.egg-link (link to .)
[2.144s] Installing add_two_ints_client script to /home/joergen/ros2_udemy/install/my_py_pkg/lib/my_py_pkg
[2.144s] Installing add_two_ints_client_no_oop script to /home/joergen/ros2_udemy/install/my_py_pkg/lib/my_py_pkg
[2.144s] Installing add_two_ints_server script to /home/joergen/ros2_udemy/install/my_py_pkg/lib/my_py_pkg
[2.145s] Installing hw_status_publisher script to /home/joergen/ros2_udemy/install/my_py_pkg/lib/my_py_pkg
[2.145s] Installing led_panel_service script to /home/joergen/ros2_udemy/install/my_py_pkg/lib/my_py_pkg
[2.145s] Installing number_counter script to /home/joergen/ros2_udemy/install/my_py_pkg/lib/my_py_pkg
[2.146s] Installing number_publisher script to /home/joergen/ros2_udemy/install/my_py_pkg/lib/my_py_pkg
[2.146s] Installing py_node script to /home/joergen/ros2_udemy/install/my_py_pkg/lib/my_py_pkg
[2.146s] Installing robot_news_station script to /home/joergen/ros2_udemy/install/my_py_pkg/lib/my_py_pkg
[2.147s] Installing smartphone script to /home/joergen/ros2_udemy/install/my_py_pkg/lib/my_py_pkg
[2.148s] 
[2.150s] Installed /home/joergen/ros2_udemy/build/my_py_pkg
[2.150s] running install_data
[2.201s] Invoked command in '/home/joergen/ros2_udemy/build/my_py_pkg' returned '0': PYTHONPATH=/home/joergen/ros2_udemy/build/my_py_pkg/prefix_override:/home/joergen/ros2_udemy/install/my_py_pkg/lib/python3.10/site-packages:${PYTHONPATH} /usr/bin/python3 setup.py develop --editable --build-directory /home/joergen/ros2_udemy/build/my_py_pkg/build --no-deps install_data
